[0.148s] DEBUG:colcon:Command line arguments: ['/usr/bin/colcon', 'build']
[0.148s] DEBUG:colcon:Parsed command line arguments: Namespace(log_base=None, log_level=None, verb_name='build', build_base='build', install_base='install', merge_install=False, symlink_install=False, test_result_base=None, continue_on_error=False, executor='parallel', parallel_workers=8, event_handlers=None, ignore_user_meta=False, metas=['./colcon.meta'], base_paths=['.'], packages_ignore=None, packages_ignore_regex=None, paths=None, packages_up_to=None, packages_up_to_regex=None, packages_above=None, packages_above_and_dependencies=None, packages_above_depth=None, packages_select_by_dep=None, packages_skip_by_dep=None, packages_skip_up_to=None, packages_select_build_failed=False, packages_skip_build_finished=False, packages_select_test_failures=False, packages_skip_test_passed=False, packages_select=None, packages_skip=None, packages_select_regex=None, packages_skip_regex=None, packages_start=None, packages_end=None, cmake_args=None, cmake_target=None, cmake_target_skip_unavailable=False, cmake_clean_cache=False, cmake_clean_first=False, cmake_force_configure=False, ament_cmake_args=None, catkin_cmake_args=None, catkin_skip_building_tests=False, verb_parser=<colcon_defaults.argument_parser.defaults.DefaultArgumentsDecorator object at 0x7fbbae6f50>, verb_extension=<colcon_core.verb.build.BuildVerb object at 0x7fbbae6b00>, main=<bound method BuildVerb.main of <colcon_core.verb.build.BuildVerb object at 0x7fbbae6b00>>)
[0.342s] Level 1:colcon.colcon_core.package_discovery:discover_packages(colcon_meta) check parameters
[0.342s] Level 1:colcon.colcon_core.package_discovery:discover_packages(recursive) check parameters
[0.342s] Level 1:colcon.colcon_core.package_discovery:discover_packages(ignore) check parameters
[0.342s] Level 1:colcon.colcon_core.package_discovery:discover_packages(path) check parameters
[0.342s] Level 1:colcon.colcon_core.package_discovery:discover_packages(colcon_meta) discover
[0.343s] Level 1:colcon.colcon_core.package_discovery:discover_packages(recursive) discover
[0.343s] INFO:colcon.colcon_core.package_discovery:Crawling recursively for packages in '/home/orangepi/dm_joint_control'
[0.343s] Level 1:colcon.colcon_core.package_identification:_identify(.) by extensions ['ignore', 'ignore_ament_install']
[0.343s] Level 1:colcon.colcon_core.package_identification:_identify(.) by extension 'ignore'
[0.343s] Level 1:colcon.colcon_core.package_identification:_identify(.) by extension 'ignore_ament_install'
[0.343s] Level 1:colcon.colcon_core.package_identification:_identify(.) by extensions ['colcon_pkg']
[0.343s] Level 1:colcon.colcon_core.package_identification:_identify(.) by extension 'colcon_pkg'
[0.343s] Level 1:colcon.colcon_core.package_identification:_identify(.) by extensions ['colcon_meta']
[0.343s] Level 1:colcon.colcon_core.package_identification:_identify(.) by extension 'colcon_meta'
[0.343s] Level 1:colcon.colcon_core.package_identification:_identify(.) by extensions ['ros']
[0.343s] Level 1:colcon.colcon_core.package_identification:_identify(.) by extension 'ros'
[0.364s] Level 1:colcon.colcon_core.package_identification:_identify(.) by extensions ['cmake', 'python']
[0.364s] Level 1:colcon.colcon_core.package_identification:_identify(.) by extension 'cmake'
[0.364s] Level 1:colcon.colcon_core.package_identification:_identify(.) by extension 'python'
[0.364s] Level 1:colcon.colcon_core.package_identification:_identify(.) by extensions ['python_setup_py']
[0.364s] Level 1:colcon.colcon_core.package_identification:_identify(.) by extension 'python_setup_py'
[0.365s] Level 1:colcon.colcon_core.package_identification:_identify(build) by extensions ['ignore', 'ignore_ament_install']
[0.365s] Level 1:colcon.colcon_core.package_identification:_identify(build) by extension 'ignore'
[0.365s] Level 1:colcon.colcon_core.package_identification:_identify(build) ignored
[0.365s] Level 1:colcon.colcon_core.package_identification:_identify(install) by extensions ['ignore', 'ignore_ament_install']
[0.365s] Level 1:colcon.colcon_core.package_identification:_identify(install) by extension 'ignore'
[0.365s] Level 1:colcon.colcon_core.package_identification:_identify(install) ignored
[0.365s] Level 1:colcon.colcon_core.package_identification:_identify(log) by extensions ['ignore', 'ignore_ament_install']
[0.365s] Level 1:colcon.colcon_core.package_identification:_identify(log) by extension 'ignore'
[0.365s] Level 1:colcon.colcon_core.package_identification:_identify(log) ignored
[0.366s] Level 1:colcon.colcon_core.package_identification:_identify(src) by extensions ['ignore', 'ignore_ament_install']
[0.366s] Level 1:colcon.colcon_core.package_identification:_identify(src) by extension 'ignore'
[0.366s] Level 1:colcon.colcon_core.package_identification:_identify(src) by extension 'ignore_ament_install'
[0.366s] Level 1:colcon.colcon_core.package_identification:_identify(src) by extensions ['colcon_pkg']
[0.366s] Level 1:colcon.colcon_core.package_identification:_identify(src) by extension 'colcon_pkg'
[0.366s] Level 1:colcon.colcon_core.package_identification:_identify(src) by extensions ['colcon_meta']
[0.366s] Level 1:colcon.colcon_core.package_identification:_identify(src) by extension 'colcon_meta'
[0.366s] Level 1:colcon.colcon_core.package_identification:_identify(src) by extensions ['ros']
[0.366s] Level 1:colcon.colcon_core.package_identification:_identify(src) by extension 'ros'
[0.366s] Level 1:colcon.colcon_core.package_identification:_identify(src) by extensions ['cmake', 'python']
[0.366s] Level 1:colcon.colcon_core.package_identification:_identify(src) by extension 'cmake'
[0.366s] Level 1:colcon.colcon_core.package_identification:_identify(src) by extension 'python'
[0.366s] Level 1:colcon.colcon_core.package_identification:_identify(src) by extensions ['python_setup_py']
[0.366s] Level 1:colcon.colcon_core.package_identification:_identify(src) by extension 'python_setup_py'
[0.366s] Level 1:colcon.colcon_core.package_identification:_identify(src/DM_USB_to_canfd) by extensions ['ignore', 'ignore_ament_install']
[0.366s] Level 1:colcon.colcon_core.package_identification:_identify(src/DM_USB_to_canfd) by extension 'ignore'
[0.366s] Level 1:colcon.colcon_core.package_identification:_identify(src/DM_USB_to_canfd) by extension 'ignore_ament_install'
[0.366s] Level 1:colcon.colcon_core.package_identification:_identify(src/DM_USB_to_canfd) by extensions ['colcon_pkg']
[0.366s] Level 1:colcon.colcon_core.package_identification:_identify(src/DM_USB_to_canfd) by extension 'colcon_pkg'
[0.367s] Level 1:colcon.colcon_core.package_identification:_identify(src/DM_USB_to_canfd) by extensions ['colcon_meta']
[0.367s] Level 1:colcon.colcon_core.package_identification:_identify(src/DM_USB_to_canfd) by extension 'colcon_meta'
[0.367s] Level 1:colcon.colcon_core.package_identification:_identify(src/DM_USB_to_canfd) by extensions ['ros']
[0.367s] Level 1:colcon.colcon_core.package_identification:_identify(src/DM_USB_to_canfd) by extension 'ros'
[0.367s] Level 1:colcon.colcon_core.package_identification:_identify(src/DM_USB_to_canfd) by extensions ['cmake', 'python']
[0.367s] Level 1:colcon.colcon_core.package_identification:_identify(src/DM_USB_to_canfd) by extension 'cmake'
[0.369s] Level 1:colcon.colcon_core.package_identification:_identify(src/DM_USB_to_canfd) by extension 'python'
[0.369s] DEBUG:colcon.colcon_core.package_identification:Package 'src/DM_USB_to_canfd' with type 'cmake' and name 'dm_main'
[0.369s] Level 1:colcon.colcon_core.package_identification:_identify(src/turret) by extensions ['ignore', 'ignore_ament_install']
[0.369s] Level 1:colcon.colcon_core.package_identification:_identify(src/turret) by extension 'ignore'
[0.369s] Level 1:colcon.colcon_core.package_identification:_identify(src/turret) by extension 'ignore_ament_install'
[0.369s] Level 1:colcon.colcon_core.package_identification:_identify(src/turret) by extensions ['colcon_pkg']
[0.369s] Level 1:colcon.colcon_core.package_identification:_identify(src/turret) by extension 'colcon_pkg'
[0.369s] Level 1:colcon.colcon_core.package_identification:_identify(src/turret) by extensions ['colcon_meta']
[0.369s] Level 1:colcon.colcon_core.package_identification:_identify(src/turret) by extension 'colcon_meta'
[0.369s] Level 1:colcon.colcon_core.package_identification:_identify(src/turret) by extensions ['ros']
[0.369s] Level 1:colcon.colcon_core.package_identification:_identify(src/turret) by extension 'ros'
[0.373s] DEBUG:colcon.colcon_core.package_identification:Package 'src/turret' with type 'ros.ament_cmake' and name 'turret'
[0.373s] Level 1:colcon.colcon_core.package_identification:_identify(src/u2can) by extensions ['ignore', 'ignore_ament_install']
[0.373s] Level 1:colcon.colcon_core.package_identification:_identify(src/u2can) by extension 'ignore'
[0.374s] Level 1:colcon.colcon_core.package_identification:_identify(src/u2can) by extension 'ignore_ament_install'
[0.374s] Level 1:colcon.colcon_core.package_identification:_identify(src/u2can) by extensions ['colcon_pkg']
[0.374s] Level 1:colcon.colcon_core.package_identification:_identify(src/u2can) by extension 'colcon_pkg'
[0.374s] Level 1:colcon.colcon_core.package_identification:_identify(src/u2can) by extensions ['colcon_meta']
[0.374s] Level 1:colcon.colcon_core.package_identification:_identify(src/u2can) by extension 'colcon_meta'
[0.374s] Level 1:colcon.colcon_core.package_identification:_identify(src/u2can) by extensions ['ros']
[0.374s] Level 1:colcon.colcon_core.package_identification:_identify(src/u2can) by extension 'ros'
[0.374s] Level 1:colcon.colcon_core.package_identification:_identify(src/u2can) by extensions ['cmake', 'python']
[0.374s] Level 1:colcon.colcon_core.package_identification:_identify(src/u2can) by extension 'cmake'
[0.377s] Level 1:colcon.colcon_core.package_identification:_identify(src/u2can) by extension 'python'
[0.377s] DEBUG:colcon.colcon_core.package_identification:Package 'src/u2can' with type 'cmake' and name 'dm_Linux_Drive'
[0.378s] Level 1:colcon.colcon_core.package_discovery:discover_packages(recursive) using defaults
[0.378s] Level 1:colcon.colcon_core.package_discovery:discover_packages(ignore) discover
[0.378s] Level 1:colcon.colcon_core.package_discovery:discover_packages(ignore) using defaults
[0.378s] Level 1:colcon.colcon_core.package_discovery:discover_packages(path) discover
[0.378s] Level 1:colcon.colcon_core.package_discovery:discover_packages(path) using defaults
[0.406s] Level 5:colcon.colcon_core.verb:set package 'dm_Linux_Drive' build argument 'cmake_args' from command line to 'None'
[0.406s] Level 5:colcon.colcon_core.verb:set package 'dm_Linux_Drive' build argument 'cmake_target' from command line to 'None'
[0.406s] Level 5:colcon.colcon_core.verb:set package 'dm_Linux_Drive' build argument 'cmake_target_skip_unavailable' from command line to 'False'
[0.406s] Level 5:colcon.colcon_core.verb:set package 'dm_Linux_Drive' build argument 'cmake_clean_cache' from command line to 'False'
[0.406s] Level 5:colcon.colcon_core.verb:set package 'dm_Linux_Drive' build argument 'cmake_clean_first' from command line to 'False'
[0.406s] Level 5:colcon.colcon_core.verb:set package 'dm_Linux_Drive' build argument 'cmake_force_configure' from command line to 'False'
[0.406s] Level 5:colcon.colcon_core.verb:set package 'dm_Linux_Drive' build argument 'ament_cmake_args' from command line to 'None'
[0.406s] Level 5:colcon.colcon_core.verb:set package 'dm_Linux_Drive' build argument 'catkin_cmake_args' from command line to 'None'
[0.406s] Level 5:colcon.colcon_core.verb:set package 'dm_Linux_Drive' build argument 'catkin_skip_building_tests' from command line to 'False'
[0.406s] DEBUG:colcon.colcon_core.verb:Building package 'dm_Linux_Drive' with the following arguments: {'ament_cmake_args': None, 'build_base': '/home/orangepi/dm_joint_control/build/dm_Linux_Drive', 'catkin_cmake_args': None, 'catkin_skip_building_tests': False, 'cmake_args': None, 'cmake_clean_cache': False, 'cmake_clean_first': False, 'cmake_force_configure': False, 'cmake_target': None, 'cmake_target_skip_unavailable': False, 'install_base': '/home/orangepi/dm_joint_control/install/dm_Linux_Drive', 'merge_install': False, 'path': '/home/orangepi/dm_joint_control/src/u2can', 'symlink_install': False, 'test_result_base': None}
[0.407s] Level 5:colcon.colcon_core.verb:set package 'dm_main' build argument 'cmake_args' from command line to 'None'
[0.407s] Level 5:colcon.colcon_core.verb:set package 'dm_main' build argument 'cmake_target' from command line to 'None'
[0.407s] Level 5:colcon.colcon_core.verb:set package 'dm_main' build argument 'cmake_target_skip_unavailable' from command line to 'False'
[0.407s] Level 5:colcon.colcon_core.verb:set package 'dm_main' build argument 'cmake_clean_cache' from command line to 'False'
[0.407s] Level 5:colcon.colcon_core.verb:set package 'dm_main' build argument 'cmake_clean_first' from command line to 'False'
[0.407s] Level 5:colcon.colcon_core.verb:set package 'dm_main' build argument 'cmake_force_configure' from command line to 'False'
[0.407s] Level 5:colcon.colcon_core.verb:set package 'dm_main' build argument 'ament_cmake_args' from command line to 'None'
[0.407s] Level 5:colcon.colcon_core.verb:set package 'dm_main' build argument 'catkin_cmake_args' from command line to 'None'
[0.407s] Level 5:colcon.colcon_core.verb:set package 'dm_main' build argument 'catkin_skip_building_tests' from command line to 'False'
[0.407s] DEBUG:colcon.colcon_core.verb:Building package 'dm_main' with the following arguments: {'ament_cmake_args': None, 'build_base': '/home/orangepi/dm_joint_control/build/dm_main', 'catkin_cmake_args': None, 'catkin_skip_building_tests': False, 'cmake_args': None, 'cmake_clean_cache': False, 'cmake_clean_first': False, 'cmake_force_configure': False, 'cmake_target': None, 'cmake_target_skip_unavailable': False, 'install_base': '/home/orangepi/dm_joint_control/install/dm_main', 'merge_install': False, 'path': '/home/orangepi/dm_joint_control/src/DM_USB_to_canfd', 'symlink_install': False, 'test_result_base': None}
[0.407s] Level 5:colcon.colcon_core.verb:set package 'turret' build argument 'cmake_args' from command line to 'None'
[0.407s] Level 5:colcon.colcon_core.verb:set package 'turret' build argument 'cmake_target' from command line to 'None'
[0.407s] Level 5:colcon.colcon_core.verb:set package 'turret' build argument 'cmake_target_skip_unavailable' from command line to 'False'
[0.408s] Level 5:colcon.colcon_core.verb:set package 'turret' build argument 'cmake_clean_cache' from command line to 'False'
[0.408s] Level 5:colcon.colcon_core.verb:set package 'turret' build argument 'cmake_clean_first' from command line to 'False'
[0.408s] Level 5:colcon.colcon_core.verb:set package 'turret' build argument 'cmake_force_configure' from command line to 'False'
[0.408s] Level 5:colcon.colcon_core.verb:set package 'turret' build argument 'ament_cmake_args' from command line to 'None'
[0.408s] Level 5:colcon.colcon_core.verb:set package 'turret' build argument 'catkin_cmake_args' from command line to 'None'
[0.408s] Level 5:colcon.colcon_core.verb:set package 'turret' build argument 'catkin_skip_building_tests' from command line to 'False'
[0.408s] DEBUG:colcon.colcon_core.verb:Building package 'turret' with the following arguments: {'ament_cmake_args': None, 'build_base': '/home/orangepi/dm_joint_control/build/turret', 'catkin_cmake_args': None, 'catkin_skip_building_tests': False, 'cmake_args': None, 'cmake_clean_cache': False, 'cmake_clean_first': False, 'cmake_force_configure': False, 'cmake_target': None, 'cmake_target_skip_unavailable': False, 'install_base': '/home/orangepi/dm_joint_control/install/turret', 'merge_install': False, 'path': '/home/orangepi/dm_joint_control/src/turret', 'symlink_install': False, 'test_result_base': None}
[0.408s] INFO:colcon.colcon_core.executor:Executing jobs using 'parallel' executor
[0.411s] DEBUG:colcon.colcon_parallel_executor.executor.parallel:run_until_complete
[0.413s] INFO:colcon.colcon_cmake.task.cmake.build:Building CMake package in '/home/orangepi/dm_joint_control/src/u2can'
[0.423s] INFO:colcon.colcon_core.plugin_system:Skipping extension 'colcon_core.shell.bat': Not used on non-Windows systems
[0.424s] INFO:colcon.colcon_core.shell:Skip shell extension 'powershell' for command environment: Not usable outside of PowerShell
[0.424s] DEBUG:colcon.colcon_core.shell:Skip shell extension 'dsv' for command environment
[0.434s] INFO:colcon.colcon_cmake.task.cmake.build:Building CMake package in '/home/orangepi/dm_joint_control/src/DM_USB_to_canfd'
[0.435s] INFO:colcon.colcon_core.shell:Skip shell extension 'powershell' for command environment: Not usable outside of PowerShell
[0.435s] DEBUG:colcon.colcon_core.shell:Skip shell extension 'dsv' for command environment
[0.439s] INFO:colcon.colcon_ros.task.ament_cmake.build:Building ROS package in '/home/orangepi/dm_joint_control/src/turret' with build type 'ament_cmake'
[0.440s] INFO:colcon.colcon_cmake.task.cmake.build:Building CMake package in '/home/orangepi/dm_joint_control/src/turret'
[0.440s] INFO:colcon.colcon_core.shell:Skip shell extension 'powershell' for command environment: Not usable outside of PowerShell
[0.440s] DEBUG:colcon.colcon_core.shell:Skip shell extension 'dsv' for command environment
[0.454s] DEBUG:colcon.colcon_core.event_handler.log_command:Invoking command in '/home/orangepi/dm_joint_control/build/dm_Linux_Drive': /usr/bin/cmake /home/orangepi/dm_joint_control/src/u2can -DCMAKE_INSTALL_PREFIX=/home/orangepi/dm_joint_control/install/dm_Linux_Drive
[0.459s] DEBUG:colcon.colcon_core.event_handler.log_command:Invoking command in '/home/orangepi/dm_joint_control/build/dm_main': /usr/bin/cmake /home/orangepi/dm_joint_control/src/DM_USB_to_canfd -DCMAKE_INSTALL_PREFIX=/home/orangepi/dm_joint_control/install/dm_main
[0.466s] DEBUG:colcon.colcon_core.event_handler.log_command:Invoking command in '/home/orangepi/dm_joint_control/build/turret': CMAKE_PREFIX_PATH=/opt/ros/humble /usr/bin/cmake /home/orangepi/dm_joint_control/src/turret -DCMAKE_INSTALL_PREFIX=/home/orangepi/dm_joint_control/install/turret
[1.531s] DEBUG:colcon.colcon_core.event_handler.log_command:Invoked command in '/home/orangepi/dm_joint_control/build/dm_Linux_Drive' returned '0': /usr/bin/cmake /home/orangepi/dm_joint_control/src/u2can -DCMAKE_INSTALL_PREFIX=/home/orangepi/dm_joint_control/install/dm_Linux_Drive
[1.535s] DEBUG:colcon.colcon_core.event_handler.log_command:Invoking command in '/home/orangepi/dm_joint_control/build/dm_Linux_Drive': /usr/bin/cmake --build /home/orangepi/dm_joint_control/build/dm_Linux_Drive -- -j8 -l8
[2.178s] DEBUG:colcon.colcon_core.event_handler.log_command:Invoked command in '/home/orangepi/dm_joint_control/build/dm_main' returned '0': /usr/bin/cmake /home/orangepi/dm_joint_control/src/DM_USB_to_canfd -DCMAKE_INSTALL_PREFIX=/home/orangepi/dm_joint_control/install/dm_main
[2.186s] DEBUG:colcon.colcon_core.event_handler.log_command:Invoking command in '/home/orangepi/dm_joint_control/build/dm_main': /usr/bin/cmake --build /home/orangepi/dm_joint_control/build/dm_main -- -j8 -l8
[3.393s] DEBUG:colcon.colcon_core.event_handler.log_command:Invoked command in '/home/orangepi/dm_joint_control/build/dm_Linux_Drive' returned '0': /usr/bin/cmake --build /home/orangepi/dm_joint_control/build/dm_Linux_Drive -- -j8 -l8
[3.394s] WARNING:colcon.colcon_cmake.task.cmake.build:Could not run installation step for package 'dm_Linux_Drive' because it has no 'install' target
[3.395s] Level 1:colcon.colcon_core.environment:create_environment_scripts_only(dm_Linux_Drive)
[3.410s] Level 1:colcon.colcon_core.environment:checking '/home/orangepi/dm_joint_control/install/dm_Linux_Drive' for CMake module files
[3.412s] Level 1:colcon.colcon_core.environment:checking '/home/orangepi/dm_joint_control/install/dm_Linux_Drive' for CMake config files
[3.414s] Level 1:colcon.colcon_core.environment:checking '/home/orangepi/dm_joint_control/install/dm_Linux_Drive/bin'
[3.414s] Level 1:colcon.colcon_core.environment:checking '/home/orangepi/dm_joint_control/install/dm_Linux_Drive/lib/pkgconfig/dm_Linux_Drive.pc'
[3.421s] Level 1:colcon.colcon_core.environment:checking '/home/orangepi/dm_joint_control/install/dm_Linux_Drive/lib/python3.10/site-packages'
[3.423s] Level 1:colcon.colcon_core.environment:checking '/home/orangepi/dm_joint_control/install/dm_Linux_Drive/bin'
[3.425s] INFO:colcon.colcon_core.shell:Creating package script '/home/orangepi/dm_joint_control/install/dm_Linux_Drive/share/dm_Linux_Drive/package.ps1'
[3.429s] INFO:colcon.colcon_core.shell:Creating package descriptor '/home/orangepi/dm_joint_control/install/dm_Linux_Drive/share/dm_Linux_Drive/package.dsv'
[3.432s] INFO:colcon.colcon_core.shell:Creating package script '/home/orangepi/dm_joint_control/install/dm_Linux_Drive/share/dm_Linux_Drive/package.sh'
[3.436s] INFO:colcon.colcon_core.shell:Creating package script '/home/orangepi/dm_joint_control/install/dm_Linux_Drive/share/dm_Linux_Drive/package.bash'
[3.440s] INFO:colcon.colcon_core.shell:Creating package script '/home/orangepi/dm_joint_control/install/dm_Linux_Drive/share/dm_Linux_Drive/package.zsh'
[3.444s] Level 1:colcon.colcon_core.environment:create_file_with_runtime_dependencies(/home/orangepi/dm_joint_control/install/dm_Linux_Drive/share/colcon-core/packages/dm_Linux_Drive)
[4.114s] DEBUG:colcon.colcon_core.event_handler.log_command:Invoked command in '/home/orangepi/dm_joint_control/build/turret' returned '0': CMAKE_PREFIX_PATH=/opt/ros/humble /usr/bin/cmake /home/orangepi/dm_joint_control/src/turret -DCMAKE_INSTALL_PREFIX=/home/orangepi/dm_joint_control/install/turret
[4.117s] DEBUG:colcon.colcon_core.event_handler.log_command:Invoking command in '/home/orangepi/dm_joint_control/build/turret': CMAKE_PREFIX_PATH=/opt/ros/humble /usr/bin/cmake --build /home/orangepi/dm_joint_control/build/turret -- -j8 -l8
[5.516s] DEBUG:colcon.colcon_core.event_handler.log_command:Invoked command in '/home/orangepi/dm_joint_control/build/dm_main' returned '2': /usr/bin/cmake --build /home/orangepi/dm_joint_control/build/dm_main -- -j8 -l8
[10.653s] DEBUG:colcon.colcon_parallel_executor.executor.parallel:closing loop
[10.655s] DEBUG:colcon.colcon_parallel_executor.executor.parallel:loop closed
[10.655s] DEBUG:colcon.colcon_parallel_executor.executor.parallel:run_until_complete finished with '2'
[10.655s] DEBUG:colcon.colcon_core.event_reactor:joining thread
[10.699s] INFO:colcon.colcon_core.plugin_system:Skipping extension 'colcon_notification.desktop_notification.terminal_notifier': Not used on non-Darwin systems
[10.700s] INFO:colcon.colcon_core.plugin_system:Skipping extension 'colcon_notification.desktop_notification.win32': Not used on non-Windows systems
[10.701s] INFO:colcon.colcon_notification.desktop_notification:Sending desktop notification using 'notify2'
[10.767s] DEBUG:colcon.colcon_core.event_reactor:joined thread
[10.769s] INFO:colcon.colcon_core.shell:Creating prefix script '/home/orangepi/dm_joint_control/install/local_setup.ps1'
[10.776s] INFO:colcon.colcon_core.shell:Creating prefix util module '/home/orangepi/dm_joint_control/install/_local_setup_util_ps1.py'
[10.785s] INFO:colcon.colcon_core.shell:Creating prefix chain script '/home/orangepi/dm_joint_control/install/setup.ps1'
[10.791s] INFO:colcon.colcon_core.shell:Creating prefix script '/home/orangepi/dm_joint_control/install/local_setup.sh'
[10.795s] INFO:colcon.colcon_core.shell:Creating prefix util module '/home/orangepi/dm_joint_control/install/_local_setup_util_sh.py'
[10.801s] INFO:colcon.colcon_core.shell:Creating prefix chain script '/home/orangepi/dm_joint_control/install/setup.sh'
[10.808s] INFO:colcon.colcon_core.shell:Creating prefix script '/home/orangepi/dm_joint_control/install/local_setup.bash'
[10.811s] INFO:colcon.colcon_core.shell:Creating prefix chain script '/home/orangepi/dm_joint_control/install/setup.bash'
[10.816s] INFO:colcon.colcon_core.shell:Creating prefix script '/home/orangepi/dm_joint_control/install/local_setup.zsh'
[10.818s] INFO:colcon.colcon_core.shell:Creating prefix chain script '/home/orangepi/dm_joint_control/install/setup.zsh'
