[0.047s] DEBUG:colcon:Command line arguments: ['/usr/bin/colcon', 'build']
[0.047s] DEBUG:colcon:Parsed command line arguments: Namespace(log_base=None, log_level=None, verb_name='build', build_base='build', install_base='install', merge_install=False, symlink_install=False, test_result_base=None, continue_on_error=False, executor='parallel', parallel_workers=20, event_handlers=None, ignore_user_meta=False, metas=['./colcon.meta'], base_paths=['.'], packages_ignore=None, packages_ignore_regex=None, paths=None, packages_up_to=None, packages_up_to_regex=None, packages_above=None, packages_above_and_dependencies=None, packages_above_depth=None, packages_select_by_dep=None, packages_skip_by_dep=None, packages_skip_up_to=None, packages_select_build_failed=False, packages_skip_build_finished=False, packages_select_test_failures=False, packages_skip_test_passed=False, packages_select=None, packages_skip=None, packages_select_regex=None, packages_skip_regex=None, packages_start=None, packages_end=None, allow_overriding=[], cmake_args=None, cmake_target=None, cmake_target_skip_unavailable=False, cmake_clean_cache=False, cmake_clean_first=False, cmake_force_configure=False, ament_cmake_args=None, catkin_cmake_args=None, catkin_skip_building_tests=False, verb_parser=<colcon_defaults.argument_parser.defaults.DefaultArgumentsDecorator object at 0x77eab591bc10>, verb_extension=<colcon_core.verb.build.BuildVerb object at 0x77eab591b730>, main=<bound method BuildVerb.main of <colcon_core.verb.build.BuildVerb object at 0x77eab591b730>>)
[0.117s] Level 1:colcon.colcon_core.package_discovery:discover_packages(colcon_meta) check parameters
[0.117s] Level 1:colcon.colcon_core.package_discovery:discover_packages(recursive) check parameters
[0.117s] Level 1:colcon.colcon_core.package_discovery:discover_packages(ignore) check parameters
[0.117s] Level 1:colcon.colcon_core.package_discovery:discover_packages(path) check parameters
[0.117s] Level 1:colcon.colcon_core.package_discovery:discover_packages(colcon_meta) discover
[0.117s] Level 1:colcon.colcon_core.package_discovery:discover_packages(recursive) discover
[0.117s] INFO:colcon.colcon_core.package_discovery:Crawling recursively for packages in '/home/stick/dm_joint_control'
[0.117s] Level 1:colcon.colcon_core.package_identification:_identify(.) by extensions ['ignore', 'ignore_ament_install']
[0.117s] Level 1:colcon.colcon_core.package_identification:_identify(.) by extension 'ignore'
[0.117s] Level 1:colcon.colcon_core.package_identification:_identify(.) by extension 'ignore_ament_install'
[0.117s] Level 1:colcon.colcon_core.package_identification:_identify(.) by extensions ['colcon_pkg']
[0.118s] Level 1:colcon.colcon_core.package_identification:_identify(.) by extension 'colcon_pkg'
[0.118s] Level 1:colcon.colcon_core.package_identification:_identify(.) by extensions ['colcon_meta']
[0.118s] Level 1:colcon.colcon_core.package_identification:_identify(.) by extension 'colcon_meta'
[0.118s] Level 1:colcon.colcon_core.package_identification:_identify(.) by extensions ['ros']
[0.118s] Level 1:colcon.colcon_core.package_identification:_identify(.) by extension 'ros'
[0.123s] Level 1:colcon.colcon_core.package_identification:_identify(.) by extensions ['cmake', 'python']
[0.123s] Level 1:colcon.colcon_core.package_identification:_identify(.) by extension 'cmake'
[0.123s] Level 1:colcon.colcon_core.package_identification:_identify(.) by extension 'python'
[0.123s] Level 1:colcon.colcon_core.package_identification:_identify(.) by extensions ['python_setup_py']
[0.123s] Level 1:colcon.colcon_core.package_identification:_identify(.) by extension 'python_setup_py'
[0.123s] Level 1:colcon.colcon_core.package_identification:_identify(build) by extensions ['ignore', 'ignore_ament_install']
[0.124s] Level 1:colcon.colcon_core.package_identification:_identify(build) by extension 'ignore'
[0.124s] Level 1:colcon.colcon_core.package_identification:_identify(build) ignored
[0.124s] Level 1:colcon.colcon_core.package_identification:_identify(install) by extensions ['ignore', 'ignore_ament_install']
[0.124s] Level 1:colcon.colcon_core.package_identification:_identify(install) by extension 'ignore'
[0.124s] Level 1:colcon.colcon_core.package_identification:_identify(install) ignored
[0.124s] Level 1:colcon.colcon_core.package_identification:_identify(log) by extensions ['ignore', 'ignore_ament_install']
[0.124s] Level 1:colcon.colcon_core.package_identification:_identify(log) by extension 'ignore'
[0.124s] Level 1:colcon.colcon_core.package_identification:_identify(log) ignored
[0.124s] Level 1:colcon.colcon_core.package_identification:_identify(src) by extensions ['ignore', 'ignore_ament_install']
[0.124s] Level 1:colcon.colcon_core.package_identification:_identify(src) by extension 'ignore'
[0.124s] Level 1:colcon.colcon_core.package_identification:_identify(src) by extension 'ignore_ament_install'
[0.124s] Level 1:colcon.colcon_core.package_identification:_identify(src) by extensions ['colcon_pkg']
[0.124s] Level 1:colcon.colcon_core.package_identification:_identify(src) by extension 'colcon_pkg'
[0.124s] Level 1:colcon.colcon_core.package_identification:_identify(src) by extensions ['colcon_meta']
[0.124s] Level 1:colcon.colcon_core.package_identification:_identify(src) by extension 'colcon_meta'
[0.124s] Level 1:colcon.colcon_core.package_identification:_identify(src) by extensions ['ros']
[0.124s] Level 1:colcon.colcon_core.package_identification:_identify(src) by extension 'ros'
[0.124s] Level 1:colcon.colcon_core.package_identification:_identify(src) by extensions ['cmake', 'python']
[0.124s] Level 1:colcon.colcon_core.package_identification:_identify(src) by extension 'cmake'
[0.124s] Level 1:colcon.colcon_core.package_identification:_identify(src) by extension 'python'
[0.124s] Level 1:colcon.colcon_core.package_identification:_identify(src) by extensions ['python_setup_py']
[0.124s] Level 1:colcon.colcon_core.package_identification:_identify(src) by extension 'python_setup_py'
[0.124s] Level 1:colcon.colcon_core.package_identification:_identify(src/DM_USB_to_canfd) by extensions ['ignore', 'ignore_ament_install']
[0.124s] Level 1:colcon.colcon_core.package_identification:_identify(src/DM_USB_to_canfd) by extension 'ignore'
[0.124s] Level 1:colcon.colcon_core.package_identification:_identify(src/DM_USB_to_canfd) by extension 'ignore_ament_install'
[0.124s] Level 1:colcon.colcon_core.package_identification:_identify(src/DM_USB_to_canfd) by extensions ['colcon_pkg']
[0.124s] Level 1:colcon.colcon_core.package_identification:_identify(src/DM_USB_to_canfd) by extension 'colcon_pkg'
[0.124s] Level 1:colcon.colcon_core.package_identification:_identify(src/DM_USB_to_canfd) by extensions ['colcon_meta']
[0.124s] Level 1:colcon.colcon_core.package_identification:_identify(src/DM_USB_to_canfd) by extension 'colcon_meta'
[0.124s] Level 1:colcon.colcon_core.package_identification:_identify(src/DM_USB_to_canfd) by extensions ['ros']
[0.124s] Level 1:colcon.colcon_core.package_identification:_identify(src/DM_USB_to_canfd) by extension 'ros'
[0.124s] Level 1:colcon.colcon_core.package_identification:_identify(src/DM_USB_to_canfd) by extensions ['cmake', 'python']
[0.124s] Level 1:colcon.colcon_core.package_identification:_identify(src/DM_USB_to_canfd) by extension 'cmake'
[0.125s] Level 1:colcon.colcon_core.package_identification:_identify(src/DM_USB_to_canfd) by extension 'python'
[0.125s] DEBUG:colcon.colcon_core.package_identification:Package 'src/DM_USB_to_canfd' with type 'cmake' and name 'dm_main'
[0.125s] Level 1:colcon.colcon_core.package_identification:_identify(src/turret) by extensions ['ignore', 'ignore_ament_install']
[0.125s] Level 1:colcon.colcon_core.package_identification:_identify(src/turret) by extension 'ignore'
[0.125s] Level 1:colcon.colcon_core.package_identification:_identify(src/turret) by extension 'ignore_ament_install'
[0.125s] Level 1:colcon.colcon_core.package_identification:_identify(src/turret) by extensions ['colcon_pkg']
[0.125s] Level 1:colcon.colcon_core.package_identification:_identify(src/turret) by extension 'colcon_pkg'
[0.125s] Level 1:colcon.colcon_core.package_identification:_identify(src/turret) by extensions ['colcon_meta']
[0.125s] Level 1:colcon.colcon_core.package_identification:_identify(src/turret) by extension 'colcon_meta'
[0.125s] Level 1:colcon.colcon_core.package_identification:_identify(src/turret) by extensions ['ros']
[0.125s] Level 1:colcon.colcon_core.package_identification:_identify(src/turret) by extension 'ros'
[0.126s] DEBUG:colcon.colcon_core.package_identification:Package 'src/turret' with type 'ros.ament_cmake' and name 'turret'
[0.126s] Level 1:colcon.colcon_core.package_identification:_identify(src/u2can) by extensions ['ignore', 'ignore_ament_install']
[0.126s] Level 1:colcon.colcon_core.package_identification:_identify(src/u2can) by extension 'ignore'
[0.126s] Level 1:colcon.colcon_core.package_identification:_identify(src/u2can) by extension 'ignore_ament_install'
[0.126s] Level 1:colcon.colcon_core.package_identification:_identify(src/u2can) by extensions ['colcon_pkg']
[0.126s] Level 1:colcon.colcon_core.package_identification:_identify(src/u2can) by extension 'colcon_pkg'
[0.126s] Level 1:colcon.colcon_core.package_identification:_identify(src/u2can) by extensions ['colcon_meta']
[0.126s] Level 1:colcon.colcon_core.package_identification:_identify(src/u2can) by extension 'colcon_meta'
[0.126s] Level 1:colcon.colcon_core.package_identification:_identify(src/u2can) by extensions ['ros']
[0.126s] Level 1:colcon.colcon_core.package_identification:_identify(src/u2can) by extension 'ros'
[0.126s] Level 1:colcon.colcon_core.package_identification:_identify(src/u2can) by extensions ['cmake', 'python']
[0.126s] Level 1:colcon.colcon_core.package_identification:_identify(src/u2can) by extension 'cmake'
[0.128s] Level 1:colcon.colcon_core.package_identification:_identify(src/u2can) by extension 'python'
[0.128s] DEBUG:colcon.colcon_core.package_identification:Package 'src/u2can' with type 'cmake' and name 'dm_Linux_Drive'
[0.128s] Level 1:colcon.colcon_core.package_discovery:discover_packages(recursive) using defaults
[0.128s] Level 1:colcon.colcon_core.package_discovery:discover_packages(ignore) discover
[0.128s] Level 1:colcon.colcon_core.package_discovery:discover_packages(ignore) using defaults
[0.128s] Level 1:colcon.colcon_core.package_discovery:discover_packages(path) discover
[0.128s] Level 1:colcon.colcon_core.package_discovery:discover_packages(path) using defaults
[0.137s] Level 1:colcon.colcon_core.package_discovery:discover_packages(prefix_path) check parameters
[0.137s] Level 1:colcon.colcon_core.package_discovery:discover_packages(prefix_path) discover
[0.138s] DEBUG:colcon.colcon_installed_package_information.package_discovery:Found 275 installed packages in /opt/ros/humble
[0.139s] Level 1:colcon.colcon_core.package_discovery:discover_packages(prefix_path) using defaults
[0.159s] Level 5:colcon.colcon_core.verb:set package 'dm_Linux_Drive' build argument 'cmake_args' from command line to 'None'
[0.159s] Level 5:colcon.colcon_core.verb:set package 'dm_Linux_Drive' build argument 'cmake_target' from command line to 'None'
[0.159s] Level 5:colcon.colcon_core.verb:set package 'dm_Linux_Drive' build argument 'cmake_target_skip_unavailable' from command line to 'False'
[0.159s] Level 5:colcon.colcon_core.verb:set package 'dm_Linux_Drive' build argument 'cmake_clean_cache' from command line to 'False'
[0.159s] Level 5:colcon.colcon_core.verb:set package 'dm_Linux_Drive' build argument 'cmake_clean_first' from command line to 'False'
[0.159s] Level 5:colcon.colcon_core.verb:set package 'dm_Linux_Drive' build argument 'cmake_force_configure' from command line to 'False'
[0.159s] Level 5:colcon.colcon_core.verb:set package 'dm_Linux_Drive' build argument 'ament_cmake_args' from command line to 'None'
[0.159s] Level 5:colcon.colcon_core.verb:set package 'dm_Linux_Drive' build argument 'catkin_cmake_args' from command line to 'None'
[0.159s] Level 5:colcon.colcon_core.verb:set package 'dm_Linux_Drive' build argument 'catkin_skip_building_tests' from command line to 'False'
[0.159s] DEBUG:colcon.colcon_core.verb:Building package 'dm_Linux_Drive' with the following arguments: {'ament_cmake_args': None, 'build_base': '/home/stick/dm_joint_control/build/dm_Linux_Drive', 'catkin_cmake_args': None, 'catkin_skip_building_tests': False, 'cmake_args': None, 'cmake_clean_cache': False, 'cmake_clean_first': False, 'cmake_force_configure': False, 'cmake_target': None, 'cmake_target_skip_unavailable': False, 'install_base': '/home/stick/dm_joint_control/install/dm_Linux_Drive', 'merge_install': False, 'path': '/home/stick/dm_joint_control/src/u2can', 'symlink_install': False, 'test_result_base': None}
[0.160s] Level 5:colcon.colcon_core.verb:set package 'dm_main' build argument 'cmake_args' from command line to 'None'
[0.160s] Level 5:colcon.colcon_core.verb:set package 'dm_main' build argument 'cmake_target' from command line to 'None'
[0.160s] Level 5:colcon.colcon_core.verb:set package 'dm_main' build argument 'cmake_target_skip_unavailable' from command line to 'False'
[0.160s] Level 5:colcon.colcon_core.verb:set package 'dm_main' build argument 'cmake_clean_cache' from command line to 'False'
[0.160s] Level 5:colcon.colcon_core.verb:set package 'dm_main' build argument 'cmake_clean_first' from command line to 'False'
[0.160s] Level 5:colcon.colcon_core.verb:set package 'dm_main' build argument 'cmake_force_configure' from command line to 'False'
[0.160s] Level 5:colcon.colcon_core.verb:set package 'dm_main' build argument 'ament_cmake_args' from command line to 'None'
[0.160s] Level 5:colcon.colcon_core.verb:set package 'dm_main' build argument 'catkin_cmake_args' from command line to 'None'
[0.160s] Level 5:colcon.colcon_core.verb:set package 'dm_main' build argument 'catkin_skip_building_tests' from command line to 'False'
[0.160s] DEBUG:colcon.colcon_core.verb:Building package 'dm_main' with the following arguments: {'ament_cmake_args': None, 'build_base': '/home/stick/dm_joint_control/build/dm_main', 'catkin_cmake_args': None, 'catkin_skip_building_tests': False, 'cmake_args': None, 'cmake_clean_cache': False, 'cmake_clean_first': False, 'cmake_force_configure': False, 'cmake_target': None, 'cmake_target_skip_unavailable': False, 'install_base': '/home/stick/dm_joint_control/install/dm_main', 'merge_install': False, 'path': '/home/stick/dm_joint_control/src/DM_USB_to_canfd', 'symlink_install': False, 'test_result_base': None}
[0.160s] Level 5:colcon.colcon_core.verb:set package 'turret' build argument 'cmake_args' from command line to 'None'
[0.160s] Level 5:colcon.colcon_core.verb:set package 'turret' build argument 'cmake_target' from command line to 'None'
[0.160s] Level 5:colcon.colcon_core.verb:set package 'turret' build argument 'cmake_target_skip_unavailable' from command line to 'False'
[0.160s] Level 5:colcon.colcon_core.verb:set package 'turret' build argument 'cmake_clean_cache' from command line to 'False'
[0.160s] Level 5:colcon.colcon_core.verb:set package 'turret' build argument 'cmake_clean_first' from command line to 'False'
[0.160s] Level 5:colcon.colcon_core.verb:set package 'turret' build argument 'cmake_force_configure' from command line to 'False'
[0.160s] Level 5:colcon.colcon_core.verb:set package 'turret' build argument 'ament_cmake_args' from command line to 'None'
[0.160s] Level 5:colcon.colcon_core.verb:set package 'turret' build argument 'catkin_cmake_args' from command line to 'None'
[0.160s] Level 5:colcon.colcon_core.verb:set package 'turret' build argument 'catkin_skip_building_tests' from command line to 'False'
[0.160s] DEBUG:colcon.colcon_core.verb:Building package 'turret' with the following arguments: {'ament_cmake_args': None, 'build_base': '/home/stick/dm_joint_control/build/turret', 'catkin_cmake_args': None, 'catkin_skip_building_tests': False, 'cmake_args': None, 'cmake_clean_cache': False, 'cmake_clean_first': False, 'cmake_force_configure': False, 'cmake_target': None, 'cmake_target_skip_unavailable': False, 'install_base': '/home/stick/dm_joint_control/install/turret', 'merge_install': False, 'path': '/home/stick/dm_joint_control/src/turret', 'symlink_install': False, 'test_result_base': None}
[0.160s] INFO:colcon.colcon_core.executor:Executing jobs using 'parallel' executor
[0.161s] DEBUG:colcon.colcon_parallel_executor.executor.parallel:run_until_complete
[0.161s] INFO:colcon.colcon_cmake.task.cmake.build:Building CMake package in '/home/stick/dm_joint_control/src/u2can'
[0.162s] INFO:colcon.colcon_core.plugin_system:Skipping extension 'colcon_core.shell.bat': Not used on non-Windows systems
[0.162s] INFO:colcon.colcon_core.shell:Skip shell extension 'powershell' for command environment: Not usable outside of PowerShell
[0.162s] DEBUG:colcon.colcon_core.shell:Skip shell extension 'dsv' for command environment
[0.163s] INFO:colcon.colcon_cmake.task.cmake.build:Building CMake package in '/home/stick/dm_joint_control/src/DM_USB_to_canfd'
[0.163s] INFO:colcon.colcon_core.shell:Skip shell extension 'powershell' for command environment: Not usable outside of PowerShell
[0.163s] DEBUG:colcon.colcon_core.shell:Skip shell extension 'dsv' for command environment
[0.164s] INFO:colcon.colcon_ros.task.ament_cmake.build:Building ROS package in '/home/stick/dm_joint_control/src/turret' with build type 'ament_cmake'
[0.164s] INFO:colcon.colcon_cmake.task.cmake.build:Building CMake package in '/home/stick/dm_joint_control/src/turret'
[0.164s] INFO:colcon.colcon_core.shell:Skip shell extension 'powershell' for command environment: Not usable outside of PowerShell
[0.164s] DEBUG:colcon.colcon_core.shell:Skip shell extension 'dsv' for command environment
[0.167s] DEBUG:colcon.colcon_core.event_handler.log_command:Invoking command in '/home/stick/dm_joint_control/build/dm_Linux_Drive': CONDA_PROMPT_MODIFIER=(base) /usr/bin/cmake /home/stick/dm_joint_control/src/u2can -DCMAKE_INSTALL_PREFIX=/home/stick/dm_joint_control/install/dm_Linux_Drive
[0.169s] DEBUG:colcon.colcon_core.event_handler.log_command:Invoking command in '/home/stick/dm_joint_control/build/dm_main': CONDA_PROMPT_MODIFIER=(base) /usr/bin/cmake --build /home/stick/dm_joint_control/build/dm_main -- -j20 -l20
[0.172s] DEBUG:colcon.colcon_core.event_handler.log_command:Invoking command in '/home/stick/dm_joint_control/build/turret': CMAKE_PREFIX_PATH=/opt/ros/humble CONDA_PROMPT_MODIFIER=(base) /usr/bin/cmake --build /home/stick/dm_joint_control/build/turret -- -j20 -l20
[0.176s] DEBUG:colcon.colcon_core.event_handler.log_command:Invoked command in '/home/stick/dm_joint_control/build/dm_Linux_Drive' returned '0': CONDA_PROMPT_MODIFIER=(base) /usr/bin/cmake /home/stick/dm_joint_control/src/u2can -DCMAKE_INSTALL_PREFIX=/home/stick/dm_joint_control/install/dm_Linux_Drive
[0.177s] DEBUG:colcon.colcon_core.event_handler.log_command:Invoking command in '/home/stick/dm_joint_control/build/dm_Linux_Drive': CONDA_PROMPT_MODIFIER=(base) /usr/bin/cmake --build /home/stick/dm_joint_control/build/dm_Linux_Drive -- -j20 -l20
[0.624s] DEBUG:colcon.colcon_core.event_handler.log_command:Invoked command in '/home/stick/dm_joint_control/build/dm_Linux_Drive' returned '0': CONDA_PROMPT_MODIFIER=(base) /usr/bin/cmake --build /home/stick/dm_joint_control/build/dm_Linux_Drive -- -j20 -l20
[0.624s] WARNING:colcon.colcon_cmake.task.cmake.build:Could not run installation step for package 'dm_Linux_Drive' because it has no 'install' target
[0.624s] Level 1:colcon.colcon_core.environment:create_environment_scripts_only(dm_Linux_Drive)
[0.628s] Level 1:colcon.colcon_core.environment:checking '/home/stick/dm_joint_control/install/dm_Linux_Drive' for CMake module files
[0.628s] Level 1:colcon.colcon_core.environment:checking '/home/stick/dm_joint_control/install/dm_Linux_Drive' for CMake config files
[0.629s] Level 1:colcon.colcon_core.environment:checking '/home/stick/dm_joint_control/install/dm_Linux_Drive/bin'
[0.629s] Level 1:colcon.colcon_core.environment:checking '/home/stick/dm_joint_control/install/dm_Linux_Drive/lib/pkgconfig/dm_Linux_Drive.pc'
[0.629s] Level 1:colcon.colcon_core.environment:checking '/home/stick/dm_joint_control/install/dm_Linux_Drive/lib/python3.10/site-packages'
[0.629s] Level 1:colcon.colcon_core.environment:checking '/home/stick/dm_joint_control/install/dm_Linux_Drive/bin'
[0.629s] INFO:colcon.colcon_core.shell:Creating package script '/home/stick/dm_joint_control/install/dm_Linux_Drive/share/dm_Linux_Drive/package.ps1'
[0.630s] INFO:colcon.colcon_core.shell:Creating package descriptor '/home/stick/dm_joint_control/install/dm_Linux_Drive/share/dm_Linux_Drive/package.dsv'
[0.631s] INFO:colcon.colcon_core.shell:Creating package script '/home/stick/dm_joint_control/install/dm_Linux_Drive/share/dm_Linux_Drive/package.sh'
[0.631s] INFO:colcon.colcon_core.shell:Creating package script '/home/stick/dm_joint_control/install/dm_Linux_Drive/share/dm_Linux_Drive/package.bash'
[0.632s] INFO:colcon.colcon_core.shell:Creating package script '/home/stick/dm_joint_control/install/dm_Linux_Drive/share/dm_Linux_Drive/package.zsh'
[0.632s] Level 1:colcon.colcon_core.environment:create_file_with_runtime_dependencies(/home/stick/dm_joint_control/install/dm_Linux_Drive/share/colcon-core/packages/dm_Linux_Drive)
[1.072s] DEBUG:colcon.colcon_core.event_handler.log_command:Invoked command in '/home/stick/dm_joint_control/build/dm_main' returned '0': CONDA_PROMPT_MODIFIER=(base) /usr/bin/cmake --build /home/stick/dm_joint_control/build/dm_main -- -j20 -l20
[1.072s] WARNING:colcon.colcon_cmake.task.cmake.build:Could not run installation step for package 'dm_main' because it has no 'install' target
[1.072s] Level 1:colcon.colcon_core.environment:create_environment_scripts_only(dm_main)
[1.072s] Level 1:colcon.colcon_core.environment:checking '/home/stick/dm_joint_control/install/dm_main' for CMake module files
[1.073s] Level 1:colcon.colcon_core.environment:checking '/home/stick/dm_joint_control/install/dm_main' for CMake config files
[1.073s] Level 1:colcon.colcon_core.environment:checking '/home/stick/dm_joint_control/install/dm_main/bin'
[1.073s] Level 1:colcon.colcon_core.environment:checking '/home/stick/dm_joint_control/install/dm_main/lib/pkgconfig/dm_main.pc'
[1.073s] Level 1:colcon.colcon_core.environment:checking '/home/stick/dm_joint_control/install/dm_main/lib/python3.10/site-packages'
[1.073s] Level 1:colcon.colcon_core.environment:checking '/home/stick/dm_joint_control/install/dm_main/bin'
[1.074s] INFO:colcon.colcon_core.shell:Creating package script '/home/stick/dm_joint_control/install/dm_main/share/dm_main/package.ps1'
[1.074s] INFO:colcon.colcon_core.shell:Creating package descriptor '/home/stick/dm_joint_control/install/dm_main/share/dm_main/package.dsv'
[1.074s] INFO:colcon.colcon_core.shell:Creating package script '/home/stick/dm_joint_control/install/dm_main/share/dm_main/package.sh'
[1.074s] INFO:colcon.colcon_core.shell:Creating package script '/home/stick/dm_joint_control/install/dm_main/share/dm_main/package.bash'
[1.075s] INFO:colcon.colcon_core.shell:Creating package script '/home/stick/dm_joint_control/install/dm_main/share/dm_main/package.zsh'
[1.075s] Level 1:colcon.colcon_core.environment:create_file_with_runtime_dependencies(/home/stick/dm_joint_control/install/dm_main/share/colcon-core/packages/dm_main)
[1.847s] DEBUG:colcon.colcon_core.event_handler.log_command:Invoked command in '/home/stick/dm_joint_control/build/turret' returned '0': CMAKE_PREFIX_PATH=/opt/ros/humble CONDA_PROMPT_MODIFIER=(base) /usr/bin/cmake --build /home/stick/dm_joint_control/build/turret -- -j20 -l20
[1.854s] DEBUG:colcon.colcon_core.event_handler.log_command:Invoking command in '/home/stick/dm_joint_control/build/turret': CMAKE_PREFIX_PATH=/opt/ros/humble CONDA_PROMPT_MODIFIER=(base) /usr/bin/cmake --install /home/stick/dm_joint_control/build/turret
[1.858s] Level 1:colcon.colcon_core.environment:create_environment_scripts_only(turret)
[1.858s] DEBUG:colcon.colcon_core.event_handler.log_command:Invoked command in '/home/stick/dm_joint_control/build/turret' returned '0': CMAKE_PREFIX_PATH=/opt/ros/humble CONDA_PROMPT_MODIFIER=(base) /usr/bin/cmake --install /home/stick/dm_joint_control/build/turret
[1.859s] Level 1:colcon.colcon_core.environment:checking '/home/stick/dm_joint_control/install/turret' for CMake module files
[1.859s] Level 1:colcon.colcon_core.environment:checking '/home/stick/dm_joint_control/install/turret' for CMake config files
[1.859s] Level 1:colcon.colcon_core.shell:create_environment_hook('turret', 'cmake_prefix_path')
[1.859s] INFO:colcon.colcon_core.shell:Creating environment hook '/home/stick/dm_joint_control/install/turret/share/turret/hook/cmake_prefix_path.ps1'
[1.860s] INFO:colcon.colcon_core.shell:Creating environment descriptor '/home/stick/dm_joint_control/install/turret/share/turret/hook/cmake_prefix_path.dsv'
[1.860s] INFO:colcon.colcon_core.shell:Creating environment hook '/home/stick/dm_joint_control/install/turret/share/turret/hook/cmake_prefix_path.sh'
[1.861s] Level 1:colcon.colcon_core.environment:checking '/home/stick/dm_joint_control/install/turret/lib'
[1.861s] Level 1:colcon.colcon_core.environment:checking '/home/stick/dm_joint_control/install/turret/bin'
[1.861s] Level 1:colcon.colcon_core.environment:checking '/home/stick/dm_joint_control/install/turret/lib/pkgconfig/turret.pc'
[1.861s] Level 1:colcon.colcon_core.environment:checking '/home/stick/dm_joint_control/install/turret/lib/python3.10/site-packages'
[1.861s] Level 1:colcon.colcon_core.environment:checking '/home/stick/dm_joint_control/install/turret/bin'
[1.861s] INFO:colcon.colcon_core.shell:Creating package script '/home/stick/dm_joint_control/install/turret/share/turret/package.ps1'
[1.861s] INFO:colcon.colcon_core.shell:Creating package descriptor '/home/stick/dm_joint_control/install/turret/share/turret/package.dsv'
[1.861s] INFO:colcon.colcon_core.shell:Creating package script '/home/stick/dm_joint_control/install/turret/share/turret/package.sh'
[1.862s] INFO:colcon.colcon_core.shell:Creating package script '/home/stick/dm_joint_control/install/turret/share/turret/package.bash'
[1.862s] INFO:colcon.colcon_core.shell:Creating package script '/home/stick/dm_joint_control/install/turret/share/turret/package.zsh'
[1.862s] Level 1:colcon.colcon_core.environment:create_file_with_runtime_dependencies(/home/stick/dm_joint_control/install/turret/share/colcon-core/packages/turret)
[1.862s] Level 1:colcon.colcon_core.environment:create_environment_scripts_only(turret)
[1.862s] Level 1:colcon.colcon_core.environment:checking '/home/stick/dm_joint_control/install/turret' for CMake module files
[1.862s] Level 1:colcon.colcon_core.environment:checking '/home/stick/dm_joint_control/install/turret' for CMake config files
[1.862s] Level 1:colcon.colcon_core.shell:create_environment_hook('turret', 'cmake_prefix_path')
[1.862s] INFO:colcon.colcon_core.shell:Creating environment hook '/home/stick/dm_joint_control/install/turret/share/turret/hook/cmake_prefix_path.ps1'
[1.863s] INFO:colcon.colcon_core.shell:Creating environment descriptor '/home/stick/dm_joint_control/install/turret/share/turret/hook/cmake_prefix_path.dsv'
[1.863s] INFO:colcon.colcon_core.shell:Creating environment hook '/home/stick/dm_joint_control/install/turret/share/turret/hook/cmake_prefix_path.sh'
[1.863s] Level 1:colcon.colcon_core.environment:checking '/home/stick/dm_joint_control/install/turret/lib'
[1.863s] Level 1:colcon.colcon_core.environment:checking '/home/stick/dm_joint_control/install/turret/bin'
[1.863s] Level 1:colcon.colcon_core.environment:checking '/home/stick/dm_joint_control/install/turret/lib/pkgconfig/turret.pc'
[1.863s] Level 1:colcon.colcon_core.environment:checking '/home/stick/dm_joint_control/install/turret/lib/python3.10/site-packages'
[1.863s] Level 1:colcon.colcon_core.environment:checking '/home/stick/dm_joint_control/install/turret/bin'
[1.863s] INFO:colcon.colcon_core.shell:Creating package script '/home/stick/dm_joint_control/install/turret/share/turret/package.ps1'
[1.864s] INFO:colcon.colcon_core.shell:Creating package descriptor '/home/stick/dm_joint_control/install/turret/share/turret/package.dsv'
[1.864s] INFO:colcon.colcon_core.shell:Creating package script '/home/stick/dm_joint_control/install/turret/share/turret/package.sh'
[1.864s] INFO:colcon.colcon_core.shell:Creating package script '/home/stick/dm_joint_control/install/turret/share/turret/package.bash'
[1.864s] INFO:colcon.colcon_core.shell:Creating package script '/home/stick/dm_joint_control/install/turret/share/turret/package.zsh'
[1.864s] Level 1:colcon.colcon_core.environment:create_file_with_runtime_dependencies(/home/stick/dm_joint_control/install/turret/share/colcon-core/packages/turret)
[1.864s] DEBUG:colcon.colcon_parallel_executor.executor.parallel:closing loop
[1.865s] DEBUG:colcon.colcon_parallel_executor.executor.parallel:loop closed
[1.865s] DEBUG:colcon.colcon_parallel_executor.executor.parallel:run_until_complete finished with '0'
[1.865s] DEBUG:colcon.colcon_core.event_reactor:joining thread
[1.867s] INFO:colcon.colcon_core.plugin_system:Skipping extension 'colcon_notification.desktop_notification.terminal_notifier': Not used on non-Darwin systems
[1.867s] INFO:colcon.colcon_core.plugin_system:Skipping extension 'colcon_notification.desktop_notification.win32': Not used on non-Windows systems
[1.867s] INFO:colcon.colcon_notification.desktop_notification:Sending desktop notification using 'notify2'
[1.872s] DEBUG:colcon.colcon_core.event_reactor:joined thread
[1.872s] INFO:colcon.colcon_core.shell:Creating prefix script '/home/stick/dm_joint_control/install/local_setup.ps1'
[1.873s] INFO:colcon.colcon_core.shell:Creating prefix util module '/home/stick/dm_joint_control/install/_local_setup_util_ps1.py'
[1.873s] INFO:colcon.colcon_core.shell:Creating prefix chain script '/home/stick/dm_joint_control/install/setup.ps1'
[1.874s] INFO:colcon.colcon_core.shell:Creating prefix script '/home/stick/dm_joint_control/install/local_setup.sh'
[1.874s] INFO:colcon.colcon_core.shell:Creating prefix util module '/home/stick/dm_joint_control/install/_local_setup_util_sh.py'
[1.874s] INFO:colcon.colcon_core.shell:Creating prefix chain script '/home/stick/dm_joint_control/install/setup.sh'
[1.875s] INFO:colcon.colcon_core.shell:Creating prefix script '/home/stick/dm_joint_control/install/local_setup.bash'
[1.875s] INFO:colcon.colcon_core.shell:Creating prefix chain script '/home/stick/dm_joint_control/install/setup.bash'
[1.875s] INFO:colcon.colcon_core.shell:Creating prefix script '/home/stick/dm_joint_control/install/local_setup.zsh'
[1.876s] INFO:colcon.colcon_core.shell:Creating prefix chain script '/home/stick/dm_joint_control/install/setup.zsh'
