[0.145s] DEBUG:colcon:Command line arguments: ['/usr/bin/colcon', 'build']
[0.145s] DEBUG:colcon:Parsed command line arguments: Namespace(log_base=None, log_level=None, verb_name='build', build_base='build', install_base='install', merge_install=False, symlink_install=False, test_result_base=None, continue_on_error=False, executor='parallel', parallel_workers=8, event_handlers=None, ignore_user_meta=False, metas=['./colcon.meta'], base_paths=['.'], packages_ignore=None, packages_ignore_regex=None, paths=None, packages_up_to=None, packages_up_to_regex=None, packages_above=None, packages_above_and_dependencies=None, packages_above_depth=None, packages_select_by_dep=None, packages_skip_by_dep=None, packages_skip_up_to=None, packages_select_build_failed=False, packages_skip_build_finished=False, packages_select_test_failures=False, packages_skip_test_passed=False, packages_select=None, packages_skip=None, packages_select_regex=None, packages_skip_regex=None, packages_start=None, packages_end=None, cmake_args=None, cmake_target=None, cmake_target_skip_unavailable=False, cmake_clean_cache=False, cmake_clean_first=False, cmake_force_configure=False, ament_cmake_args=None, catkin_cmake_args=None, catkin_skip_building_tests=False, verb_parser=<colcon_defaults.argument_parser.defaults.DefaultArgumentsDecorator object at 0x7f97386f50>, verb_extension=<colcon_core.verb.build.BuildVerb object at 0x7f97386b00>, main=<bound method BuildVerb.main of <colcon_core.verb.build.BuildVerb object at 0x7f97386b00>>)
[0.337s] Level 1:colcon.colcon_core.package_discovery:discover_packages(colcon_meta) check parameters
[0.338s] Level 1:colcon.colcon_core.package_discovery:discover_packages(recursive) check parameters
[0.338s] Level 1:colcon.colcon_core.package_discovery:discover_packages(ignore) check parameters
[0.338s] Level 1:colcon.colcon_core.package_discovery:discover_packages(path) check parameters
[0.338s] Level 1:colcon.colcon_core.package_discovery:discover_packages(colcon_meta) discover
[0.338s] Level 1:colcon.colcon_core.package_discovery:discover_packages(recursive) discover
[0.338s] INFO:colcon.colcon_core.package_discovery:Crawling recursively for packages in '/home/orangepi/dm_joint_control'
[0.338s] Level 1:colcon.colcon_core.package_identification:_identify(.) by extensions ['ignore', 'ignore_ament_install']
[0.338s] Level 1:colcon.colcon_core.package_identification:_identify(.) by extension 'ignore'
[0.339s] Level 1:colcon.colcon_core.package_identification:_identify(.) by extension 'ignore_ament_install'
[0.339s] Level 1:colcon.colcon_core.package_identification:_identify(.) by extensions ['colcon_pkg']
[0.339s] Level 1:colcon.colcon_core.package_identification:_identify(.) by extension 'colcon_pkg'
[0.339s] Level 1:colcon.colcon_core.package_identification:_identify(.) by extensions ['colcon_meta']
[0.339s] Level 1:colcon.colcon_core.package_identification:_identify(.) by extension 'colcon_meta'
[0.339s] Level 1:colcon.colcon_core.package_identification:_identify(.) by extensions ['ros']
[0.339s] Level 1:colcon.colcon_core.package_identification:_identify(.) by extension 'ros'
[0.359s] Level 1:colcon.colcon_core.package_identification:_identify(.) by extensions ['cmake', 'python']
[0.359s] Level 1:colcon.colcon_core.package_identification:_identify(.) by extension 'cmake'
[0.359s] Level 1:colcon.colcon_core.package_identification:_identify(.) by extension 'python'
[0.359s] Level 1:colcon.colcon_core.package_identification:_identify(.) by extensions ['python_setup_py']
[0.359s] Level 1:colcon.colcon_core.package_identification:_identify(.) by extension 'python_setup_py'
[0.360s] Level 1:colcon.colcon_core.package_identification:_identify(build) by extensions ['ignore', 'ignore_ament_install']
[0.360s] Level 1:colcon.colcon_core.package_identification:_identify(build) by extension 'ignore'
[0.360s] Level 1:colcon.colcon_core.package_identification:_identify(build) ignored
[0.360s] Level 1:colcon.colcon_core.package_identification:_identify(install) by extensions ['ignore', 'ignore_ament_install']
[0.360s] Level 1:colcon.colcon_core.package_identification:_identify(install) by extension 'ignore'
[0.360s] Level 1:colcon.colcon_core.package_identification:_identify(install) ignored
[0.360s] Level 1:colcon.colcon_core.package_identification:_identify(log) by extensions ['ignore', 'ignore_ament_install']
[0.360s] Level 1:colcon.colcon_core.package_identification:_identify(log) by extension 'ignore'
[0.361s] Level 1:colcon.colcon_core.package_identification:_identify(log) ignored
[0.361s] Level 1:colcon.colcon_core.package_identification:_identify(src) by extensions ['ignore', 'ignore_ament_install']
[0.361s] Level 1:colcon.colcon_core.package_identification:_identify(src) by extension 'ignore'
[0.361s] Level 1:colcon.colcon_core.package_identification:_identify(src) by extension 'ignore_ament_install'
[0.361s] Level 1:colcon.colcon_core.package_identification:_identify(src) by extensions ['colcon_pkg']
[0.361s] Level 1:colcon.colcon_core.package_identification:_identify(src) by extension 'colcon_pkg'
[0.361s] Level 1:colcon.colcon_core.package_identification:_identify(src) by extensions ['colcon_meta']
[0.361s] Level 1:colcon.colcon_core.package_identification:_identify(src) by extension 'colcon_meta'
[0.361s] Level 1:colcon.colcon_core.package_identification:_identify(src) by extensions ['ros']
[0.361s] Level 1:colcon.colcon_core.package_identification:_identify(src) by extension 'ros'
[0.361s] Level 1:colcon.colcon_core.package_identification:_identify(src) by extensions ['cmake', 'python']
[0.361s] Level 1:colcon.colcon_core.package_identification:_identify(src) by extension 'cmake'
[0.361s] Level 1:colcon.colcon_core.package_identification:_identify(src) by extension 'python'
[0.361s] Level 1:colcon.colcon_core.package_identification:_identify(src) by extensions ['python_setup_py']
[0.361s] Level 1:colcon.colcon_core.package_identification:_identify(src) by extension 'python_setup_py'
[0.361s] Level 1:colcon.colcon_core.package_identification:_identify(src/DM_USB_to_canfd) by extensions ['ignore', 'ignore_ament_install']
[0.361s] Level 1:colcon.colcon_core.package_identification:_identify(src/DM_USB_to_canfd) by extension 'ignore'
[0.362s] Level 1:colcon.colcon_core.package_identification:_identify(src/DM_USB_to_canfd) by extension 'ignore_ament_install'
[0.362s] Level 1:colcon.colcon_core.package_identification:_identify(src/DM_USB_to_canfd) by extensions ['colcon_pkg']
[0.362s] Level 1:colcon.colcon_core.package_identification:_identify(src/DM_USB_to_canfd) by extension 'colcon_pkg'
[0.362s] Level 1:colcon.colcon_core.package_identification:_identify(src/DM_USB_to_canfd) by extensions ['colcon_meta']
[0.362s] Level 1:colcon.colcon_core.package_identification:_identify(src/DM_USB_to_canfd) by extension 'colcon_meta'
[0.362s] Level 1:colcon.colcon_core.package_identification:_identify(src/DM_USB_to_canfd) by extensions ['ros']
[0.362s] Level 1:colcon.colcon_core.package_identification:_identify(src/DM_USB_to_canfd) by extension 'ros'
[0.362s] Level 1:colcon.colcon_core.package_identification:_identify(src/DM_USB_to_canfd) by extensions ['cmake', 'python']
[0.362s] Level 1:colcon.colcon_core.package_identification:_identify(src/DM_USB_to_canfd) by extension 'cmake'
[0.364s] Level 1:colcon.colcon_core.package_identification:_identify(src/DM_USB_to_canfd) by extension 'python'
[0.364s] DEBUG:colcon.colcon_core.package_identification:Package 'src/DM_USB_to_canfd' with type 'cmake' and name 'dm_main'
[0.364s] Level 1:colcon.colcon_core.package_identification:_identify(src/turret) by extensions ['ignore', 'ignore_ament_install']
[0.364s] Level 1:colcon.colcon_core.package_identification:_identify(src/turret) by extension 'ignore'
[0.364s] Level 1:colcon.colcon_core.package_identification:_identify(src/turret) by extension 'ignore_ament_install'
[0.364s] Level 1:colcon.colcon_core.package_identification:_identify(src/turret) by extensions ['colcon_pkg']
[0.364s] Level 1:colcon.colcon_core.package_identification:_identify(src/turret) by extension 'colcon_pkg'
[0.364s] Level 1:colcon.colcon_core.package_identification:_identify(src/turret) by extensions ['colcon_meta']
[0.365s] Level 1:colcon.colcon_core.package_identification:_identify(src/turret) by extension 'colcon_meta'
[0.365s] Level 1:colcon.colcon_core.package_identification:_identify(src/turret) by extensions ['ros']
[0.365s] Level 1:colcon.colcon_core.package_identification:_identify(src/turret) by extension 'ros'
[0.368s] DEBUG:colcon.colcon_core.package_identification:Package 'src/turret' with type 'ros.ament_cmake' and name 'turret'
[0.369s] Level 1:colcon.colcon_core.package_identification:_identify(src/u2can) by extensions ['ignore', 'ignore_ament_install']
[0.369s] Level 1:colcon.colcon_core.package_identification:_identify(src/u2can) by extension 'ignore'
[0.369s] Level 1:colcon.colcon_core.package_identification:_identify(src/u2can) by extension 'ignore_ament_install'
[0.369s] Level 1:colcon.colcon_core.package_identification:_identify(src/u2can) by extensions ['colcon_pkg']
[0.369s] Level 1:colcon.colcon_core.package_identification:_identify(src/u2can) by extension 'colcon_pkg'
[0.369s] Level 1:colcon.colcon_core.package_identification:_identify(src/u2can) by extensions ['colcon_meta']
[0.369s] Level 1:colcon.colcon_core.package_identification:_identify(src/u2can) by extension 'colcon_meta'
[0.369s] Level 1:colcon.colcon_core.package_identification:_identify(src/u2can) by extensions ['ros']
[0.369s] Level 1:colcon.colcon_core.package_identification:_identify(src/u2can) by extension 'ros'
[0.369s] Level 1:colcon.colcon_core.package_identification:_identify(src/u2can) by extensions ['cmake', 'python']
[0.369s] Level 1:colcon.colcon_core.package_identification:_identify(src/u2can) by extension 'cmake'
[0.373s] Level 1:colcon.colcon_core.package_identification:_identify(src/u2can) by extension 'python'
[0.373s] DEBUG:colcon.colcon_core.package_identification:Package 'src/u2can' with type 'cmake' and name 'dm_Linux_Drive'
[0.373s] Level 1:colcon.colcon_core.package_discovery:discover_packages(recursive) using defaults
[0.373s] Level 1:colcon.colcon_core.package_discovery:discover_packages(ignore) discover
[0.373s] Level 1:colcon.colcon_core.package_discovery:discover_packages(ignore) using defaults
[0.373s] Level 1:colcon.colcon_core.package_discovery:discover_packages(path) discover
[0.373s] Level 1:colcon.colcon_core.package_discovery:discover_packages(path) using defaults
[0.401s] Level 5:colcon.colcon_core.verb:set package 'dm_Linux_Drive' build argument 'cmake_args' from command line to 'None'
[0.401s] Level 5:colcon.colcon_core.verb:set package 'dm_Linux_Drive' build argument 'cmake_target' from command line to 'None'
[0.402s] Level 5:colcon.colcon_core.verb:set package 'dm_Linux_Drive' build argument 'cmake_target_skip_unavailable' from command line to 'False'
[0.402s] Level 5:colcon.colcon_core.verb:set package 'dm_Linux_Drive' build argument 'cmake_clean_cache' from command line to 'False'
[0.402s] Level 5:colcon.colcon_core.verb:set package 'dm_Linux_Drive' build argument 'cmake_clean_first' from command line to 'False'
[0.402s] Level 5:colcon.colcon_core.verb:set package 'dm_Linux_Drive' build argument 'cmake_force_configure' from command line to 'False'
[0.402s] Level 5:colcon.colcon_core.verb:set package 'dm_Linux_Drive' build argument 'ament_cmake_args' from command line to 'None'
[0.402s] Level 5:colcon.colcon_core.verb:set package 'dm_Linux_Drive' build argument 'catkin_cmake_args' from command line to 'None'
[0.402s] Level 5:colcon.colcon_core.verb:set package 'dm_Linux_Drive' build argument 'catkin_skip_building_tests' from command line to 'False'
[0.402s] DEBUG:colcon.colcon_core.verb:Building package 'dm_Linux_Drive' with the following arguments: {'ament_cmake_args': None, 'build_base': '/home/orangepi/dm_joint_control/build/dm_Linux_Drive', 'catkin_cmake_args': None, 'catkin_skip_building_tests': False, 'cmake_args': None, 'cmake_clean_cache': False, 'cmake_clean_first': False, 'cmake_force_configure': False, 'cmake_target': None, 'cmake_target_skip_unavailable': False, 'install_base': '/home/orangepi/dm_joint_control/install/dm_Linux_Drive', 'merge_install': False, 'path': '/home/orangepi/dm_joint_control/src/u2can', 'symlink_install': False, 'test_result_base': None}
[0.402s] Level 5:colcon.colcon_core.verb:set package 'dm_main' build argument 'cmake_args' from command line to 'None'
[0.402s] Level 5:colcon.colcon_core.verb:set package 'dm_main' build argument 'cmake_target' from command line to 'None'
[0.402s] Level 5:colcon.colcon_core.verb:set package 'dm_main' build argument 'cmake_target_skip_unavailable' from command line to 'False'
[0.402s] Level 5:colcon.colcon_core.verb:set package 'dm_main' build argument 'cmake_clean_cache' from command line to 'False'
[0.403s] Level 5:colcon.colcon_core.verb:set package 'dm_main' build argument 'cmake_clean_first' from command line to 'False'
[0.403s] Level 5:colcon.colcon_core.verb:set package 'dm_main' build argument 'cmake_force_configure' from command line to 'False'
[0.403s] Level 5:colcon.colcon_core.verb:set package 'dm_main' build argument 'ament_cmake_args' from command line to 'None'
[0.403s] Level 5:colcon.colcon_core.verb:set package 'dm_main' build argument 'catkin_cmake_args' from command line to 'None'
[0.403s] Level 5:colcon.colcon_core.verb:set package 'dm_main' build argument 'catkin_skip_building_tests' from command line to 'False'
[0.403s] DEBUG:colcon.colcon_core.verb:Building package 'dm_main' with the following arguments: {'ament_cmake_args': None, 'build_base': '/home/orangepi/dm_joint_control/build/dm_main', 'catkin_cmake_args': None, 'catkin_skip_building_tests': False, 'cmake_args': None, 'cmake_clean_cache': False, 'cmake_clean_first': False, 'cmake_force_configure': False, 'cmake_target': None, 'cmake_target_skip_unavailable': False, 'install_base': '/home/orangepi/dm_joint_control/install/dm_main', 'merge_install': False, 'path': '/home/orangepi/dm_joint_control/src/DM_USB_to_canfd', 'symlink_install': False, 'test_result_base': None}
[0.403s] Level 5:colcon.colcon_core.verb:set package 'turret' build argument 'cmake_args' from command line to 'None'
[0.403s] Level 5:colcon.colcon_core.verb:set package 'turret' build argument 'cmake_target' from command line to 'None'
[0.403s] Level 5:colcon.colcon_core.verb:set package 'turret' build argument 'cmake_target_skip_unavailable' from command line to 'False'
[0.403s] Level 5:colcon.colcon_core.verb:set package 'turret' build argument 'cmake_clean_cache' from command line to 'False'
[0.403s] Level 5:colcon.colcon_core.verb:set package 'turret' build argument 'cmake_clean_first' from command line to 'False'
[0.403s] Level 5:colcon.colcon_core.verb:set package 'turret' build argument 'cmake_force_configure' from command line to 'False'
[0.403s] Level 5:colcon.colcon_core.verb:set package 'turret' build argument 'ament_cmake_args' from command line to 'None'
[0.403s] Level 5:colcon.colcon_core.verb:set package 'turret' build argument 'catkin_cmake_args' from command line to 'None'
[0.403s] Level 5:colcon.colcon_core.verb:set package 'turret' build argument 'catkin_skip_building_tests' from command line to 'False'
[0.403s] DEBUG:colcon.colcon_core.verb:Building package 'turret' with the following arguments: {'ament_cmake_args': None, 'build_base': '/home/orangepi/dm_joint_control/build/turret', 'catkin_cmake_args': None, 'catkin_skip_building_tests': False, 'cmake_args': None, 'cmake_clean_cache': False, 'cmake_clean_first': False, 'cmake_force_configure': False, 'cmake_target': None, 'cmake_target_skip_unavailable': False, 'install_base': '/home/orangepi/dm_joint_control/install/turret', 'merge_install': False, 'path': '/home/orangepi/dm_joint_control/src/turret', 'symlink_install': False, 'test_result_base': None}
[0.404s] INFO:colcon.colcon_core.executor:Executing jobs using 'parallel' executor
[0.406s] DEBUG:colcon.colcon_parallel_executor.executor.parallel:run_until_complete
[0.407s] INFO:colcon.colcon_cmake.task.cmake.build:Building CMake package in '/home/orangepi/dm_joint_control/src/u2can'
[0.411s] INFO:colcon.colcon_core.plugin_system:Skipping extension 'colcon_core.shell.bat': Not used on non-Windows systems
[0.411s] INFO:colcon.colcon_core.shell:Skip shell extension 'powershell' for command environment: Not usable outside of PowerShell
[0.411s] DEBUG:colcon.colcon_core.shell:Skip shell extension 'dsv' for command environment
[0.417s] INFO:colcon.colcon_cmake.task.cmake.build:Building CMake package in '/home/orangepi/dm_joint_control/src/DM_USB_to_canfd'
[0.418s] INFO:colcon.colcon_core.shell:Skip shell extension 'powershell' for command environment: Not usable outside of PowerShell
[0.418s] DEBUG:colcon.colcon_core.shell:Skip shell extension 'dsv' for command environment
[0.423s] INFO:colcon.colcon_ros.task.ament_cmake.build:Building ROS package in '/home/orangepi/dm_joint_control/src/turret' with build type 'ament_cmake'
[0.423s] INFO:colcon.colcon_cmake.task.cmake.build:Building CMake package in '/home/orangepi/dm_joint_control/src/turret'
[0.423s] INFO:colcon.colcon_core.shell:Skip shell extension 'powershell' for command environment: Not usable outside of PowerShell
[0.424s] DEBUG:colcon.colcon_core.shell:Skip shell extension 'dsv' for command environment
[0.437s] DEBUG:colcon.colcon_core.event_handler.log_command:Invoking command in '/home/orangepi/dm_joint_control/build/dm_Linux_Drive': /usr/bin/cmake --build /home/orangepi/dm_joint_control/build/dm_Linux_Drive -- -j8 -l8
[0.445s] DEBUG:colcon.colcon_core.event_handler.log_command:Invoking command in '/home/orangepi/dm_joint_control/build/dm_main': /usr/bin/cmake --build /home/orangepi/dm_joint_control/build/dm_main -- -j8 -l8
[0.453s] DEBUG:colcon.colcon_core.event_handler.log_command:Invoking command in '/home/orangepi/dm_joint_control/build/turret': CMAKE_PREFIX_PATH=/opt/ros/humble /usr/bin/cmake --build /home/orangepi/dm_joint_control/build/turret -- -j8 -l8
[0.627s] DEBUG:colcon.colcon_core.event_handler.log_command:Invoked command in '/home/orangepi/dm_joint_control/build/dm_Linux_Drive' returned '0': /usr/bin/cmake --build /home/orangepi/dm_joint_control/build/dm_Linux_Drive -- -j8 -l8
[0.628s] WARNING:colcon.colcon_cmake.task.cmake.build:Could not run installation step for package 'dm_Linux_Drive' because it has no 'install' target
[0.628s] Level 1:colcon.colcon_core.environment:create_environment_scripts_only(dm_Linux_Drive)
[0.632s] Level 1:colcon.colcon_core.environment:checking '/home/orangepi/dm_joint_control/install/dm_Linux_Drive' for CMake module files
[0.632s] Level 1:colcon.colcon_core.environment:checking '/home/orangepi/dm_joint_control/install/dm_Linux_Drive' for CMake config files
[0.633s] Level 1:colcon.colcon_core.environment:checking '/home/orangepi/dm_joint_control/install/dm_Linux_Drive/bin'
[0.633s] Level 1:colcon.colcon_core.environment:checking '/home/orangepi/dm_joint_control/install/dm_Linux_Drive/lib/pkgconfig/dm_Linux_Drive.pc'
[0.636s] Level 1:colcon.colcon_core.environment:checking '/home/orangepi/dm_joint_control/install/dm_Linux_Drive/lib/python3.10/site-packages'
[0.637s] Level 1:colcon.colcon_core.environment:checking '/home/orangepi/dm_joint_control/install/dm_Linux_Drive/bin'
[0.638s] INFO:colcon.colcon_core.shell:Creating package script '/home/orangepi/dm_joint_control/install/dm_Linux_Drive/share/dm_Linux_Drive/package.ps1'
[0.639s] INFO:colcon.colcon_core.shell:Creating package descriptor '/home/orangepi/dm_joint_control/install/dm_Linux_Drive/share/dm_Linux_Drive/package.dsv'
[0.640s] INFO:colcon.colcon_core.shell:Creating package script '/home/orangepi/dm_joint_control/install/dm_Linux_Drive/share/dm_Linux_Drive/package.sh'
[0.641s] INFO:colcon.colcon_core.shell:Creating package script '/home/orangepi/dm_joint_control/install/dm_Linux_Drive/share/dm_Linux_Drive/package.bash'
[0.642s] INFO:colcon.colcon_core.shell:Creating package script '/home/orangepi/dm_joint_control/install/dm_Linux_Drive/share/dm_Linux_Drive/package.zsh'
[0.643s] Level 1:colcon.colcon_core.environment:create_file_with_runtime_dependencies(/home/orangepi/dm_joint_control/install/dm_Linux_Drive/share/colcon-core/packages/dm_Linux_Drive)
[0.647s] DEBUG:colcon.colcon_core.event_handler.log_command:Invoked command in '/home/orangepi/dm_joint_control/build/turret' returned '0': CMAKE_PREFIX_PATH=/opt/ros/humble /usr/bin/cmake --build /home/orangepi/dm_joint_control/build/turret -- -j8 -l8
[0.676s] DEBUG:colcon.colcon_core.event_handler.log_command:Invoking command in '/home/orangepi/dm_joint_control/build/turret': CMAKE_PREFIX_PATH=/opt/ros/humble /usr/bin/cmake --install /home/orangepi/dm_joint_control/build/turret
[0.711s] Level 1:colcon.colcon_core.environment:create_environment_scripts_only(turret)
[0.712s] Level 1:colcon.colcon_core.environment:checking '/home/orangepi/dm_joint_control/install/turret' for CMake module files
[0.712s] DEBUG:colcon.colcon_core.event_handler.log_command:Invoked command in '/home/orangepi/dm_joint_control/build/turret' returned '0': CMAKE_PREFIX_PATH=/opt/ros/humble /usr/bin/cmake --install /home/orangepi/dm_joint_control/build/turret
[0.713s] Level 1:colcon.colcon_core.environment:checking '/home/orangepi/dm_joint_control/install/turret' for CMake config files
[0.713s] Level 1:colcon.colcon_core.shell:create_environment_hook('turret', 'cmake_prefix_path')
[0.713s] INFO:colcon.colcon_core.shell:Creating environment hook '/home/orangepi/dm_joint_control/install/turret/share/turret/hook/cmake_prefix_path.ps1'
[0.719s] INFO:colcon.colcon_core.shell:Creating environment descriptor '/home/orangepi/dm_joint_control/install/turret/share/turret/hook/cmake_prefix_path.dsv'
[0.720s] INFO:colcon.colcon_core.shell:Creating environment hook '/home/orangepi/dm_joint_control/install/turret/share/turret/hook/cmake_prefix_path.sh'
[0.721s] Level 1:colcon.colcon_core.environment:checking '/home/orangepi/dm_joint_control/install/turret/lib'
[0.722s] Level 1:colcon.colcon_core.environment:checking '/home/orangepi/dm_joint_control/install/turret/bin'
[0.722s] Level 1:colcon.colcon_core.environment:checking '/home/orangepi/dm_joint_control/install/turret/lib/pkgconfig/turret.pc'
[0.722s] Level 1:colcon.colcon_core.environment:checking '/home/orangepi/dm_joint_control/install/turret/lib/python3.10/site-packages'
[0.723s] Level 1:colcon.colcon_core.environment:checking '/home/orangepi/dm_joint_control/install/turret/bin'
[0.723s] INFO:colcon.colcon_core.shell:Creating package script '/home/orangepi/dm_joint_control/install/turret/share/turret/package.ps1'
[0.724s] INFO:colcon.colcon_core.shell:Creating package descriptor '/home/orangepi/dm_joint_control/install/turret/share/turret/package.dsv'
[0.724s] INFO:colcon.colcon_core.shell:Creating package script '/home/orangepi/dm_joint_control/install/turret/share/turret/package.sh'
[0.725s] INFO:colcon.colcon_core.shell:Creating package script '/home/orangepi/dm_joint_control/install/turret/share/turret/package.bash'
[0.725s] INFO:colcon.colcon_core.shell:Creating package script '/home/orangepi/dm_joint_control/install/turret/share/turret/package.zsh'
[0.726s] Level 1:colcon.colcon_core.environment:create_file_with_runtime_dependencies(/home/orangepi/dm_joint_control/install/turret/share/colcon-core/packages/turret)
[0.727s] Level 1:colcon.colcon_core.environment:create_environment_scripts_only(turret)
[0.727s] Level 1:colcon.colcon_core.environment:checking '/home/orangepi/dm_joint_control/install/turret' for CMake module files
[0.728s] Level 1:colcon.colcon_core.environment:checking '/home/orangepi/dm_joint_control/install/turret' for CMake config files
[0.728s] Level 1:colcon.colcon_core.shell:create_environment_hook('turret', 'cmake_prefix_path')
[0.728s] INFO:colcon.colcon_core.shell:Creating environment hook '/home/orangepi/dm_joint_control/install/turret/share/turret/hook/cmake_prefix_path.ps1'
[0.729s] INFO:colcon.colcon_core.shell:Creating environment descriptor '/home/orangepi/dm_joint_control/install/turret/share/turret/hook/cmake_prefix_path.dsv'
[0.729s] INFO:colcon.colcon_core.shell:Creating environment hook '/home/orangepi/dm_joint_control/install/turret/share/turret/hook/cmake_prefix_path.sh'
[0.730s] Level 1:colcon.colcon_core.environment:checking '/home/orangepi/dm_joint_control/install/turret/lib'
[0.730s] Level 1:colcon.colcon_core.environment:checking '/home/orangepi/dm_joint_control/install/turret/bin'
[0.730s] Level 1:colcon.colcon_core.environment:checking '/home/orangepi/dm_joint_control/install/turret/lib/pkgconfig/turret.pc'
[0.730s] Level 1:colcon.colcon_core.environment:checking '/home/orangepi/dm_joint_control/install/turret/lib/python3.10/site-packages'
[0.731s] Level 1:colcon.colcon_core.environment:checking '/home/orangepi/dm_joint_control/install/turret/bin'
[0.731s] INFO:colcon.colcon_core.shell:Creating package script '/home/orangepi/dm_joint_control/install/turret/share/turret/package.ps1'
[0.732s] INFO:colcon.colcon_core.shell:Creating package descriptor '/home/orangepi/dm_joint_control/install/turret/share/turret/package.dsv'
[0.732s] INFO:colcon.colcon_core.shell:Creating package script '/home/orangepi/dm_joint_control/install/turret/share/turret/package.sh'
[0.734s] INFO:colcon.colcon_core.shell:Creating package script '/home/orangepi/dm_joint_control/install/turret/share/turret/package.bash'
[0.736s] INFO:colcon.colcon_core.shell:Creating package script '/home/orangepi/dm_joint_control/install/turret/share/turret/package.zsh'
[0.743s] Level 1:colcon.colcon_core.environment:create_file_with_runtime_dependencies(/home/orangepi/dm_joint_control/install/turret/share/colcon-core/packages/turret)
[0.801s] DEBUG:colcon.colcon_core.event_handler.log_command:Invoked command in '/home/orangepi/dm_joint_control/build/dm_main' returned '2': /usr/bin/cmake --build /home/orangepi/dm_joint_control/build/dm_main -- -j8 -l8
[0.810s] DEBUG:colcon.colcon_parallel_executor.executor.parallel:closing loop
[0.811s] DEBUG:colcon.colcon_parallel_executor.executor.parallel:loop closed
[0.811s] DEBUG:colcon.colcon_parallel_executor.executor.parallel:run_until_complete finished with '2'
[0.811s] DEBUG:colcon.colcon_core.event_reactor:joining thread
[0.862s] INFO:colcon.colcon_core.plugin_system:Skipping extension 'colcon_notification.desktop_notification.terminal_notifier': Not used on non-Darwin systems
[0.862s] INFO:colcon.colcon_core.plugin_system:Skipping extension 'colcon_notification.desktop_notification.win32': Not used on non-Windows systems
[0.863s] INFO:colcon.colcon_notification.desktop_notification:Sending desktop notification using 'notify2'
[0.886s] DEBUG:colcon.colcon_core.event_reactor:joined thread
[0.889s] INFO:colcon.colcon_core.shell:Creating prefix script '/home/orangepi/dm_joint_control/install/local_setup.ps1'
[0.896s] INFO:colcon.colcon_core.shell:Creating prefix util module '/home/orangepi/dm_joint_control/install/_local_setup_util_ps1.py'
[0.906s] INFO:colcon.colcon_core.shell:Creating prefix chain script '/home/orangepi/dm_joint_control/install/setup.ps1'
[0.912s] INFO:colcon.colcon_core.shell:Creating prefix script '/home/orangepi/dm_joint_control/install/local_setup.sh'
[0.916s] INFO:colcon.colcon_core.shell:Creating prefix util module '/home/orangepi/dm_joint_control/install/_local_setup_util_sh.py'
[0.919s] INFO:colcon.colcon_core.shell:Creating prefix chain script '/home/orangepi/dm_joint_control/install/setup.sh'
[0.925s] INFO:colcon.colcon_core.shell:Creating prefix script '/home/orangepi/dm_joint_control/install/local_setup.bash'
[0.927s] INFO:colcon.colcon_core.shell:Creating prefix chain script '/home/orangepi/dm_joint_control/install/setup.bash'
[0.932s] INFO:colcon.colcon_core.shell:Creating prefix script '/home/orangepi/dm_joint_control/install/local_setup.zsh'
[0.935s] INFO:colcon.colcon_core.shell:Creating prefix chain script '/home/orangepi/dm_joint_control/install/setup.zsh'
