-- The C compiler identification is GNU 11.4.0
-- The CXX compiler identification is GNU 11.4.0
-- Detecting C compiler ABI info
-- Detecting C compiler ABI info - done
-- Check for working C compiler: /usr/bin/cc - skipped
-- Detecting C compile features
-- Detecting C compile features - done
-- Detecting CXX compiler ABI info
-- Detecting CXX compiler ABI info - done
-- Check for working CXX compiler: /usr/bin/c++ - skipped
-- Detecting CXX compile features
-- Detecting CXX compile features - done
-- Configuring done
-- Generating done
-- Build files have been written to: /home/stick/dm_joint_control/build/dm_Linux_Drive
[ 12%] [32mBuilding CXX object CMakeFiles/test_damiao.dir/src/test_damiao.cpp.o[0m
[ 25%] [32mBuilding CXX object CMakeFiles/dm_motor_position.dir/src/dm_motor_run.cpp.o[0m
[ 37%] [32mBuilding CXX object CMakeFiles/dm_set_zero_position.dir/src/dm_set_zero_position.cpp.o[0m
[ 50%] [32mBuilding CXX object CMakeFiles/dm_motor_rerun.dir/src/dm_motor_rerun.cpp.o[0m
[ 62%] [32m[1mLinking CXX executable dm_set_zero_position[0m
[ 75%] [32m[1mLinking CXX executable test_damiao[0m
[ 87%] [32m[1mLinking CXX executable dm_motor_position[0m
[ 87%] Built target dm_set_zero_position
[ 87%] Built target test_damiao
[ 87%] Built target dm_motor_position
