[0.006s] Invoking command in '/home/stick/dm_joint_control/build/turret': CMAKE_PREFIX_PATH=/opt/ros/humble CONDA_PROMPT_MODIFIER=(base) /usr/bin/cmake /home/stick/dm_joint_control/src/turret -DCMAKE_INSTALL_PREFIX=/home/stick/dm_joint_control/install/turret
[0.068s] -- The C compiler identification is GNU 11.4.0
[0.117s] -- The CXX compiler identification is GNU 11.4.0
[0.122s] -- Detecting C compiler ABI info
[0.162s] -- Detecting C compiler ABI info - done
[0.167s] -- Check for working C compiler: /usr/bin/cc - skipped
[0.167s] -- Detecting C compile features
[0.167s] -- Detecting C compile features - done
[0.168s] -- Detecting CXX compiler ABI info
[0.216s] -- Detecting CXX compiler ABI info - done
[0.222s] -- Check for working CXX compiler: /usr/bin/c++ - skipped
[0.222s] -- Detecting CXX compile features
[0.222s] -- Detecting CXX compile features - done
[0.224s] -- Found ament_cmake: 1.3.12 (/opt/ros/humble/share/ament_cmake/cmake)
[0.429s] -- Found Python3: /home/stick/anaconda3/bin/python3 (found version "3.12.7") found components: Interpreter 
[0.490s] -- Found rclcpp: 16.0.15 (/opt/ros/humble/share/rclcpp/cmake)
[0.515s] -- Found rosidl_generator_c: 3.1.7 (/opt/ros/humble/share/rosidl_generator_c/cmake)
[0.517s] -- Found rosidl_adapter: 3.1.7 (/opt/ros/humble/share/rosidl_adapter/cmake)
[0.521s] -- Found rosidl_generator_cpp: 3.1.7 (/opt/ros/humble/share/rosidl_generator_cpp/cmake)
[0.528s] -- Using all available rosidl_typesupport_c: rosidl_typesupport_fastrtps_c;rosidl_typesupport_introspection_c
[0.536s] -- Using all available rosidl_typesupport_cpp: rosidl_typesupport_fastrtps_cpp;rosidl_typesupport_introspection_cpp
[0.560s] -- Found rmw_implementation_cmake: 6.1.2 (/opt/ros/humble/share/rmw_implementation_cmake/cmake)
[0.562s] -- Found rmw_fastrtps_cpp: 6.2.9 (/opt/ros/humble/share/rmw_fastrtps_cpp/cmake)
[0.613s] -- Found OpenSSL: /usr/lib/x86_64-linux-gnu/libcrypto.so (found version "3.0.2")  
[0.629s] -- Found FastRTPS: /opt/ros/humble/include  
[0.654s] -- Using RMW implementation 'rmw_fastrtps_cpp' as default
[0.661s] -- Looking for pthread.h
[0.703s] -- Looking for pthread.h - found
[0.703s] -- Performing Test CMAKE_HAVE_LIBC_PTHREAD
[0.742s] -- Performing Test CMAKE_HAVE_LIBC_PTHREAD - Success
[0.743s] -- Found Threads: TRUE  
[0.772s] -- Found ament_lint_auto: 0.12.14 (/opt/ros/humble/share/ament_lint_auto/cmake)
[0.831s] -- Added test 'cppcheck' to perform static code analysis on C / C++ code
[0.831s] -- Configured cppcheck include dirs: /home/stick/dm_joint_control/src/turret/include
[0.831s] -- Configured cppcheck exclude dirs and/or files: 
[0.831s] -- Added test 'lint_cmake' to check CMake code style
[0.831s] -- Added test 'uncrustify' to check C / C++ code style
[0.831s] -- Configured uncrustify additional arguments: 
[0.832s] -- Added test 'xmllint' to check XML markup files
[0.832s] -- Configuring done
[0.837s] -- Generating done
[0.838s] -- Build files have been written to: /home/stick/dm_joint_control/build/turret
