[0.045s] DEBUG:colcon:Command line arguments: ['/usr/bin/colcon', 'build']
[0.045s] DEBUG:colcon:Parsed command line arguments: Namespace(log_base=None, log_level=None, verb_name='build', build_base='build', install_base='install', merge_install=False, symlink_install=False, test_result_base=None, continue_on_error=False, executor='parallel', parallel_workers=20, event_handlers=None, ignore_user_meta=False, metas=['./colcon.meta'], base_paths=['.'], packages_ignore=None, packages_ignore_regex=None, paths=None, packages_up_to=None, packages_up_to_regex=None, packages_above=None, packages_above_and_dependencies=None, packages_above_depth=None, packages_select_by_dep=None, packages_skip_by_dep=None, packages_skip_up_to=None, packages_select_build_failed=False, packages_skip_build_finished=False, packages_select_test_failures=False, packages_skip_test_passed=False, packages_select=None, packages_skip=None, packages_select_regex=None, packages_skip_regex=None, packages_start=None, packages_end=None, allow_overriding=[], cmake_args=None, cmake_target=None, cmake_target_skip_unavailable=False, cmake_clean_cache=False, cmake_clean_first=False, cmake_force_configure=False, ament_cmake_args=None, catkin_cmake_args=None, catkin_skip_building_tests=False, verb_parser=<colcon_defaults.argument_parser.defaults.DefaultArgumentsDecorator object at 0x7d5584acfc10>, verb_extension=<colcon_core.verb.build.BuildVerb object at 0x7d5584acf730>, main=<bound method BuildVerb.main of <colcon_core.verb.build.BuildVerb object at 0x7d5584acf730>>)
[0.109s] Level 1:colcon.colcon_core.package_discovery:discover_packages(colcon_meta) check parameters
[0.109s] Level 1:colcon.colcon_core.package_discovery:discover_packages(recursive) check parameters
[0.109s] Level 1:colcon.colcon_core.package_discovery:discover_packages(ignore) check parameters
[0.109s] Level 1:colcon.colcon_core.package_discovery:discover_packages(path) check parameters
[0.109s] Level 1:colcon.colcon_core.package_discovery:discover_packages(colcon_meta) discover
[0.109s] Level 1:colcon.colcon_core.package_discovery:discover_packages(recursive) discover
[0.110s] INFO:colcon.colcon_core.package_discovery:Crawling recursively for packages in '/home/stick/dm_joint_control'
[0.110s] Level 1:colcon.colcon_core.package_identification:_identify(.) by extensions ['ignore', 'ignore_ament_install']
[0.110s] Level 1:colcon.colcon_core.package_identification:_identify(.) by extension 'ignore'
[0.110s] Level 1:colcon.colcon_core.package_identification:_identify(.) by extension 'ignore_ament_install'
[0.110s] Level 1:colcon.colcon_core.package_identification:_identify(.) by extensions ['colcon_pkg']
[0.110s] Level 1:colcon.colcon_core.package_identification:_identify(.) by extension 'colcon_pkg'
[0.110s] Level 1:colcon.colcon_core.package_identification:_identify(.) by extensions ['colcon_meta']
[0.110s] Level 1:colcon.colcon_core.package_identification:_identify(.) by extension 'colcon_meta'
[0.110s] Level 1:colcon.colcon_core.package_identification:_identify(.) by extensions ['ros']
[0.110s] Level 1:colcon.colcon_core.package_identification:_identify(.) by extension 'ros'
[0.115s] Level 1:colcon.colcon_core.package_identification:_identify(.) by extensions ['cmake', 'python']
[0.115s] Level 1:colcon.colcon_core.package_identification:_identify(.) by extension 'cmake'
[0.115s] Level 1:colcon.colcon_core.package_identification:_identify(.) by extension 'python'
[0.115s] Level 1:colcon.colcon_core.package_identification:_identify(.) by extensions ['python_setup_py']
[0.115s] Level 1:colcon.colcon_core.package_identification:_identify(.) by extension 'python_setup_py'
[0.115s] Level 1:colcon.colcon_core.package_identification:_identify(build) by extensions ['ignore', 'ignore_ament_install']
[0.115s] Level 1:colcon.colcon_core.package_identification:_identify(build) by extension 'ignore'
[0.115s] Level 1:colcon.colcon_core.package_identification:_identify(build) ignored
[0.115s] Level 1:colcon.colcon_core.package_identification:_identify(install) by extensions ['ignore', 'ignore_ament_install']
[0.115s] Level 1:colcon.colcon_core.package_identification:_identify(install) by extension 'ignore'
[0.115s] Level 1:colcon.colcon_core.package_identification:_identify(install) ignored
[0.115s] Level 1:colcon.colcon_core.package_identification:_identify(log) by extensions ['ignore', 'ignore_ament_install']
[0.115s] Level 1:colcon.colcon_core.package_identification:_identify(log) by extension 'ignore'
[0.115s] Level 1:colcon.colcon_core.package_identification:_identify(log) ignored
[0.115s] Level 1:colcon.colcon_core.package_identification:_identify(src) by extensions ['ignore', 'ignore_ament_install']
[0.115s] Level 1:colcon.colcon_core.package_identification:_identify(src) by extension 'ignore'
[0.115s] Level 1:colcon.colcon_core.package_identification:_identify(src) by extension 'ignore_ament_install'
[0.115s] Level 1:colcon.colcon_core.package_identification:_identify(src) by extensions ['colcon_pkg']
[0.115s] Level 1:colcon.colcon_core.package_identification:_identify(src) by extension 'colcon_pkg'
[0.115s] Level 1:colcon.colcon_core.package_identification:_identify(src) by extensions ['colcon_meta']
[0.116s] Level 1:colcon.colcon_core.package_identification:_identify(src) by extension 'colcon_meta'
[0.116s] Level 1:colcon.colcon_core.package_identification:_identify(src) by extensions ['ros']
[0.116s] Level 1:colcon.colcon_core.package_identification:_identify(src) by extension 'ros'
[0.116s] Level 1:colcon.colcon_core.package_identification:_identify(src) by extensions ['cmake', 'python']
[0.116s] Level 1:colcon.colcon_core.package_identification:_identify(src) by extension 'cmake'
[0.116s] Level 1:colcon.colcon_core.package_identification:_identify(src) by extension 'python'
[0.116s] Level 1:colcon.colcon_core.package_identification:_identify(src) by extensions ['python_setup_py']
[0.116s] Level 1:colcon.colcon_core.package_identification:_identify(src) by extension 'python_setup_py'
[0.116s] Level 1:colcon.colcon_core.package_identification:_identify(src/DM_USB_to_canfd) by extensions ['ignore', 'ignore_ament_install']
[0.116s] Level 1:colcon.colcon_core.package_identification:_identify(src/DM_USB_to_canfd) by extension 'ignore'
[0.116s] Level 1:colcon.colcon_core.package_identification:_identify(src/DM_USB_to_canfd) by extension 'ignore_ament_install'
[0.116s] Level 1:colcon.colcon_core.package_identification:_identify(src/DM_USB_to_canfd) by extensions ['colcon_pkg']
[0.116s] Level 1:colcon.colcon_core.package_identification:_identify(src/DM_USB_to_canfd) by extension 'colcon_pkg'
[0.116s] Level 1:colcon.colcon_core.package_identification:_identify(src/DM_USB_to_canfd) by extensions ['colcon_meta']
[0.116s] Level 1:colcon.colcon_core.package_identification:_identify(src/DM_USB_to_canfd) by extension 'colcon_meta'
[0.116s] Level 1:colcon.colcon_core.package_identification:_identify(src/DM_USB_to_canfd) by extensions ['ros']
[0.116s] Level 1:colcon.colcon_core.package_identification:_identify(src/DM_USB_to_canfd) by extension 'ros'
[0.116s] Level 1:colcon.colcon_core.package_identification:_identify(src/DM_USB_to_canfd) by extensions ['cmake', 'python']
[0.116s] Level 1:colcon.colcon_core.package_identification:_identify(src/DM_USB_to_canfd) by extension 'cmake'
[0.116s] Level 1:colcon.colcon_core.package_identification:_identify(src/DM_USB_to_canfd) by extension 'python'
[0.116s] Level 1:colcon.colcon_core.package_identification:_identify(src/DM_USB_to_canfd) by extensions ['python_setup_py']
[0.116s] Level 1:colcon.colcon_core.package_identification:_identify(src/DM_USB_to_canfd) by extension 'python_setup_py'
[0.116s] Level 1:colcon.colcon_core.package_identification:_identify(src/DM_USB_to_canfd/docs) by extensions ['ignore', 'ignore_ament_install']
[0.116s] Level 1:colcon.colcon_core.package_identification:_identify(src/DM_USB_to_canfd/docs) by extension 'ignore'
[0.116s] Level 1:colcon.colcon_core.package_identification:_identify(src/DM_USB_to_canfd/docs) by extension 'ignore_ament_install'
[0.116s] Level 1:colcon.colcon_core.package_identification:_identify(src/DM_USB_to_canfd/docs) by extensions ['colcon_pkg']
[0.116s] Level 1:colcon.colcon_core.package_identification:_identify(src/DM_USB_to_canfd/docs) by extension 'colcon_pkg'
[0.116s] Level 1:colcon.colcon_core.package_identification:_identify(src/DM_USB_to_canfd/docs) by extensions ['colcon_meta']
[0.116s] Level 1:colcon.colcon_core.package_identification:_identify(src/DM_USB_to_canfd/docs) by extension 'colcon_meta'
[0.116s] Level 1:colcon.colcon_core.package_identification:_identify(src/DM_USB_to_canfd/docs) by extensions ['ros']
[0.116s] Level 1:colcon.colcon_core.package_identification:_identify(src/DM_USB_to_canfd/docs) by extension 'ros'
[0.116s] Level 1:colcon.colcon_core.package_identification:_identify(src/DM_USB_to_canfd/docs) by extensions ['cmake', 'python']
[0.116s] Level 1:colcon.colcon_core.package_identification:_identify(src/DM_USB_to_canfd/docs) by extension 'cmake'
[0.116s] Level 1:colcon.colcon_core.package_identification:_identify(src/DM_USB_to_canfd/docs) by extension 'python'
[0.116s] Level 1:colcon.colcon_core.package_identification:_identify(src/DM_USB_to_canfd/docs) by extensions ['python_setup_py']
[0.116s] Level 1:colcon.colcon_core.package_identification:_identify(src/DM_USB_to_canfd/docs) by extension 'python_setup_py'
[0.116s] Level 1:colcon.colcon_core.package_identification:_identify(src/DM_USB_to_canfd/include) by extensions ['ignore', 'ignore_ament_install']
[0.116s] Level 1:colcon.colcon_core.package_identification:_identify(src/DM_USB_to_canfd/include) by extension 'ignore'
[0.116s] Level 1:colcon.colcon_core.package_identification:_identify(src/DM_USB_to_canfd/include) by extension 'ignore_ament_install'
[0.116s] Level 1:colcon.colcon_core.package_identification:_identify(src/DM_USB_to_canfd/include) by extensions ['colcon_pkg']
[0.116s] Level 1:colcon.colcon_core.package_identification:_identify(src/DM_USB_to_canfd/include) by extension 'colcon_pkg'
[0.116s] Level 1:colcon.colcon_core.package_identification:_identify(src/DM_USB_to_canfd/include) by extensions ['colcon_meta']
[0.116s] Level 1:colcon.colcon_core.package_identification:_identify(src/DM_USB_to_canfd/include) by extension 'colcon_meta'
[0.116s] Level 1:colcon.colcon_core.package_identification:_identify(src/DM_USB_to_canfd/include) by extensions ['ros']
[0.116s] Level 1:colcon.colcon_core.package_identification:_identify(src/DM_USB_to_canfd/include) by extension 'ros'
[0.116s] Level 1:colcon.colcon_core.package_identification:_identify(src/DM_USB_to_canfd/include) by extensions ['cmake', 'python']
[0.116s] Level 1:colcon.colcon_core.package_identification:_identify(src/DM_USB_to_canfd/include) by extension 'cmake'
[0.116s] Level 1:colcon.colcon_core.package_identification:_identify(src/DM_USB_to_canfd/include) by extension 'python'
[0.116s] Level 1:colcon.colcon_core.package_identification:_identify(src/DM_USB_to_canfd/include) by extensions ['python_setup_py']
[0.116s] Level 1:colcon.colcon_core.package_identification:_identify(src/DM_USB_to_canfd/include) by extension 'python_setup_py'
[0.116s] Level 1:colcon.colcon_core.package_identification:_identify(src/DM_USB_to_canfd/include/protocol) by extensions ['ignore', 'ignore_ament_install']
[0.116s] Level 1:colcon.colcon_core.package_identification:_identify(src/DM_USB_to_canfd/include/protocol) by extension 'ignore'
[0.116s] Level 1:colcon.colcon_core.package_identification:_identify(src/DM_USB_to_canfd/include/protocol) by extension 'ignore_ament_install'
[0.116s] Level 1:colcon.colcon_core.package_identification:_identify(src/DM_USB_to_canfd/include/protocol) by extensions ['colcon_pkg']
[0.116s] Level 1:colcon.colcon_core.package_identification:_identify(src/DM_USB_to_canfd/include/protocol) by extension 'colcon_pkg'
[0.116s] Level 1:colcon.colcon_core.package_identification:_identify(src/DM_USB_to_canfd/include/protocol) by extensions ['colcon_meta']
[0.117s] Level 1:colcon.colcon_core.package_identification:_identify(src/DM_USB_to_canfd/include/protocol) by extension 'colcon_meta'
[0.117s] Level 1:colcon.colcon_core.package_identification:_identify(src/DM_USB_to_canfd/include/protocol) by extensions ['ros']
[0.117s] Level 1:colcon.colcon_core.package_identification:_identify(src/DM_USB_to_canfd/include/protocol) by extension 'ros'
[0.117s] Level 1:colcon.colcon_core.package_identification:_identify(src/DM_USB_to_canfd/include/protocol) by extensions ['cmake', 'python']
[0.117s] Level 1:colcon.colcon_core.package_identification:_identify(src/DM_USB_to_canfd/include/protocol) by extension 'cmake'
[0.117s] Level 1:colcon.colcon_core.package_identification:_identify(src/DM_USB_to_canfd/include/protocol) by extension 'python'
[0.117s] Level 1:colcon.colcon_core.package_identification:_identify(src/DM_USB_to_canfd/include/protocol) by extensions ['python_setup_py']
[0.117s] Level 1:colcon.colcon_core.package_identification:_identify(src/DM_USB_to_canfd/include/protocol) by extension 'python_setup_py'
[0.117s] Level 1:colcon.colcon_core.package_identification:_identify(src/DM_USB_to_canfd/include/unit) by extensions ['ignore', 'ignore_ament_install']
[0.117s] Level 1:colcon.colcon_core.package_identification:_identify(src/DM_USB_to_canfd/include/unit) by extension 'ignore'
[0.117s] Level 1:colcon.colcon_core.package_identification:_identify(src/DM_USB_to_canfd/include/unit) by extension 'ignore_ament_install'
[0.117s] Level 1:colcon.colcon_core.package_identification:_identify(src/DM_USB_to_canfd/include/unit) by extensions ['colcon_pkg']
[0.117s] Level 1:colcon.colcon_core.package_identification:_identify(src/DM_USB_to_canfd/include/unit) by extension 'colcon_pkg'
[0.117s] Level 1:colcon.colcon_core.package_identification:_identify(src/DM_USB_to_canfd/include/unit) by extensions ['colcon_meta']
[0.117s] Level 1:colcon.colcon_core.package_identification:_identify(src/DM_USB_to_canfd/include/unit) by extension 'colcon_meta'
[0.117s] Level 1:colcon.colcon_core.package_identification:_identify(src/DM_USB_to_canfd/include/unit) by extensions ['ros']
[0.117s] Level 1:colcon.colcon_core.package_identification:_identify(src/DM_USB_to_canfd/include/unit) by extension 'ros'
[0.117s] Level 1:colcon.colcon_core.package_identification:_identify(src/DM_USB_to_canfd/include/unit) by extensions ['cmake', 'python']
[0.117s] Level 1:colcon.colcon_core.package_identification:_identify(src/DM_USB_to_canfd/include/unit) by extension 'cmake'
[0.117s] Level 1:colcon.colcon_core.package_identification:_identify(src/DM_USB_to_canfd/include/unit) by extension 'python'
[0.117s] Level 1:colcon.colcon_core.package_identification:_identify(src/DM_USB_to_canfd/include/unit) by extensions ['python_setup_py']
[0.117s] Level 1:colcon.colcon_core.package_identification:_identify(src/DM_USB_to_canfd/include/unit) by extension 'python_setup_py'
[0.117s] Level 1:colcon.colcon_core.package_identification:_identify(src/DM_USB_to_canfd/lib) by extensions ['ignore', 'ignore_ament_install']
[0.117s] Level 1:colcon.colcon_core.package_identification:_identify(src/DM_USB_to_canfd/lib) by extension 'ignore'
[0.117s] Level 1:colcon.colcon_core.package_identification:_identify(src/DM_USB_to_canfd/lib) by extension 'ignore_ament_install'
[0.117s] Level 1:colcon.colcon_core.package_identification:_identify(src/DM_USB_to_canfd/lib) by extensions ['colcon_pkg']
[0.117s] Level 1:colcon.colcon_core.package_identification:_identify(src/DM_USB_to_canfd/lib) by extension 'colcon_pkg'
[0.117s] Level 1:colcon.colcon_core.package_identification:_identify(src/DM_USB_to_canfd/lib) by extensions ['colcon_meta']
[0.117s] Level 1:colcon.colcon_core.package_identification:_identify(src/DM_USB_to_canfd/lib) by extension 'colcon_meta'
[0.117s] Level 1:colcon.colcon_core.package_identification:_identify(src/DM_USB_to_canfd/lib) by extensions ['ros']
[0.117s] Level 1:colcon.colcon_core.package_identification:_identify(src/DM_USB_to_canfd/lib) by extension 'ros'
[0.117s] Level 1:colcon.colcon_core.package_identification:_identify(src/DM_USB_to_canfd/lib) by extensions ['cmake', 'python']
[0.117s] Level 1:colcon.colcon_core.package_identification:_identify(src/DM_USB_to_canfd/lib) by extension 'cmake'
[0.117s] Level 1:colcon.colcon_core.package_identification:_identify(src/DM_USB_to_canfd/lib) by extension 'python'
[0.117s] Level 1:colcon.colcon_core.package_identification:_identify(src/DM_USB_to_canfd/lib) by extensions ['python_setup_py']
[0.117s] Level 1:colcon.colcon_core.package_identification:_identify(src/DM_USB_to_canfd/lib) by extension 'python_setup_py'
[0.117s] Level 1:colcon.colcon_core.package_identification:_identify(src/DM_USB_to_canfd/src) by extensions ['ignore', 'ignore_ament_install']
[0.117s] Level 1:colcon.colcon_core.package_identification:_identify(src/DM_USB_to_canfd/src) by extension 'ignore'
[0.117s] Level 1:colcon.colcon_core.package_identification:_identify(src/DM_USB_to_canfd/src) by extension 'ignore_ament_install'
[0.117s] Level 1:colcon.colcon_core.package_identification:_identify(src/DM_USB_to_canfd/src) by extensions ['colcon_pkg']
[0.117s] Level 1:colcon.colcon_core.package_identification:_identify(src/DM_USB_to_canfd/src) by extension 'colcon_pkg'
[0.117s] Level 1:colcon.colcon_core.package_identification:_identify(src/DM_USB_to_canfd/src) by extensions ['colcon_meta']
[0.117s] Level 1:colcon.colcon_core.package_identification:_identify(src/DM_USB_to_canfd/src) by extension 'colcon_meta'
[0.117s] Level 1:colcon.colcon_core.package_identification:_identify(src/DM_USB_to_canfd/src) by extensions ['ros']
[0.117s] Level 1:colcon.colcon_core.package_identification:_identify(src/DM_USB_to_canfd/src) by extension 'ros'
[0.117s] Level 1:colcon.colcon_core.package_identification:_identify(src/DM_USB_to_canfd/src) by extensions ['cmake', 'python']
[0.117s] Level 1:colcon.colcon_core.package_identification:_identify(src/DM_USB_to_canfd/src) by extension 'cmake'
[0.117s] Level 1:colcon.colcon_core.package_identification:_identify(src/DM_USB_to_canfd/src) by extension 'python'
[0.117s] Level 1:colcon.colcon_core.package_identification:_identify(src/DM_USB_to_canfd/src) by extensions ['python_setup_py']
[0.117s] Level 1:colcon.colcon_core.package_identification:_identify(src/DM_USB_to_canfd/src) by extension 'python_setup_py'
[0.117s] Level 1:colcon.colcon_core.package_identification:_identify(src/DM_USB_to_canfd/src/protocol) by extensions ['ignore', 'ignore_ament_install']
[0.117s] Level 1:colcon.colcon_core.package_identification:_identify(src/DM_USB_to_canfd/src/protocol) by extension 'ignore'
[0.117s] Level 1:colcon.colcon_core.package_identification:_identify(src/DM_USB_to_canfd/src/protocol) by extension 'ignore_ament_install'
[0.117s] Level 1:colcon.colcon_core.package_identification:_identify(src/DM_USB_to_canfd/src/protocol) by extensions ['colcon_pkg']
[0.117s] Level 1:colcon.colcon_core.package_identification:_identify(src/DM_USB_to_canfd/src/protocol) by extension 'colcon_pkg'
[0.117s] Level 1:colcon.colcon_core.package_identification:_identify(src/DM_USB_to_canfd/src/protocol) by extensions ['colcon_meta']
[0.118s] Level 1:colcon.colcon_core.package_identification:_identify(src/DM_USB_to_canfd/src/protocol) by extension 'colcon_meta'
[0.118s] Level 1:colcon.colcon_core.package_identification:_identify(src/DM_USB_to_canfd/src/protocol) by extensions ['ros']
[0.118s] Level 1:colcon.colcon_core.package_identification:_identify(src/DM_USB_to_canfd/src/protocol) by extension 'ros'
[0.118s] Level 1:colcon.colcon_core.package_identification:_identify(src/DM_USB_to_canfd/src/protocol) by extensions ['cmake', 'python']
[0.118s] Level 1:colcon.colcon_core.package_identification:_identify(src/DM_USB_to_canfd/src/protocol) by extension 'cmake'
[0.118s] Level 1:colcon.colcon_core.package_identification:_identify(src/DM_USB_to_canfd/src/protocol) by extension 'python'
[0.118s] Level 1:colcon.colcon_core.package_identification:_identify(src/DM_USB_to_canfd/src/protocol) by extensions ['python_setup_py']
[0.118s] Level 1:colcon.colcon_core.package_identification:_identify(src/DM_USB_to_canfd/src/protocol) by extension 'python_setup_py'
[0.118s] Level 1:colcon.colcon_core.package_identification:_identify(src/camera_usb) by extensions ['ignore', 'ignore_ament_install']
[0.118s] Level 1:colcon.colcon_core.package_identification:_identify(src/camera_usb) by extension 'ignore'
[0.118s] Level 1:colcon.colcon_core.package_identification:_identify(src/camera_usb) by extension 'ignore_ament_install'
[0.118s] Level 1:colcon.colcon_core.package_identification:_identify(src/camera_usb) by extensions ['colcon_pkg']
[0.118s] Level 1:colcon.colcon_core.package_identification:_identify(src/camera_usb) by extension 'colcon_pkg'
[0.118s] Level 1:colcon.colcon_core.package_identification:_identify(src/camera_usb) by extensions ['colcon_meta']
[0.118s] Level 1:colcon.colcon_core.package_identification:_identify(src/camera_usb) by extension 'colcon_meta'
[0.118s] Level 1:colcon.colcon_core.package_identification:_identify(src/camera_usb) by extensions ['ros']
[0.118s] Level 1:colcon.colcon_core.package_identification:_identify(src/camera_usb) by extension 'ros'
[0.118s] Level 1:colcon.colcon_core.package_identification:_identify(src/camera_usb) by extensions ['cmake', 'python']
[0.118s] Level 1:colcon.colcon_core.package_identification:_identify(src/camera_usb) by extension 'cmake'
[0.118s] Level 1:colcon.colcon_core.package_identification:_identify(src/camera_usb) by extension 'python'
[0.118s] DEBUG:colcon.colcon_core.package_identification:Package 'src/camera_usb' with type 'cmake' and name 'VideoStreamExample'
[0.118s] Level 1:colcon.colcon_core.package_identification:_identify(src/turret) by extensions ['ignore', 'ignore_ament_install']
[0.118s] Level 1:colcon.colcon_core.package_identification:_identify(src/turret) by extension 'ignore'
[0.118s] Level 1:colcon.colcon_core.package_identification:_identify(src/turret) by extension 'ignore_ament_install'
[0.119s] Level 1:colcon.colcon_core.package_identification:_identify(src/turret) by extensions ['colcon_pkg']
[0.119s] Level 1:colcon.colcon_core.package_identification:_identify(src/turret) by extension 'colcon_pkg'
[0.119s] Level 1:colcon.colcon_core.package_identification:_identify(src/turret) by extensions ['colcon_meta']
[0.119s] Level 1:colcon.colcon_core.package_identification:_identify(src/turret) by extension 'colcon_meta'
[0.119s] Level 1:colcon.colcon_core.package_identification:_identify(src/turret) by extensions ['ros']
[0.119s] Level 1:colcon.colcon_core.package_identification:_identify(src/turret) by extension 'ros'
[0.120s] DEBUG:colcon.colcon_core.package_identification:Package 'src/turret' with type 'ros.ament_cmake' and name 'turret'
[0.120s] Level 1:colcon.colcon_core.package_identification:_identify(src/u2can) by extensions ['ignore', 'ignore_ament_install']
[0.120s] Level 1:colcon.colcon_core.package_identification:_identify(src/u2can) by extension 'ignore'
[0.120s] Level 1:colcon.colcon_core.package_identification:_identify(src/u2can) by extension 'ignore_ament_install'
[0.120s] Level 1:colcon.colcon_core.package_identification:_identify(src/u2can) by extensions ['colcon_pkg']
[0.120s] Level 1:colcon.colcon_core.package_identification:_identify(src/u2can) by extension 'colcon_pkg'
[0.120s] Level 1:colcon.colcon_core.package_identification:_identify(src/u2can) by extensions ['colcon_meta']
[0.120s] Level 1:colcon.colcon_core.package_identification:_identify(src/u2can) by extension 'colcon_meta'
[0.120s] Level 1:colcon.colcon_core.package_identification:_identify(src/u2can) by extensions ['ros']
[0.120s] Level 1:colcon.colcon_core.package_identification:_identify(src/u2can) by extension 'ros'
[0.120s] Level 1:colcon.colcon_core.package_identification:_identify(src/u2can) by extensions ['cmake', 'python']
[0.120s] Level 1:colcon.colcon_core.package_identification:_identify(src/u2can) by extension 'cmake'
[0.121s] Level 1:colcon.colcon_core.package_identification:_identify(src/u2can) by extension 'python'
[0.121s] DEBUG:colcon.colcon_core.package_identification:Package 'src/u2can' with type 'cmake' and name 'dm_Linux_Drive'
[0.121s] Level 1:colcon.colcon_core.package_discovery:discover_packages(recursive) using defaults
[0.121s] Level 1:colcon.colcon_core.package_discovery:discover_packages(ignore) discover
[0.121s] Level 1:colcon.colcon_core.package_discovery:discover_packages(ignore) using defaults
[0.121s] Level 1:colcon.colcon_core.package_discovery:discover_packages(path) discover
[0.121s] Level 1:colcon.colcon_core.package_discovery:discover_packages(path) using defaults
[0.130s] Level 1:colcon.colcon_core.package_discovery:discover_packages(prefix_path) check parameters
[0.130s] Level 1:colcon.colcon_core.package_discovery:discover_packages(prefix_path) discover
[0.131s] DEBUG:colcon.colcon_installed_package_information.package_discovery:Found 275 installed packages in /opt/ros/humble
[0.132s] Level 1:colcon.colcon_core.package_discovery:discover_packages(prefix_path) using defaults
[0.152s] Level 5:colcon.colcon_core.verb:set package 'VideoStreamExample' build argument 'cmake_args' from command line to 'None'
[0.152s] Level 5:colcon.colcon_core.verb:set package 'VideoStreamExample' build argument 'cmake_target' from command line to 'None'
[0.152s] Level 5:colcon.colcon_core.verb:set package 'VideoStreamExample' build argument 'cmake_target_skip_unavailable' from command line to 'False'
[0.152s] Level 5:colcon.colcon_core.verb:set package 'VideoStreamExample' build argument 'cmake_clean_cache' from command line to 'False'
[0.152s] Level 5:colcon.colcon_core.verb:set package 'VideoStreamExample' build argument 'cmake_clean_first' from command line to 'False'
[0.152s] Level 5:colcon.colcon_core.verb:set package 'VideoStreamExample' build argument 'cmake_force_configure' from command line to 'False'
[0.152s] Level 5:colcon.colcon_core.verb:set package 'VideoStreamExample' build argument 'ament_cmake_args' from command line to 'None'
[0.152s] Level 5:colcon.colcon_core.verb:set package 'VideoStreamExample' build argument 'catkin_cmake_args' from command line to 'None'
[0.152s] Level 5:colcon.colcon_core.verb:set package 'VideoStreamExample' build argument 'catkin_skip_building_tests' from command line to 'False'
[0.152s] DEBUG:colcon.colcon_core.verb:Building package 'VideoStreamExample' with the following arguments: {'ament_cmake_args': None, 'build_base': '/home/stick/dm_joint_control/build/VideoStreamExample', 'catkin_cmake_args': None, 'catkin_skip_building_tests': False, 'cmake_args': None, 'cmake_clean_cache': False, 'cmake_clean_first': False, 'cmake_force_configure': False, 'cmake_target': None, 'cmake_target_skip_unavailable': False, 'install_base': '/home/stick/dm_joint_control/install/VideoStreamExample', 'merge_install': False, 'path': '/home/stick/dm_joint_control/src/camera_usb', 'symlink_install': False, 'test_result_base': None}
[0.152s] Level 5:colcon.colcon_core.verb:set package 'dm_Linux_Drive' build argument 'cmake_args' from command line to 'None'
[0.152s] Level 5:colcon.colcon_core.verb:set package 'dm_Linux_Drive' build argument 'cmake_target' from command line to 'None'
[0.152s] Level 5:colcon.colcon_core.verb:set package 'dm_Linux_Drive' build argument 'cmake_target_skip_unavailable' from command line to 'False'
[0.152s] Level 5:colcon.colcon_core.verb:set package 'dm_Linux_Drive' build argument 'cmake_clean_cache' from command line to 'False'
[0.152s] Level 5:colcon.colcon_core.verb:set package 'dm_Linux_Drive' build argument 'cmake_clean_first' from command line to 'False'
[0.152s] Level 5:colcon.colcon_core.verb:set package 'dm_Linux_Drive' build argument 'cmake_force_configure' from command line to 'False'
[0.152s] Level 5:colcon.colcon_core.verb:set package 'dm_Linux_Drive' build argument 'ament_cmake_args' from command line to 'None'
[0.152s] Level 5:colcon.colcon_core.verb:set package 'dm_Linux_Drive' build argument 'catkin_cmake_args' from command line to 'None'
[0.152s] Level 5:colcon.colcon_core.verb:set package 'dm_Linux_Drive' build argument 'catkin_skip_building_tests' from command line to 'False'
[0.152s] DEBUG:colcon.colcon_core.verb:Building package 'dm_Linux_Drive' with the following arguments: {'ament_cmake_args': None, 'build_base': '/home/stick/dm_joint_control/build/dm_Linux_Drive', 'catkin_cmake_args': None, 'catkin_skip_building_tests': False, 'cmake_args': None, 'cmake_clean_cache': False, 'cmake_clean_first': False, 'cmake_force_configure': False, 'cmake_target': None, 'cmake_target_skip_unavailable': False, 'install_base': '/home/stick/dm_joint_control/install/dm_Linux_Drive', 'merge_install': False, 'path': '/home/stick/dm_joint_control/src/u2can', 'symlink_install': False, 'test_result_base': None}
[0.152s] Level 5:colcon.colcon_core.verb:set package 'turret' build argument 'cmake_args' from command line to 'None'
[0.152s] Level 5:colcon.colcon_core.verb:set package 'turret' build argument 'cmake_target' from command line to 'None'
[0.152s] Level 5:colcon.colcon_core.verb:set package 'turret' build argument 'cmake_target_skip_unavailable' from command line to 'False'
[0.152s] Level 5:colcon.colcon_core.verb:set package 'turret' build argument 'cmake_clean_cache' from command line to 'False'
[0.152s] Level 5:colcon.colcon_core.verb:set package 'turret' build argument 'cmake_clean_first' from command line to 'False'
[0.152s] Level 5:colcon.colcon_core.verb:set package 'turret' build argument 'cmake_force_configure' from command line to 'False'
[0.152s] Level 5:colcon.colcon_core.verb:set package 'turret' build argument 'ament_cmake_args' from command line to 'None'
[0.152s] Level 5:colcon.colcon_core.verb:set package 'turret' build argument 'catkin_cmake_args' from command line to 'None'
[0.152s] Level 5:colcon.colcon_core.verb:set package 'turret' build argument 'catkin_skip_building_tests' from command line to 'False'
[0.152s] DEBUG:colcon.colcon_core.verb:Building package 'turret' with the following arguments: {'ament_cmake_args': None, 'build_base': '/home/stick/dm_joint_control/build/turret', 'catkin_cmake_args': None, 'catkin_skip_building_tests': False, 'cmake_args': None, 'cmake_clean_cache': False, 'cmake_clean_first': False, 'cmake_force_configure': False, 'cmake_target': None, 'cmake_target_skip_unavailable': False, 'install_base': '/home/stick/dm_joint_control/install/turret', 'merge_install': False, 'path': '/home/stick/dm_joint_control/src/turret', 'symlink_install': False, 'test_result_base': None}
[0.152s] INFO:colcon.colcon_core.executor:Executing jobs using 'parallel' executor
[0.153s] DEBUG:colcon.colcon_parallel_executor.executor.parallel:run_until_complete
[0.153s] INFO:colcon.colcon_cmake.task.cmake.build:Building CMake package in '/home/stick/dm_joint_control/src/camera_usb'
[0.154s] INFO:colcon.colcon_core.plugin_system:Skipping extension 'colcon_core.shell.bat': Not used on non-Windows systems
[0.154s] INFO:colcon.colcon_core.shell:Skip shell extension 'powershell' for command environment: Not usable outside of PowerShell
[0.154s] DEBUG:colcon.colcon_core.shell:Skip shell extension 'dsv' for command environment
[0.155s] INFO:colcon.colcon_cmake.task.cmake.build:Building CMake package in '/home/stick/dm_joint_control/src/u2can'
[0.155s] INFO:colcon.colcon_core.shell:Skip shell extension 'powershell' for command environment: Not usable outside of PowerShell
[0.156s] DEBUG:colcon.colcon_core.shell:Skip shell extension 'dsv' for command environment
[0.157s] INFO:colcon.colcon_ros.task.ament_cmake.build:Building ROS package in '/home/stick/dm_joint_control/src/turret' with build type 'ament_cmake'
[0.157s] INFO:colcon.colcon_cmake.task.cmake.build:Building CMake package in '/home/stick/dm_joint_control/src/turret'
[0.157s] INFO:colcon.colcon_core.shell:Skip shell extension 'powershell' for command environment: Not usable outside of PowerShell
[0.157s] DEBUG:colcon.colcon_core.shell:Skip shell extension 'dsv' for command environment
[0.159s] DEBUG:colcon.colcon_core.event_handler.log_command:Invoking command in '/home/stick/dm_joint_control/build/VideoStreamExample': CONDA_PROMPT_MODIFIER=(base) /usr/bin/cmake /home/stick/dm_joint_control/src/camera_usb -DCMAKE_INSTALL_PREFIX=/home/stick/dm_joint_control/install/VideoStreamExample
[0.160s] DEBUG:colcon.colcon_core.event_handler.log_command:Invoking command in '/home/stick/dm_joint_control/build/dm_Linux_Drive': CONDA_PROMPT_MODIFIER=(base) /usr/bin/cmake /home/stick/dm_joint_control/src/u2can -DCMAKE_INSTALL_PREFIX=/home/stick/dm_joint_control/install/dm_Linux_Drive
[0.162s] DEBUG:colcon.colcon_core.event_handler.log_command:Invoking command in '/home/stick/dm_joint_control/build/turret': CMAKE_PREFIX_PATH=/opt/ros/humble CONDA_PROMPT_MODIFIER=(base) /usr/bin/cmake /home/stick/dm_joint_control/src/turret -DCMAKE_INSTALL_PREFIX=/home/stick/dm_joint_control/install/turret
[0.324s] DEBUG:colcon.colcon_core.event_handler.log_command:Invoked command in '/home/stick/dm_joint_control/build/dm_Linux_Drive' returned '0': CONDA_PROMPT_MODIFIER=(base) /usr/bin/cmake /home/stick/dm_joint_control/src/u2can -DCMAKE_INSTALL_PREFIX=/home/stick/dm_joint_control/install/dm_Linux_Drive
[0.325s] DEBUG:colcon.colcon_core.event_handler.log_command:Invoking command in '/home/stick/dm_joint_control/build/dm_Linux_Drive': CONDA_PROMPT_MODIFIER=(base) /usr/bin/cmake --build /home/stick/dm_joint_control/build/dm_Linux_Drive -- -j20 -l20
[0.326s] DEBUG:colcon.colcon_core.event_handler.log_command:Invoked command in '/home/stick/dm_joint_control/build/VideoStreamExample' returned '0': CONDA_PROMPT_MODIFIER=(base) /usr/bin/cmake /home/stick/dm_joint_control/src/camera_usb -DCMAKE_INSTALL_PREFIX=/home/stick/dm_joint_control/install/VideoStreamExample
[0.326s] DEBUG:colcon.colcon_core.event_handler.log_command:Invoking command in '/home/stick/dm_joint_control/build/VideoStreamExample': CONDA_PROMPT_MODIFIER=(base) /usr/bin/cmake --build /home/stick/dm_joint_control/build/VideoStreamExample -- -j20 -l20
[0.762s] DEBUG:colcon.colcon_core.event_handler.log_command:Invoked command in '/home/stick/dm_joint_control/build/dm_Linux_Drive' returned '2': CONDA_PROMPT_MODIFIER=(base) /usr/bin/cmake --build /home/stick/dm_joint_control/build/dm_Linux_Drive -- -j20 -l20
[1.174s] DEBUG:colcon.colcon_parallel_executor.executor.parallel:closing loop
[1.174s] DEBUG:colcon.colcon_parallel_executor.executor.parallel:loop closed
[1.174s] DEBUG:colcon.colcon_parallel_executor.executor.parallel:run_until_complete finished with '2'
[1.174s] DEBUG:colcon.colcon_core.event_reactor:joining thread
[1.176s] INFO:colcon.colcon_core.plugin_system:Skipping extension 'colcon_notification.desktop_notification.terminal_notifier': Not used on non-Darwin systems
[1.176s] INFO:colcon.colcon_core.plugin_system:Skipping extension 'colcon_notification.desktop_notification.win32': Not used on non-Windows systems
[1.176s] INFO:colcon.colcon_notification.desktop_notification:Sending desktop notification using 'notify2'
[1.183s] DEBUG:colcon.colcon_core.event_reactor:joined thread
[1.183s] INFO:colcon.colcon_core.shell:Creating prefix script '/home/stick/dm_joint_control/install/local_setup.ps1'
[1.184s] INFO:colcon.colcon_core.shell:Creating prefix util module '/home/stick/dm_joint_control/install/_local_setup_util_ps1.py'
[1.185s] INFO:colcon.colcon_core.shell:Creating prefix chain script '/home/stick/dm_joint_control/install/setup.ps1'
[1.185s] INFO:colcon.colcon_core.shell:Creating prefix script '/home/stick/dm_joint_control/install/local_setup.sh'
[1.186s] INFO:colcon.colcon_core.shell:Creating prefix util module '/home/stick/dm_joint_control/install/_local_setup_util_sh.py'
[1.186s] INFO:colcon.colcon_core.shell:Creating prefix chain script '/home/stick/dm_joint_control/install/setup.sh'
[1.186s] INFO:colcon.colcon_core.shell:Creating prefix script '/home/stick/dm_joint_control/install/local_setup.bash'
[1.186s] INFO:colcon.colcon_core.shell:Creating prefix chain script '/home/stick/dm_joint_control/install/setup.bash'
[1.187s] INFO:colcon.colcon_core.shell:Creating prefix script '/home/stick/dm_joint_control/install/local_setup.zsh'
[1.187s] INFO:colcon.colcon_core.shell:Creating prefix chain script '/home/stick/dm_joint_control/install/setup.zsh'
