-- The C compiler identification is GNU 11.4.0
-- The CXX compiler identification is GNU 11.4.0
-- Detecting C compiler ABI info
-- Detecting C compiler ABI info - done
-- Check for working C compiler: /usr/bin/cc - skipped
-- Detecting C compile features
-- Detecting C compile features - done
-- Detecting CXX compiler ABI info
-- Detecting CXX compiler ABI info - done
-- Check for working CXX compiler: /usr/bin/c++ - skipped
-- Detecting CXX compile features
-- Detecting CXX compile features - done
-- Looking for pthread.h
-- Looking for pthread.h - found
-- Performing Test CMAKE_HAVE_LIBC_PTHREAD
-- Performing Test CMAKE_HAVE_LIBC_PTHREAD - Success
-- Found Threads: TRUE  
-- Found PkgConfig: /usr/bin/pkg-config (found version "0.29.2") 
-- Checking for module 'libusb-1.0'
--   Found libusb-1.0, version 1.0.25
-- Configuring done
-- Generating done
-- Build files have been written to: /home/orangepi/dm_joint_control/build/dm_main
[ 33%] [32mBuilding CXX object CMakeFiles/dev_sn.dir/src/dev_sn.cpp.o[0m
[ 33%] [32mBuilding CXX object CMakeFiles/motor.dir/src/protocol/damiao.cpp.o[0m
[ 50%] [32m[1mLinking CXX executable dev_sn[0m
[ 50%] Built target dev_sn
[ 66%] [32m[1mLinking CXX static library libmotor.a[0m
[ 66%] Built target motor
[ 83%] [32mBuilding CXX object CMakeFiles/dm_main.dir/src/main.cpp.o[0m
[100%] [32m[1mLinking CXX executable dm_main[0m
/usr/bin/ld: /home/orangepi/dm_joint_control/src/DM_USB_to_canfd/lib/libu2canfd.a(usb_class.cpp.o): Relocations in generic ELF (EM: 62)
/usr/bin/ld: /home/orangepi/dm_joint_control/src/DM_USB_to_canfd/lib/libu2canfd.a(usb_class.cpp.o): Relocations in generic ELF (EM: 62)
/usr/bin/ld: /home/orangepi/dm_joint_control/src/DM_USB_to_canfd/lib/libu2canfd.a(usb_class.cpp.o): Relocations in generic ELF (EM: 62)
/usr/bin/ld: /home/orangepi/dm_joint_control/src/DM_USB_to_canfd/lib/libu2canfd.a(usb_class.cpp.o): Relocations in generic ELF (EM: 62)
/usr/bin/ld: /home/orangepi/dm_joint_control/src/DM_USB_to_canfd/lib/libu2canfd.a(usb_class.cpp.o): Relocations in generic ELF (EM: 62)
/usr/bin/ld: /home/orangepi/dm_joint_control/src/DM_USB_to_canfd/lib/libu2canfd.a(usb_class.cpp.o): Relocations in generic ELF (EM: 62)
/usr/bin/ld: /home/orangepi/dm_joint_control/src/DM_USB_to_canfd/lib/libu2canfd.a(usb_class.cpp.o): Relocations in generic ELF (EM: 62)
/usr/bin/ld: /home/orangepi/dm_joint_control/src/DM_USB_to_canfd/lib/libu2canfd.a(usb_class.cpp.o): Relocations in generic ELF (EM: 62)
/usr/bin/ld: /home/orangepi/dm_joint_control/src/DM_USB_to_canfd/lib/libu2canfd.a(usb_class.cpp.o): Relocations in generic ELF (EM: 62)
/usr/bin/ld: /home/orangepi/dm_joint_control/src/DM_USB_to_canfd/lib/libu2canfd.a(usb_class.cpp.o): Relocations in generic ELF (EM: 62)
/usr/bin/ld: /home/orangepi/dm_joint_control/src/DM_USB_to_canfd/lib/libu2canfd.a(usb_class.cpp.o): Relocations in generic ELF (EM: 62)
/usr/bin/ld: /home/orangepi/dm_joint_control/src/DM_USB_to_canfd/lib/libu2canfd.a(usb_class.cpp.o): Relocations in generic ELF (EM: 62)
/usr/bin/ld: /home/orangepi/dm_joint_control/src/DM_USB_to_canfd/lib/libu2canfd.a(usb_class.cpp.o): Relocations in generic ELF (EM: 62)
/usr/bin/ld: /home/orangepi/dm_joint_control/src/DM_USB_to_canfd/lib/libu2canfd.a(usb_class.cpp.o): Relocations in generic ELF (EM: 62)
/usr/bin/ld: /home/orangepi/dm_joint_control/src/DM_USB_to_canfd/lib/libu2canfd.a(usb_class.cpp.o): Relocations in generic ELF (EM: 62)
/usr/bin/ld: /home/orangepi/dm_joint_control/src/DM_USB_to_canfd/lib/libu2canfd.a(usb_class.cpp.o): Relocations in generic ELF (EM: 62)
/usr/bin/ld: /home/orangepi/dm_joint_control/src/DM_USB_to_canfd/lib/libu2canfd.a(usb_class.cpp.o): Relocations in generic ELF (EM: 62)
/usr/bin/ld: /home/orangepi/dm_joint_control/src/DM_USB_to_canfd/lib/libu2canfd.a(usb_class.cpp.o): Relocations in generic ELF (EM: 62)
/usr/bin/ld: /home/orangepi/dm_joint_control/src/DM_USB_to_canfd/lib/libu2canfd.a(usb_class.cpp.o): Relocations in generic ELF (EM: 62)
/usr/bin/ld: /home/orangepi/dm_joint_control/src/DM_USB_to_canfd/lib/libu2canfd.a(usb_class.cpp.o): Relocations in generic ELF (EM: 62)
/usr/bin/ld: /home/orangepi/dm_joint_control/src/DM_USB_to_canfd/lib/libu2canfd.a(usb_class.cpp.o): Relocations in generic ELF (EM: 62)
/usr/bin/ld: /home/orangepi/dm_joint_control/src/DM_USB_to_canfd/lib/libu2canfd.a(usb_class.cpp.o): Relocations in generic ELF (EM: 62)
/usr/bin/ld: /home/orangepi/dm_joint_control/src/DM_USB_to_canfd/lib/libu2canfd.a(usb_class.cpp.o): Relocations in generic ELF (EM: 62)
/usr/bin/ld: /home/orangepi/dm_joint_control/src/DM_USB_to_canfd/lib/libu2canfd.a(usb_class.cpp.o): Relocations in generic ELF (EM: 62)
/usr/bin/ld: /home/orangepi/dm_joint_control/src/DM_USB_to_canfd/lib/libu2canfd.a(usb_class.cpp.o): Relocations in generic ELF (EM: 62)
/usr/bin/ld: /home/orangepi/dm_joint_control/src/DM_USB_to_canfd/lib/libu2canfd.a(usb_class.cpp.o): Relocations in generic ELF (EM: 62)
/usr/bin/ld: /home/orangepi/dm_joint_control/src/DM_USB_to_canfd/lib/libu2canfd.a(usb_class.cpp.o): Relocations in generic ELF (EM: 62)
/usr/bin/ld: /home/orangepi/dm_joint_control/src/DM_USB_to_canfd/lib/libu2canfd.a(usb_class.cpp.o): Relocations in generic ELF (EM: 62)
/usr/bin/ld: /home/orangepi/dm_joint_control/src/DM_USB_to_canfd/lib/libu2canfd.a(usb_class.cpp.o): Relocations in generic ELF (EM: 62)
/usr/bin/ld: /home/orangepi/dm_joint_control/src/DM_USB_to_canfd/lib/libu2canfd.a(usb_class.cpp.o): Relocations in generic ELF (EM: 62)
/usr/bin/ld: /home/orangepi/dm_joint_control/src/DM_USB_to_canfd/lib/libu2canfd.a(usb_class.cpp.o): Relocations in generic ELF (EM: 62)
/usr/bin/ld: /home/orangepi/dm_joint_control/src/DM_USB_to_canfd/lib/libu2canfd.a(usb_class.cpp.o): Relocations in generic ELF (EM: 62)
/usr/bin/ld: /home/orangepi/dm_joint_control/src/DM_USB_to_canfd/lib/libu2canfd.a(usb_class.cpp.o): Relocations in generic ELF (EM: 62)
/usr/bin/ld: /home/orangepi/dm_joint_control/src/DM_USB_to_canfd/lib/libu2canfd.a(usb_class.cpp.o): Relocations in generic ELF (EM: 62)
/usr/bin/ld: /home/orangepi/dm_joint_control/src/DM_USB_to_canfd/lib/libu2canfd.a(usb_class.cpp.o): Relocations in generic ELF (EM: 62)
/usr/bin/ld: /home/orangepi/dm_joint_control/src/DM_USB_to_canfd/lib/libu2canfd.a(usb_class.cpp.o): Relocations in generic ELF (EM: 62)
/usr/bin/ld: /home/orangepi/dm_joint_control/src/DM_USB_to_canfd/lib/libu2canfd.a(usb_class.cpp.o): Relocations in generic ELF (EM: 62)
/usr/bin/ld: /home/orangepi/dm_joint_control/src/DM_USB_to_canfd/lib/libu2canfd.a(usb_class.cpp.o): Relocations in generic ELF (EM: 62)
/usr/bin/ld: /home/orangepi/dm_joint_control/src/DM_USB_to_canfd/lib/libu2canfd.a(usb_class.cpp.o): Relocations in generic ELF (EM: 62)
/usr/bin/ld: /home/orangepi/dm_joint_control/src/DM_USB_to_canfd/lib/libu2canfd.a(usb_class.cpp.o): Relocations in generic ELF (EM: 62)
/usr/bin/ld: /home/orangepi/dm_joint_control/src/DM_USB_to_canfd/lib/libu2canfd.a(usb_class.cpp.o): Relocations in generic ELF (EM: 62)
/usr/bin/ld: /home/orangepi/dm_joint_control/src/DM_USB_to_canfd/lib/libu2canfd.a(usb_class.cpp.o): Relocations in generic ELF (EM: 62)
/usr/bin/ld: /home/orangepi/dm_joint_control/src/DM_USB_to_canfd/lib/libu2canfd.a(usb_class.cpp.o): Relocations in generic ELF (EM: 62)
/usr/bin/ld: /home/orangepi/dm_joint_control/src/DM_USB_to_canfd/lib/libu2canfd.a(usb_class.cpp.o): Relocations in generic ELF (EM: 62)
/usr/bin/ld: /home/orangepi/dm_joint_control/src/DM_USB_to_canfd/lib/libu2canfd.a(usb_class.cpp.o): Relocations in generic ELF (EM: 62)
/usr/bin/ld: /home/orangepi/dm_joint_control/src/DM_USB_to_canfd/lib/libu2canfd.a(usb_class.cpp.o): Relocations in generic ELF (EM: 62)
/usr/bin/ld: /home/orangepi/dm_joint_control/src/DM_USB_to_canfd/lib/libu2canfd.a(usb_class.cpp.o): Relocations in generic ELF (EM: 62)
/usr/bin/ld: /home/orangepi/dm_joint_control/src/DM_USB_to_canfd/lib/libu2canfd.a(usb_class.cpp.o): Relocations in generic ELF (EM: 62)
/usr/bin/ld: /home/orangepi/dm_joint_control/src/DM_USB_to_canfd/lib/libu2canfd.a(usb_class.cpp.o): Relocations in generic ELF (EM: 62)
/usr/bin/ld: /home/orangepi/dm_joint_control/src/DM_USB_to_canfd/lib/libu2canfd.a(usb_class.cpp.o): Relocations in generic ELF (EM: 62)
/usr/bin/ld: /home/orangepi/dm_joint_control/src/DM_USB_to_canfd/lib/libu2canfd.a(usb_class.cpp.o): Relocations in generic ELF (EM: 62)
/usr/bin/ld: /home/orangepi/dm_joint_control/src/DM_USB_to_canfd/lib/libu2canfd.a(usb_class.cpp.o): Relocations in generic ELF (EM: 62)
/usr/bin/ld: /home/orangepi/dm_joint_control/src/DM_USB_to_canfd/lib/libu2canfd.a(usb_class.cpp.o): Relocations in generic ELF (EM: 62)
/usr/bin/ld: /home/orangepi/dm_joint_control/src/DM_USB_to_canfd/lib/libu2canfd.a(usb_class.cpp.o): Relocations in generic ELF (EM: 62)
/usr/bin/ld: /home/orangepi/dm_joint_control/src/DM_USB_to_canfd/lib/libu2canfd.a(usb_class.cpp.o): Relocations in generic ELF (EM: 62)
/usr/bin/ld: /home/orangepi/dm_joint_control/src/DM_USB_to_canfd/lib/libu2canfd.a(usb_class.cpp.o): Relocations in generic ELF (EM: 62)
/usr/bin/ld: /home/orangepi/dm_joint_control/src/DM_USB_to_canfd/lib/libu2canfd.a(usb_class.cpp.o): Relocations in generic ELF (EM: 62)
/usr/bin/ld: /home/orangepi/dm_joint_control/src/DM_USB_to_canfd/lib/libu2canfd.a(usb_class.cpp.o): Relocations in generic ELF (EM: 62)
/usr/bin/ld: /home/orangepi/dm_joint_control/src/DM_USB_to_canfd/lib/libu2canfd.a(usb_class.cpp.o): Relocations in generic ELF (EM: 62)
/usr/bin/ld: /home/orangepi/dm_joint_control/src/DM_USB_to_canfd/lib/libu2canfd.a(usb_class.cpp.o): Relocations in generic ELF (EM: 62)
/usr/bin/ld: /home/orangepi/dm_joint_control/src/DM_USB_to_canfd/lib/libu2canfd.a(usb_class.cpp.o): Relocations in generic ELF (EM: 62)
/usr/bin/ld: /home/orangepi/dm_joint_control/src/DM_USB_to_canfd/lib/libu2canfd.a(usb_class.cpp.o): Relocations in generic ELF (EM: 62)
/usr/bin/ld: /home/orangepi/dm_joint_control/src/DM_USB_to_canfd/lib/libu2canfd.a(usb_class.cpp.o): Relocations in generic ELF (EM: 62)
/usr/bin/ld: /home/orangepi/dm_joint_control/src/DM_USB_to_canfd/lib/libu2canfd.a(usb_class.cpp.o): Relocations in generic ELF (EM: 62)
/usr/bin/ld: /home/orangepi/dm_joint_control/src/DM_USB_to_canfd/lib/libu2canfd.a(usb_class.cpp.o): Relocations in generic ELF (EM: 62)
/usr/bin/ld: /home/orangepi/dm_joint_control/src/DM_USB_to_canfd/lib/libu2canfd.a(usb_class.cpp.o): Relocations in generic ELF (EM: 62)
/usr/bin/ld: /home/orangepi/dm_joint_control/src/DM_USB_to_canfd/lib/libu2canfd.a(usb_class.cpp.o): Relocations in generic ELF (EM: 62)
/usr/bin/ld: /home/orangepi/dm_joint_control/src/DM_USB_to_canfd/lib/libu2canfd.a(usb_class.cpp.o): Relocations in generic ELF (EM: 62)
/usr/bin/ld: /home/orangepi/dm_joint_control/src/DM_USB_to_canfd/lib/libu2canfd.a(usb_class.cpp.o): Relocations in generic ELF (EM: 62)
/usr/bin/ld: /home/orangepi/dm_joint_control/src/DM_USB_to_canfd/lib/libu2canfd.a(usb_class.cpp.o): Relocations in generic ELF (EM: 62)
/usr/bin/ld: /home/orangepi/dm_joint_control/src/DM_USB_to_canfd/lib/libu2canfd.a(usb_class.cpp.o): Relocations in generic ELF (EM: 62)
/usr/bin/ld: /home/orangepi/dm_joint_control/src/DM_USB_to_canfd/lib/libu2canfd.a(usb_class.cpp.o): Relocations in generic ELF (EM: 62)
/usr/bin/ld: /home/orangepi/dm_joint_control/src/DM_USB_to_canfd/lib/libu2canfd.a(usb_class.cpp.o): Relocations in generic ELF (EM: 62)
/usr/bin/ld: /home/orangepi/dm_joint_control/src/DM_USB_to_canfd/lib/libu2canfd.a(usb_class.cpp.o): Relocations in generic ELF (EM: 62)
/usr/bin/ld: /home/orangepi/dm_joint_control/src/DM_USB_to_canfd/lib/libu2canfd.a(usb_class.cpp.o): Relocations in generic ELF (EM: 62)
/usr/bin/ld: /home/orangepi/dm_joint_control/src/DM_USB_to_canfd/lib/libu2canfd.a(usb_class.cpp.o): Relocations in generic ELF (EM: 62)
/usr/bin/ld: /home/orangepi/dm_joint_control/src/DM_USB_to_canfd/lib/libu2canfd.a(usb_class.cpp.o): Relocations in generic ELF (EM: 62)
/usr/bin/ld: /home/orangepi/dm_joint_control/src/DM_USB_to_canfd/lib/libu2canfd.a(usb_class.cpp.o): Relocations in generic ELF (EM: 62)
/usr/bin/ld: /home/orangepi/dm_joint_control/src/DM_USB_to_canfd/lib/libu2canfd.a(usb_class.cpp.o): Relocations in generic ELF (EM: 62)
/usr/bin/ld: /home/orangepi/dm_joint_control/src/DM_USB_to_canfd/lib/libu2canfd.a(usb_class.cpp.o): Relocations in generic ELF (EM: 62)
/usr/bin/ld: /home/orangepi/dm_joint_control/src/DM_USB_to_canfd/lib/libu2canfd.a(usb_class.cpp.o): Relocations in generic ELF (EM: 62)
/usr/bin/ld: /home/orangepi/dm_joint_control/src/DM_USB_to_canfd/lib/libu2canfd.a(usb_class.cpp.o): Relocations in generic ELF (EM: 62)
/usr/bin/ld: /home/orangepi/dm_joint_control/src/DM_USB_to_canfd/lib/libu2canfd.a(usb_class.cpp.o): Relocations in generic ELF (EM: 62)
/usr/bin/ld: /home/orangepi/dm_joint_control/src/DM_USB_to_canfd/lib/libu2canfd.a(usb_class.cpp.o): Relocations in generic ELF (EM: 62)
/usr/bin/ld: /home/orangepi/dm_joint_control/src/DM_USB_to_canfd/lib/libu2canfd.a(usb_class.cpp.o): Relocations in generic ELF (EM: 62)
/usr/bin/ld: /home/orangepi/dm_joint_control/src/DM_USB_to_canfd/lib/libu2canfd.a(usb_class.cpp.o): Relocations in generic ELF (EM: 62)
/usr/bin/ld: /home/orangepi/dm_joint_control/src/DM_USB_to_canfd/lib/libu2canfd.a(usb_class.cpp.o): Relocations in generic ELF (EM: 62)
/usr/bin/ld: /home/orangepi/dm_joint_control/src/DM_USB_to_canfd/lib/libu2canfd.a(usb_class.cpp.o): Relocations in generic ELF (EM: 62)
/usr/bin/ld: /home/orangepi/dm_joint_control/src/DM_USB_to_canfd/lib/libu2canfd.a(usb_class.cpp.o): Relocations in generic ELF (EM: 62)
/usr/bin/ld: /home/orangepi/dm_joint_control/src/DM_USB_to_canfd/lib/libu2canfd.a(usb_class.cpp.o): Relocations in generic ELF (EM: 62)
/usr/bin/ld: /home/orangepi/dm_joint_control/src/DM_USB_to_canfd/lib/libu2canfd.a(usb_class.cpp.o): Relocations in generic ELF (EM: 62)
/usr/bin/ld: /home/orangepi/dm_joint_control/src/DM_USB_to_canfd/lib/libu2canfd.a(usb_class.cpp.o): Relocations in generic ELF (EM: 62)
/usr/bin/ld: /home/orangepi/dm_joint_control/src/DM_USB_to_canfd/lib/libu2canfd.a(usb_class.cpp.o): Relocations in generic ELF (EM: 62)
/usr/bin/ld: /home/orangepi/dm_joint_control/src/DM_USB_to_canfd/lib/libu2canfd.a(usb_class.cpp.o): Relocations in generic ELF (EM: 62)
/usr/bin/ld: /home/orangepi/dm_joint_control/src/DM_USB_to_canfd/lib/libu2canfd.a(usb_class.cpp.o): Relocations in generic ELF (EM: 62)
/usr/bin/ld: /home/orangepi/dm_joint_control/src/DM_USB_to_canfd/lib/libu2canfd.a(usb_class.cpp.o): Relocations in generic ELF (EM: 62)
/usr/bin/ld: /home/orangepi/dm_joint_control/src/DM_USB_to_canfd/lib/libu2canfd.a(usb_class.cpp.o): Relocations in generic ELF (EM: 62)
/usr/bin/ld: /home/orangepi/dm_joint_control/src/DM_USB_to_canfd/lib/libu2canfd.a(usb_class.cpp.o): Relocations in generic ELF (EM: 62)
/usr/bin/ld: /home/orangepi/dm_joint_control/src/DM_USB_to_canfd/lib/libu2canfd.a(usb_class.cpp.o): Relocations in generic ELF (EM: 62)
/usr/bin/ld: /home/orangepi/dm_joint_control/src/DM_USB_to_canfd/lib/libu2canfd.a(usb_class.cpp.o): Relocations in generic ELF (EM: 62)
/usr/bin/ld: /home/orangepi/dm_joint_control/src/DM_USB_to_canfd/lib/libu2canfd.a(usb_class.cpp.o): Relocations in generic ELF (EM: 62)
/usr/bin/ld: /home/orangepi/dm_joint_control/src/DM_USB_to_canfd/lib/libu2canfd.a(usb_class.cpp.o): Relocations in generic ELF (EM: 62)
/usr/bin/ld: /home/orangepi/dm_joint_control/src/DM_USB_to_canfd/lib/libu2canfd.a(usb_class.cpp.o): Relocations in generic ELF (EM: 62)
/usr/bin/ld: /home/orangepi/dm_joint_control/src/DM_USB_to_canfd/lib/libu2canfd.a(usb_class.cpp.o): Relocations in generic ELF (EM: 62)
/usr/bin/ld: /home/orangepi/dm_joint_control/src/DM_USB_to_canfd/lib/libu2canfd.a(usb_class.cpp.o): Relocations in generic ELF (EM: 62)
/usr/bin/ld: /home/orangepi/dm_joint_control/src/DM_USB_to_canfd/lib/libu2canfd.a(usb_class.cpp.o): Relocations in generic ELF (EM: 62)
/usr/bin/ld: /home/orangepi/dm_joint_control/src/DM_USB_to_canfd/lib/libu2canfd.a(usb_class.cpp.o): Relocations in generic ELF (EM: 62)
/usr/bin/ld: /home/orangepi/dm_joint_control/src/DM_USB_to_canfd/lib/libu2canfd.a(usb_class.cpp.o): Relocations in generic ELF (EM: 62)
/usr/bin/ld: /home/orangepi/dm_joint_control/src/DM_USB_to_canfd/lib/libu2canfd.a(usb_class.cpp.o): Relocations in generic ELF (EM: 62)
/usr/bin/ld: /home/orangepi/dm_joint_control/src/DM_USB_to_canfd/lib/libu2canfd.a(usb_class.cpp.o): Relocations in generic ELF (EM: 62)
/usr/bin/ld: /home/orangepi/dm_joint_control/src/DM_USB_to_canfd/lib/libu2canfd.a(usb_class.cpp.o): Relocations in generic ELF (EM: 62)
/usr/bin/ld: /home/orangepi/dm_joint_control/src/DM_USB_to_canfd/lib/libu2canfd.a(usb_class.cpp.o): Relocations in generic ELF (EM: 62)
/usr/bin/ld: /home/orangepi/dm_joint_control/src/DM_USB_to_canfd/lib/libu2canfd.a(usb_class.cpp.o): Relocations in generic ELF (EM: 62)
/usr/bin/ld: /home/orangepi/dm_joint_control/src/DM_USB_to_canfd/lib/libu2canfd.a(usb_class.cpp.o): Relocations in generic ELF (EM: 62)
/usr/bin/ld: /home/orangepi/dm_joint_control/src/DM_USB_to_canfd/lib/libu2canfd.a(usb_class.cpp.o): Relocations in generic ELF (EM: 62)
/usr/bin/ld: /home/orangepi/dm_joint_control/src/DM_USB_to_canfd/lib/libu2canfd.a(usb_class.cpp.o): Relocations in generic ELF (EM: 62)
/usr/bin/ld: /home/orangepi/dm_joint_control/src/DM_USB_to_canfd/lib/libu2canfd.a(usb_class.cpp.o): Relocations in generic ELF (EM: 62)
/usr/bin/ld: /home/orangepi/dm_joint_control/src/DM_USB_to_canfd/lib/libu2canfd.a(usb_class.cpp.o): Relocations in generic ELF (EM: 62)
/usr/bin/ld: /home/orangepi/dm_joint_control/src/DM_USB_to_canfd/lib/libu2canfd.a(usb_class.cpp.o): Relocations in generic ELF (EM: 62)
/usr/bin/ld: /home/orangepi/dm_joint_control/src/DM_USB_to_canfd/lib/libu2canfd.a(usb_class.cpp.o): Relocations in generic ELF (EM: 62)
/usr/bin/ld: /home/orangepi/dm_joint_control/src/DM_USB_to_canfd/lib/libu2canfd.a(usb_class.cpp.o): Relocations in generic ELF (EM: 62)
/usr/bin/ld: /home/orangepi/dm_joint_control/src/DM_USB_to_canfd/lib/libu2canfd.a(usb_class.cpp.o): Relocations in generic ELF (EM: 62)
/usr/bin/ld: /home/orangepi/dm_joint_control/src/DM_USB_to_canfd/lib/libu2canfd.a(usb_class.cpp.o): Relocations in generic ELF (EM: 62)
/usr/bin/ld: /home/orangepi/dm_joint_control/src/DM_USB_to_canfd/lib/libu2canfd.a(usb_class.cpp.o): Relocations in generic ELF (EM: 62)
/usr/bin/ld: /home/orangepi/dm_joint_control/src/DM_USB_to_canfd/lib/libu2canfd.a(usb_class.cpp.o): Relocations in generic ELF (EM: 62)
/usr/bin/ld: /home/orangepi/dm_joint_control/src/DM_USB_to_canfd/lib/libu2canfd.a(usb_class.cpp.o): Relocations in generic ELF (EM: 62)
/usr/bin/ld: /home/orangepi/dm_joint_control/src/DM_USB_to_canfd/lib/libu2canfd.a(usb_class.cpp.o): Relocations in generic ELF (EM: 62)
/usr/bin/ld: /home/orangepi/dm_joint_control/src/DM_USB_to_canfd/lib/libu2canfd.a(usb_class.cpp.o): Relocations in generic ELF (EM: 62)
/usr/bin/ld: /home/orangepi/dm_joint_control/src/DM_USB_to_canfd/lib/libu2canfd.a(usb_class.cpp.o): Relocations in generic ELF (EM: 62)
/usr/bin/ld: /home/orangepi/dm_joint_control/src/DM_USB_to_canfd/lib/libu2canfd.a(usb_class.cpp.o): Relocations in generic ELF (EM: 62)
/usr/bin/ld: /home/orangepi/dm_joint_control/src/DM_USB_to_canfd/lib/libu2canfd.a(usb_class.cpp.o): Relocations in generic ELF (EM: 62)
/usr/bin/ld: /home/orangepi/dm_joint_control/src/DM_USB_to_canfd/lib/libu2canfd.a(usb_class.cpp.o): Relocations in generic ELF (EM: 62)
/usr/bin/ld: /home/orangepi/dm_joint_control/src/DM_USB_to_canfd/lib/libu2canfd.a(usb_class.cpp.o): Relocations in generic ELF (EM: 62)
/usr/bin/ld: /home/orangepi/dm_joint_control/src/DM_USB_to_canfd/lib/libu2canfd.a(usb_class.cpp.o): Relocations in generic ELF (EM: 62)
/usr/bin/ld: /home/orangepi/dm_joint_control/src/DM_USB_to_canfd/lib/libu2canfd.a(usb_class.cpp.o): Relocations in generic ELF (EM: 62)
/usr/bin/ld: /home/orangepi/dm_joint_control/src/DM_USB_to_canfd/lib/libu2canfd.a(usb_class.cpp.o): Relocations in generic ELF (EM: 62)
/usr/bin/ld: /home/orangepi/dm_joint_control/src/DM_USB_to_canfd/lib/libu2canfd.a(usb_class.cpp.o): Relocations in generic ELF (EM: 62)
/usr/bin/ld: /home/orangepi/dm_joint_control/src/DM_USB_to_canfd/lib/libu2canfd.a(usb_class.cpp.o): Relocations in generic ELF (EM: 62)
/usr/bin/ld: /home/orangepi/dm_joint_control/src/DM_USB_to_canfd/lib/libu2canfd.a(usb_class.cpp.o): Relocations in generic ELF (EM: 62)
/usr/bin/ld: /home/orangepi/dm_joint_control/src/DM_USB_to_canfd/lib/libu2canfd.a(usb_class.cpp.o): Relocations in generic ELF (EM: 62)
/usr/bin/ld: /home/orangepi/dm_joint_control/src/DM_USB_to_canfd/lib/libu2canfd.a(usb_class.cpp.o): Relocations in generic ELF (EM: 62)
/usr/bin/ld: /home/orangepi/dm_joint_control/src/DM_USB_to_canfd/lib/libu2canfd.a(usb_class.cpp.o): Relocations in generic ELF (EM: 62)
/usr/bin/ld: /home/orangepi/dm_joint_control/src/DM_USB_to_canfd/lib/libu2canfd.a(usb_class.cpp.o): Relocations in generic ELF (EM: 62)
/usr/bin/ld: /home/orangepi/dm_joint_control/src/DM_USB_to_canfd/lib/libu2canfd.a(usb_class.cpp.o): Relocations in generic ELF (EM: 62)
/usr/bin/ld: /home/orangepi/dm_joint_control/src/DM_USB_to_canfd/lib/libu2canfd.a(usb_class.cpp.o): Relocations in generic ELF (EM: 62)
/usr/bin/ld: /home/orangepi/dm_joint_control/src/DM_USB_to_canfd/lib/libu2canfd.a(usb_class.cpp.o): Relocations in generic ELF (EM: 62)
/usr/bin/ld: /home/orangepi/dm_joint_control/src/DM_USB_to_canfd/lib/libu2canfd.a(usb_class.cpp.o): Relocations in generic ELF (EM: 62)
/usr/bin/ld: /home/orangepi/dm_joint_control/src/DM_USB_to_canfd/lib/libu2canfd.a(usb_class.cpp.o): Relocations in generic ELF (EM: 62)
/usr/bin/ld: /home/orangepi/dm_joint_control/src/DM_USB_to_canfd/lib/libu2canfd.a(usb_class.cpp.o): Relocations in generic ELF (EM: 62)
/usr/bin/ld: /home/orangepi/dm_joint_control/src/DM_USB_to_canfd/lib/libu2canfd.a(usb_class.cpp.o): Relocations in generic ELF (EM: 62)
/usr/bin/ld: /home/orangepi/dm_joint_control/src/DM_USB_to_canfd/lib/libu2canfd.a(usb_class.cpp.o): Relocations in generic ELF (EM: 62)
/usr/bin/ld: /home/orangepi/dm_joint_control/src/DM_USB_to_canfd/lib/libu2canfd.a(usb_class.cpp.o): Relocations in generic ELF (EM: 62)
/usr/bin/ld: /home/orangepi/dm_joint_control/src/DM_USB_to_canfd/lib/libu2canfd.a(usb_class.cpp.o): Relocations in generic ELF (EM: 62)
/usr/bin/ld: /home/orangepi/dm_joint_control/src/DM_USB_to_canfd/lib/libu2canfd.a(usb_class.cpp.o): Relocations in generic ELF (EM: 62)
/usr/bin/ld: /home/orangepi/dm_joint_control/src/DM_USB_to_canfd/lib/libu2canfd.a(usb_class.cpp.o): Relocations in generic ELF (EM: 62)
/usr/bin/ld: /home/orangepi/dm_joint_control/src/DM_USB_to_canfd/lib/libu2canfd.a(usb_class.cpp.o): Relocations in generic ELF (EM: 62)
/usr/bin/ld: /home/orangepi/dm_joint_control/src/DM_USB_to_canfd/lib/libu2canfd.a(usb_class.cpp.o): Relocations in generic ELF (EM: 62)
/usr/bin/ld: /home/orangepi/dm_joint_control/src/DM_USB_to_canfd/lib/libu2canfd.a(usb_class.cpp.o): Relocations in generic ELF (EM: 62)
/usr/bin/ld: /home/orangepi/dm_joint_control/src/DM_USB_to_canfd/lib/libu2canfd.a(usb_class.cpp.o): Relocations in generic ELF (EM: 62)
/usr/bin/ld: /home/orangepi/dm_joint_control/src/DM_USB_to_canfd/lib/libu2canfd.a(usb_class.cpp.o): Relocations in generic ELF (EM: 62)
/usr/bin/ld: /home/orangepi/dm_joint_control/src/DM_USB_to_canfd/lib/libu2canfd.a(usb_class.cpp.o): Relocations in generic ELF (EM: 62)
/usr/bin/ld: /home/orangepi/dm_joint_control/src/DM_USB_to_canfd/lib/libu2canfd.a(usb_class.cpp.o): Relocations in generic ELF (EM: 62)
/usr/bin/ld: /home/orangepi/dm_joint_control/src/DM_USB_to_canfd/lib/libu2canfd.a(usb_class.cpp.o): Relocations in generic ELF (EM: 62)
/usr/bin/ld: /home/orangepi/dm_joint_control/src/DM_USB_to_canfd/lib/libu2canfd.a(usb_class.cpp.o): Relocations in generic ELF (EM: 62)
/usr/bin/ld: /home/orangepi/dm_joint_control/src/DM_USB_to_canfd/lib/libu2canfd.a(usb_class.cpp.o): Relocations in generic ELF (EM: 62)
/usr/bin/ld: /home/orangepi/dm_joint_control/src/DM_USB_to_canfd/lib/libu2canfd.a(usb_class.cpp.o): Relocations in generic ELF (EM: 62)
/usr/bin/ld: /home/orangepi/dm_joint_control/src/DM_USB_to_canfd/lib/libu2canfd.a(usb_class.cpp.o): Relocations in generic ELF (EM: 62)
/usr/bin/ld: /home/orangepi/dm_joint_control/src/DM_USB_to_canfd/lib/libu2canfd.a(usb_class.cpp.o): Relocations in generic ELF (EM: 62)
/usr/bin/ld: /home/orangepi/dm_joint_control/src/DM_USB_to_canfd/lib/libu2canfd.a(usb_class.cpp.o): Relocations in generic ELF (EM: 62)
/usr/bin/ld: /home/orangepi/dm_joint_control/src/DM_USB_to_canfd/lib/libu2canfd.a(usb_class.cpp.o): Relocations in generic ELF (EM: 62)
/usr/bin/ld: /home/orangepi/dm_joint_control/src/DM_USB_to_canfd/lib/libu2canfd.a(usb_class.cpp.o): Relocations in generic ELF (EM: 62)
/usr/bin/ld: /home/orangepi/dm_joint_control/src/DM_USB_to_canfd/lib/libu2canfd.a(usb_class.cpp.o): Relocations in generic ELF (EM: 62)
/usr/bin/ld: /home/orangepi/dm_joint_control/src/DM_USB_to_canfd/lib/libu2canfd.a(usb_class.cpp.o): Relocations in generic ELF (EM: 62)
/usr/bin/ld: /home/orangepi/dm_joint_control/src/DM_USB_to_canfd/lib/libu2canfd.a(usb_class.cpp.o): Relocations in generic ELF (EM: 62)
/usr/bin/ld: /home/orangepi/dm_joint_control/src/DM_USB_to_canfd/lib/libu2canfd.a(usb_class.cpp.o): Relocations in generic ELF (EM: 62)
/usr/bin/ld: /home/orangepi/dm_joint_control/src/DM_USB_to_canfd/lib/libu2canfd.a(usb_class.cpp.o): Relocations in generic ELF (EM: 62)
/usr/bin/ld: /home/orangepi/dm_joint_control/src/DM_USB_to_canfd/lib/libu2canfd.a(usb_class.cpp.o): Relocations in generic ELF (EM: 62)
/usr/bin/ld: /home/orangepi/dm_joint_control/src/DM_USB_to_canfd/lib/libu2canfd.a(usb_class.cpp.o): Relocations in generic ELF (EM: 62)
/usr/bin/ld: /home/orangepi/dm_joint_control/src/DM_USB_to_canfd/lib/libu2canfd.a(usb_class.cpp.o): Relocations in generic ELF (EM: 62)
/usr/bin/ld: /home/orangepi/dm_joint_control/src/DM_USB_to_canfd/lib/libu2canfd.a(usb_class.cpp.o): Relocations in generic ELF (EM: 62)
/usr/bin/ld: /home/orangepi/dm_joint_control/src/DM_USB_to_canfd/lib/libu2canfd.a(usb_class.cpp.o): Relocations in generic ELF (EM: 62)
/usr/bin/ld: /home/orangepi/dm_joint_control/src/DM_USB_to_canfd/lib/libu2canfd.a(usb_class.cpp.o): Relocations in generic ELF (EM: 62)
/usr/bin/ld: /home/orangepi/dm_joint_control/src/DM_USB_to_canfd/lib/libu2canfd.a(usb_class.cpp.o): Relocations in generic ELF (EM: 62)
/usr/bin/ld: /home/orangepi/dm_joint_control/src/DM_USB_to_canfd/lib/libu2canfd.a(usb_class.cpp.o): Relocations in generic ELF (EM: 62)
/usr/bin/ld: /home/orangepi/dm_joint_control/src/DM_USB_to_canfd/lib/libu2canfd.a(usb_class.cpp.o): Relocations in generic ELF (EM: 62)
/usr/bin/ld: /home/orangepi/dm_joint_control/src/DM_USB_to_canfd/lib/libu2canfd.a(usb_class.cpp.o): Relocations in generic ELF (EM: 62)
/usr/bin/ld: /home/orangepi/dm_joint_control/src/DM_USB_to_canfd/lib/libu2canfd.a(usb_class.cpp.o): Relocations in generic ELF (EM: 62)
/usr/bin/ld: /home/orangepi/dm_joint_control/src/DM_USB_to_canfd/lib/libu2canfd.a(usb_class.cpp.o): Relocations in generic ELF (EM: 62)
/usr/bin/ld: /home/orangepi/dm_joint_control/src/DM_USB_to_canfd/lib/libu2canfd.a(usb_class.cpp.o): Relocations in generic ELF (EM: 62)
/usr/bin/ld: /home/orangepi/dm_joint_control/src/DM_USB_to_canfd/lib/libu2canfd.a(usb_class.cpp.o): Relocations in generic ELF (EM: 62)
/usr/bin/ld: /home/orangepi/dm_joint_control/src/DM_USB_to_canfd/lib/libu2canfd.a(usb_class.cpp.o): Relocations in generic ELF (EM: 62)
/usr/bin/ld: /home/orangepi/dm_joint_control/src/DM_USB_to_canfd/lib/libu2canfd.a(usb_class.cpp.o): Relocations in generic ELF (EM: 62)
/usr/bin/ld: /home/orangepi/dm_joint_control/src/DM_USB_to_canfd/lib/libu2canfd.a(usb_class.cpp.o): Relocations in generic ELF (EM: 62)
/usr/bin/ld: /home/orangepi/dm_joint_control/src/DM_USB_to_canfd/lib/libu2canfd.a(usb_class.cpp.o): Relocations in generic ELF (EM: 62)
/usr/bin/ld: /home/orangepi/dm_joint_control/src/DM_USB_to_canfd/lib/libu2canfd.a(usb_class.cpp.o): Relocations in generic ELF (EM: 62)
/usr/bin/ld: /home/orangepi/dm_joint_control/src/DM_USB_to_canfd/lib/libu2canfd.a(usb_class.cpp.o): Relocations in generic ELF (EM: 62)
/usr/bin/ld: /home/orangepi/dm_joint_control/src/DM_USB_to_canfd/lib/libu2canfd.a: error adding symbols: file in wrong format
collect2: error: ld returned 1 exit status
gmake[2]: *** [CMakeFiles/dm_main.dir/build.make:99: dm_main] Error 1
gmake[1]: *** [CMakeFiles/Makefile2:113: CMakeFiles/dm_main.dir/all] Error 2
gmake: *** [Makefile:91: all] Error 2
