[0.023s] Invoking command in '/home/orangepi/dm_joint_control/build/dm_main': /usr/bin/cmake /home/orangepi/dm_joint_control/src/DM_USB_to_canfd -DCMAKE_INSTALL_PREFIX=/home/orangepi/dm_joint_control/install/dm_main
[0.317s] -- The C compiler identification is GNU 11.4.0
[0.553s] -- The CXX compiler identification is GNU 11.4.0
[0.574s] -- Detecting C compiler ABI info
[0.792s] -- Detecting C compiler ABI info - done
[0.804s] -- Check for working C compiler: /usr/bin/cc - skipped
[0.805s] -- Detecting C compile features
[0.806s] -- Detecting C compile features - done
[0.811s] -- Detecting CXX compiler ABI info
[1.016s] -- Detecting CXX compiler ABI info - done
[1.031s] -- Check for working CXX compiler: /usr/bin/c++ - skipped
[1.032s] -- Detecting CXX compile features
[1.033s] -- Detecting CXX compile features - done
[1.041s] -- Looking for pthread.h
[1.251s] -- Looking for pthread.h - found
[1.252s] -- Performing Test CMAKE_HAVE_LIBC_PTHREAD
[1.533s] -- Performing Test CMAKE_HAVE_LIBC_PTHREAD - Success
[1.537s] -- Found Threads: TRUE  
[1.552s] -- Found PkgConfig: /usr/bin/pkg-config (found version "0.29.2") 
[1.555s] -- Checking for module 'libusb-1.0'
[1.584s] --   Found libusb-1.0, version 1.0.25
[1.678s] -- Configuring done
[1.698s] -- Generating done
[1.712s] -- Build files have been written to: /home/orangepi/dm_joint_control/build/dm_main
[1.742s] Invoked command in '/home/orangepi/dm_joint_control/build/dm_main' returned '0': /usr/bin/cmake /home/orangepi/dm_joint_control/src/DM_USB_to_canfd -DCMAKE_INSTALL_PREFIX=/home/orangepi/dm_joint_control/install/dm_main
[1.750s] Invoking command in '/home/orangepi/dm_joint_control/build/dm_main': /usr/bin/cmake --build /home/orangepi/dm_joint_control/build/dm_main -- -j8 -l8
[1.877s] [ 33%] [32mBuilding CXX object CMakeFiles/dev_sn.dir/src/dev_sn.cpp.o[0m
[1.877s] [ 33%] [32mBuilding CXX object CMakeFiles/motor.dir/src/protocol/damiao.cpp.o[0m
[2.375s] [ 50%] [32m[1mLinking CXX executable dev_sn[0m
[2.670s] [ 50%] Built target dev_sn
[3.692s] [ 66%] [32m[1mLinking CXX static library libmotor.a[0m
[3.813s] [ 66%] Built target motor
[3.884s] [ 83%] [32mBuilding CXX object CMakeFiles/dm_main.dir/src/main.cpp.o[0m
[5.007s] [100%] [32m[1mLinking CXX executable dm_main[0m
[5.060s] /usr/bin/ld: /home/orangepi/dm_joint_control/src/DM_USB_to_canfd/lib/libu2canfd.a(usb_class.cpp.o): Relocations in generic ELF (EM: 62)
[5.061s] /usr/bin/ld: /home/orangepi/dm_joint_control/src/DM_USB_to_canfd/lib/libu2canfd.a(usb_class.cpp.o): Relocations in generic ELF (EM: 62)
[5.061s] /usr/bin/ld: /home/orangepi/dm_joint_control/src/DM_USB_to_canfd/lib/libu2canfd.a(usb_class.cpp.o): Relocations in generic ELF (EM: 62)
[5.061s] /usr/bin/ld: /home/orangepi/dm_joint_control/src/DM_USB_to_canfd/lib/libu2canfd.a(usb_class.cpp.o): Relocations in generic ELF (EM: 62)
[5.061s] /usr/bin/ld: /home/orangepi/dm_joint_control/src/DM_USB_to_canfd/lib/libu2canfd.a(usb_class.cpp.o): Relocations in generic ELF (EM: 62)
[5.061s] /usr/bin/ld: /home/orangepi/dm_joint_control/src/DM_USB_to_canfd/lib/libu2canfd.a(usb_class.cpp.o): Relocations in generic ELF (EM: 62)
[5.061s] /usr/bin/ld: /home/orangepi/dm_joint_control/src/DM_USB_to_canfd/lib/libu2canfd.a(usb_class.cpp.o): Relocations in generic ELF (EM: 62)
[5.062s] /usr/bin/ld: /home/orangepi/dm_joint_control/src/DM_USB_to_canfd/lib/libu2canfd.a(usb_class.cpp.o): Relocations in generic ELF (EM: 62)
[5.062s] /usr/bin/ld: /home/orangepi/dm_joint_control/src/DM_USB_to_canfd/lib/libu2canfd.a(usb_class.cpp.o): Relocations in generic ELF (EM: 62)
[5.062s] /usr/bin/ld: /home/orangepi/dm_joint_control/src/DM_USB_to_canfd/lib/libu2canfd.a(usb_class.cpp.o): Relocations in generic ELF (EM: 62)
[5.062s] /usr/bin/ld: /home/orangepi/dm_joint_control/src/DM_USB_to_canfd/lib/libu2canfd.a(usb_class.cpp.o): Relocations in generic ELF (EM: 62)
[5.062s] /usr/bin/ld: /home/orangepi/dm_joint_control/src/DM_USB_to_canfd/lib/libu2canfd.a(usb_class.cpp.o): Relocations in generic ELF (EM: 62)
[5.062s] /usr/bin/ld: /home/orangepi/dm_joint_control/src/DM_USB_to_canfd/lib/libu2canfd.a(usb_class.cpp.o): Relocations in generic ELF (EM: 62)
[5.062s] /usr/bin/ld: /home/orangepi/dm_joint_control/src/DM_USB_to_canfd/lib/libu2canfd.a(usb_class.cpp.o): Relocations in generic ELF (EM: 62)
[5.062s] /usr/bin/ld: /home/orangepi/dm_joint_control/src/DM_USB_to_canfd/lib/libu2canfd.a(usb_class.cpp.o): Relocations in generic ELF (EM: 62)
[5.063s] /usr/bin/ld: /home/orangepi/dm_joint_control/src/DM_USB_to_canfd/lib/libu2canfd.a(usb_class.cpp.o): Relocations in generic ELF (EM: 62)
[5.063s] /usr/bin/ld: /home/orangepi/dm_joint_control/src/DM_USB_to_canfd/lib/libu2canfd.a(usb_class.cpp.o): Relocations in generic ELF (EM: 62)
[5.063s] /usr/bin/ld: /home/orangepi/dm_joint_control/src/DM_USB_to_canfd/lib/libu2canfd.a(usb_class.cpp.o): Relocations in generic ELF (EM: 62)
[5.063s] /usr/bin/ld: /home/orangepi/dm_joint_control/src/DM_USB_to_canfd/lib/libu2canfd.a(usb_class.cpp.o): Relocations in generic ELF (EM: 62)
[5.063s] /usr/bin/ld: /home/orangepi/dm_joint_control/src/DM_USB_to_canfd/lib/libu2canfd.a(usb_class.cpp.o): Relocations in generic ELF (EM: 62)
[5.063s] /usr/bin/ld: /home/orangepi/dm_joint_control/src/DM_USB_to_canfd/lib/libu2canfd.a(usb_class.cpp.o): Relocations in generic ELF (EM: 62)
[5.063s] /usr/bin/ld: /home/orangepi/dm_joint_control/src/DM_USB_to_canfd/lib/libu2canfd.a(usb_class.cpp.o): Relocations in generic ELF (EM: 62)
[5.063s] /usr/bin/ld: /home/orangepi/dm_joint_control/src/DM_USB_to_canfd/lib/libu2canfd.a(usb_class.cpp.o): Relocations in generic ELF (EM: 62)
[5.063s] /usr/bin/ld: /home/orangepi/dm_joint_control/src/DM_USB_to_canfd/lib/libu2canfd.a(usb_class.cpp.o): Relocations in generic ELF (EM: 62)
[5.064s] /usr/bin/ld: /home/orangepi/dm_joint_control/src/DM_USB_to_canfd/lib/libu2canfd.a(usb_class.cpp.o): Relocations in generic ELF (EM: 62)
[5.064s] /usr/bin/ld: /home/orangepi/dm_joint_control/src/DM_USB_to_canfd/lib/libu2canfd.a(usb_class.cpp.o): Relocations in generic ELF (EM: 62)
[5.064s] /usr/bin/ld: /home/orangepi/dm_joint_control/src/DM_USB_to_canfd/lib/libu2canfd.a(usb_class.cpp.o): Relocations in generic ELF (EM: 62)
[5.064s] /usr/bin/ld: /home/orangepi/dm_joint_control/src/DM_USB_to_canfd/lib/libu2canfd.a(usb_class.cpp.o): Relocations in generic ELF (EM: 62)
[5.064s] /usr/bin/ld: /home/orangepi/dm_joint_control/src/DM_USB_to_canfd/lib/libu2canfd.a(usb_class.cpp.o): Relocations in generic ELF (EM: 62)
[5.064s] /usr/bin/ld: /home/orangepi/dm_joint_control/src/DM_USB_to_canfd/lib/libu2canfd.a(usb_class.cpp.o): Relocations in generic ELF (EM: 62)
[5.065s] /usr/bin/ld: /home/orangepi/dm_joint_control/src/DM_USB_to_canfd/lib/libu2canfd.a(usb_class.cpp.o): Relocations in generic ELF (EM: 62)
[5.065s] /usr/bin/ld: /home/orangepi/dm_joint_control/src/DM_USB_to_canfd/lib/libu2canfd.a(usb_class.cpp.o): Relocations in generic ELF (EM: 62)
[5.065s] /usr/bin/ld: /home/orangepi/dm_joint_control/src/DM_USB_to_canfd/lib/libu2canfd.a(usb_class.cpp.o): Relocations in generic ELF (EM: 62)
[5.065s] /usr/bin/ld: /home/orangepi/dm_joint_control/src/DM_USB_to_canfd/lib/libu2canfd.a(usb_class.cpp.o): Relocations in generic ELF (EM: 62)
[5.065s] /usr/bin/ld: /home/orangepi/dm_joint_control/src/DM_USB_to_canfd/lib/libu2canfd.a(usb_class.cpp.o): Relocations in generic ELF (EM: 62)
[5.065s] /usr/bin/ld: /home/orangepi/dm_joint_control/src/DM_USB_to_canfd/lib/libu2canfd.a(usb_class.cpp.o): Relocations in generic ELF (EM: 62)
[5.065s] /usr/bin/ld: /home/orangepi/dm_joint_control/src/DM_USB_to_canfd/lib/libu2canfd.a(usb_class.cpp.o): Relocations in generic ELF (EM: 62)
[5.065s] /usr/bin/ld: /home/orangepi/dm_joint_control/src/DM_USB_to_canfd/lib/libu2canfd.a(usb_class.cpp.o): Relocations in generic ELF (EM: 62)
[5.065s] /usr/bin/ld: /home/orangepi/dm_joint_control/src/DM_USB_to_canfd/lib/libu2canfd.a(usb_class.cpp.o): Relocations in generic ELF (EM: 62)
[5.066s] /usr/bin/ld: /home/orangepi/dm_joint_control/src/DM_USB_to_canfd/lib/libu2canfd.a(usb_class.cpp.o): Relocations in generic ELF (EM: 62)
[5.066s] /usr/bin/ld: /home/orangepi/dm_joint_control/src/DM_USB_to_canfd/lib/libu2canfd.a(usb_class.cpp.o): Relocations in generic ELF (EM: 62)
[5.066s] /usr/bin/ld: /home/orangepi/dm_joint_control/src/DM_USB_to_canfd/lib/libu2canfd.a(usb_class.cpp.o): Relocations in generic ELF (EM: 62)
[5.066s] /usr/bin/ld: /home/orangepi/dm_joint_control/src/DM_USB_to_canfd/lib/libu2canfd.a(usb_class.cpp.o): Relocations in generic ELF (EM: 62)
[5.066s] /usr/bin/ld: /home/orangepi/dm_joint_control/src/DM_USB_to_canfd/lib/libu2canfd.a(usb_class.cpp.o): Relocations in generic ELF (EM: 62)
[5.066s] /usr/bin/ld: /home/orangepi/dm_joint_control/src/DM_USB_to_canfd/lib/libu2canfd.a(usb_class.cpp.o): Relocations in generic ELF (EM: 62)
[5.066s] /usr/bin/ld: /home/orangepi/dm_joint_control/src/DM_USB_to_canfd/lib/libu2canfd.a(usb_class.cpp.o): Relocations in generic ELF (EM: 62)
[5.066s] /usr/bin/ld: /home/orangepi/dm_joint_control/src/DM_USB_to_canfd/lib/libu2canfd.a(usb_class.cpp.o): Relocations in generic ELF (EM: 62)
[5.066s] /usr/bin/ld: /home/orangepi/dm_joint_control/src/DM_USB_to_canfd/lib/libu2canfd.a(usb_class.cpp.o): Relocations in generic ELF (EM: 62)
[5.067s] /usr/bin/ld: /home/orangepi/dm_joint_control/src/DM_USB_to_canfd/lib/libu2canfd.a(usb_class.cpp.o): Relocations in generic ELF (EM: 62)
[5.067s] /usr/bin/ld: /home/orangepi/dm_joint_control/src/DM_USB_to_canfd/lib/libu2canfd.a(usb_class.cpp.o): Relocations in generic ELF (EM: 62)
[5.067s] /usr/bin/ld: /home/orangepi/dm_joint_control/src/DM_USB_to_canfd/lib/libu2canfd.a(usb_class.cpp.o): Relocations in generic ELF (EM: 62)
[5.067s] /usr/bin/ld: /home/orangepi/dm_joint_control/src/DM_USB_to_canfd/lib/libu2canfd.a(usb_class.cpp.o): Relocations in generic ELF (EM: 62)
[5.067s] /usr/bin/ld: /home/orangepi/dm_joint_control/src/DM_USB_to_canfd/lib/libu2canfd.a(usb_class.cpp.o): Relocations in generic ELF (EM: 62)
[5.067s] /usr/bin/ld: /home/orangepi/dm_joint_control/src/DM_USB_to_canfd/lib/libu2canfd.a(usb_class.cpp.o): Relocations in generic ELF (EM: 62)
[5.067s] /usr/bin/ld: /home/orangepi/dm_joint_control/src/DM_USB_to_canfd/lib/libu2canfd.a(usb_class.cpp.o): Relocations in generic ELF (EM: 62)
[5.067s] /usr/bin/ld: /home/orangepi/dm_joint_control/src/DM_USB_to_canfd/lib/libu2canfd.a(usb_class.cpp.o): Relocations in generic ELF (EM: 62)
[5.068s] /usr/bin/ld: /home/orangepi/dm_joint_control/src/DM_USB_to_canfd/lib/libu2canfd.a(usb_class.cpp.o): Relocations in generic ELF (EM: 62)
[5.068s] /usr/bin/ld: /home/orangepi/dm_joint_control/src/DM_USB_to_canfd/lib/libu2canfd.a(usb_class.cpp.o): Relocations in generic ELF (EM: 62)
[5.068s] /usr/bin/ld: /home/orangepi/dm_joint_control/src/DM_USB_to_canfd/lib/libu2canfd.a(usb_class.cpp.o): Relocations in generic ELF (EM: 62)
[5.068s] /usr/bin/ld: /home/orangepi/dm_joint_control/src/DM_USB_to_canfd/lib/libu2canfd.a(usb_class.cpp.o): Relocations in generic ELF (EM: 62)
[5.068s] /usr/bin/ld: /home/orangepi/dm_joint_control/src/DM_USB_to_canfd/lib/libu2canfd.a(usb_class.cpp.o): Relocations in generic ELF (EM: 62)
[5.068s] /usr/bin/ld: /home/orangepi/dm_joint_control/src/DM_USB_to_canfd/lib/libu2canfd.a(usb_class.cpp.o): Relocations in generic ELF (EM: 62)
[5.068s] /usr/bin/ld: /home/orangepi/dm_joint_control/src/DM_USB_to_canfd/lib/libu2canfd.a(usb_class.cpp.o): Relocations in generic ELF (EM: 62)
[5.068s] /usr/bin/ld: /home/orangepi/dm_joint_control/src/DM_USB_to_canfd/lib/libu2canfd.a(usb_class.cpp.o): Relocations in generic ELF (EM: 62)
[5.069s] /usr/bin/ld: /home/orangepi/dm_joint_control/src/DM_USB_to_canfd/lib/libu2canfd.a(usb_class.cpp.o): Relocations in generic ELF (EM: 62)
[5.069s] /usr/bin/ld: /home/orangepi/dm_joint_control/src/DM_USB_to_canfd/lib/libu2canfd.a(usb_class.cpp.o): Relocations in generic ELF (EM: 62)
[5.069s] /usr/bin/ld: /home/orangepi/dm_joint_control/src/DM_USB_to_canfd/lib/libu2canfd.a(usb_class.cpp.o): Relocations in generic ELF (EM: 62)
[5.069s] /usr/bin/ld: /home/orangepi/dm_joint_control/src/DM_USB_to_canfd/lib/libu2canfd.a(usb_class.cpp.o): Relocations in generic ELF (EM: 62)
[5.069s] /usr/bin/ld: /home/orangepi/dm_joint_control/src/DM_USB_to_canfd/lib/libu2canfd.a(usb_class.cpp.o): Relocations in generic ELF (EM: 62)
[5.069s] /usr/bin/ld: /home/orangepi/dm_joint_control/src/DM_USB_to_canfd/lib/libu2canfd.a(usb_class.cpp.o): Relocations in generic ELF (EM: 62)
[5.070s] /usr/bin/ld: /home/orangepi/dm_joint_control/src/DM_USB_to_canfd/lib/libu2canfd.a(usb_class.cpp.o): Relocations in generic ELF (EM: 62)
[5.070s] /usr/bin/ld: /home/orangepi/dm_joint_control/src/DM_USB_to_canfd/lib/libu2canfd.a(usb_class.cpp.o): Relocations in generic ELF (EM: 62)
[5.070s] /usr/bin/ld: /home/orangepi/dm_joint_control/src/DM_USB_to_canfd/lib/libu2canfd.a(usb_class.cpp.o): Relocations in generic ELF (EM: 62)
[5.070s] /usr/bin/ld: /home/orangepi/dm_joint_control/src/DM_USB_to_canfd/lib/libu2canfd.a(usb_class.cpp.o): Relocations in generic ELF (EM: 62)
[5.070s] /usr/bin/ld: /home/orangepi/dm_joint_control/src/DM_USB_to_canfd/lib/libu2canfd.a(usb_class.cpp.o): Relocations in generic ELF (EM: 62)
[5.071s] /usr/bin/ld: /home/orangepi/dm_joint_control/src/DM_USB_to_canfd/lib/libu2canfd.a(usb_class.cpp.o): Relocations in generic ELF (EM: 62)
[5.071s] /usr/bin/ld: /home/orangepi/dm_joint_control/src/DM_USB_to_canfd/lib/libu2canfd.a(usb_class.cpp.o): Relocations in generic ELF (EM: 62)
[5.071s] /usr/bin/ld: /home/orangepi/dm_joint_control/src/DM_USB_to_canfd/lib/libu2canfd.a(usb_class.cpp.o): Relocations in generic ELF (EM: 62)
[5.071s] /usr/bin/ld: /home/orangepi/dm_joint_control/src/DM_USB_to_canfd/lib/libu2canfd.a(usb_class.cpp.o): Relocations in generic ELF (EM: 62)
[5.071s] /usr/bin/ld: /home/orangepi/dm_joint_control/src/DM_USB_to_canfd/lib/libu2canfd.a(usb_class.cpp.o): Relocations in generic ELF (EM: 62)
[5.071s] /usr/bin/ld: /home/orangepi/dm_joint_control/src/DM_USB_to_canfd/lib/libu2canfd.a(usb_class.cpp.o): Relocations in generic ELF (EM: 62)
[5.072s] /usr/bin/ld: /home/orangepi/dm_joint_control/src/DM_USB_to_canfd/lib/libu2canfd.a(usb_class.cpp.o): Relocations in generic ELF (EM: 62)
[5.072s] /usr/bin/ld: /home/orangepi/dm_joint_control/src/DM_USB_to_canfd/lib/libu2canfd.a(usb_class.cpp.o): Relocations in generic ELF (EM: 62)
[5.072s] /usr/bin/ld: /home/orangepi/dm_joint_control/src/DM_USB_to_canfd/lib/libu2canfd.a(usb_class.cpp.o): Relocations in generic ELF (EM: 62)
[5.072s] /usr/bin/ld: /home/orangepi/dm_joint_control/src/DM_USB_to_canfd/lib/libu2canfd.a(usb_class.cpp.o): Relocations in generic ELF (EM: 62)
[5.073s] /usr/bin/ld: /home/orangepi/dm_joint_control/src/DM_USB_to_canfd/lib/libu2canfd.a(usb_class.cpp.o): Relocations in generic ELF (EM: 62)
[5.073s] /usr/bin/ld: /home/orangepi/dm_joint_control/src/DM_USB_to_canfd/lib/libu2canfd.a(usb_class.cpp.o): Relocations in generic ELF (EM: 62)
[5.073s] /usr/bin/ld: /home/orangepi/dm_joint_control/src/DM_USB_to_canfd/lib/libu2canfd.a(usb_class.cpp.o): Relocations in generic ELF (EM: 62)
[5.073s] /usr/bin/ld: /home/orangepi/dm_joint_control/src/DM_USB_to_canfd/lib/libu2canfd.a(usb_class.cpp.o): Relocations in generic ELF (EM: 62)
[5.073s] /usr/bin/ld: /home/orangepi/dm_joint_control/src/DM_USB_to_canfd/lib/libu2canfd.a(usb_class.cpp.o): Relocations in generic ELF (EM: 62)
[5.073s] /usr/bin/ld: /home/orangepi/dm_joint_control/src/DM_USB_to_canfd/lib/libu2canfd.a(usb_class.cpp.o): Relocations in generic ELF (EM: 62)
[5.073s] /usr/bin/ld: /home/orangepi/dm_joint_control/src/DM_USB_to_canfd/lib/libu2canfd.a(usb_class.cpp.o): Relocations in generic ELF (EM: 62)
[5.073s] /usr/bin/ld: /home/orangepi/dm_joint_control/src/DM_USB_to_canfd/lib/libu2canfd.a(usb_class.cpp.o): Relocations in generic ELF (EM: 62)
[5.073s] /usr/bin/ld: /home/orangepi/dm_joint_control/src/DM_USB_to_canfd/lib/libu2canfd.a(usb_class.cpp.o): Relocations in generic ELF (EM: 62)
[5.073s] /usr/bin/ld: /home/orangepi/dm_joint_control/src/DM_USB_to_canfd/lib/libu2canfd.a(usb_class.cpp.o): Relocations in generic ELF (EM: 62)
[5.073s] /usr/bin/ld: /home/orangepi/dm_joint_control/src/DM_USB_to_canfd/lib/libu2canfd.a(usb_class.cpp.o): Relocations in generic ELF (EM: 62)
[5.073s] /usr/bin/ld: /home/orangepi/dm_joint_control/src/DM_USB_to_canfd/lib/libu2canfd.a(usb_class.cpp.o): Relocations in generic ELF (EM: 62)
[5.073s] /usr/bin/ld: /home/orangepi/dm_joint_control/src/DM_USB_to_canfd/lib/libu2canfd.a(usb_class.cpp.o): Relocations in generic ELF (EM: 62)
[5.073s] /usr/bin/ld: /home/orangepi/dm_joint_control/src/DM_USB_to_canfd/lib/libu2canfd.a(usb_class.cpp.o): Relocations in generic ELF (EM: 62)
[5.073s] /usr/bin/ld: /home/orangepi/dm_joint_control/src/DM_USB_to_canfd/lib/libu2canfd.a(usb_class.cpp.o): Relocations in generic ELF (EM: 62)
[5.073s] /usr/bin/ld: /home/orangepi/dm_joint_control/src/DM_USB_to_canfd/lib/libu2canfd.a(usb_class.cpp.o): Relocations in generic ELF (EM: 62)
[5.074s] /usr/bin/ld: /home/orangepi/dm_joint_control/src/DM_USB_to_canfd/lib/libu2canfd.a(usb_class.cpp.o): Relocations in generic ELF (EM: 62)
[5.074s] /usr/bin/ld: /home/orangepi/dm_joint_control/src/DM_USB_to_canfd/lib/libu2canfd.a(usb_class.cpp.o): Relocations in generic ELF (EM: 62)
[5.074s] /usr/bin/ld: /home/orangepi/dm_joint_control/src/DM_USB_to_canfd/lib/libu2canfd.a(usb_class.cpp.o): Relocations in generic ELF (EM: 62)
[5.074s] /usr/bin/ld: /home/orangepi/dm_joint_control/src/DM_USB_to_canfd/lib/libu2canfd.a(usb_class.cpp.o): Relocations in generic ELF (EM: 62)
[5.074s] /usr/bin/ld: /home/orangepi/dm_joint_control/src/DM_USB_to_canfd/lib/libu2canfd.a(usb_class.cpp.o): Relocations in generic ELF (EM: 62)
[5.074s] /usr/bin/ld: /home/orangepi/dm_joint_control/src/DM_USB_to_canfd/lib/libu2canfd.a(usb_class.cpp.o): Relocations in generic ELF (EM: 62)
[5.074s] /usr/bin/ld: /home/orangepi/dm_joint_control/src/DM_USB_to_canfd/lib/libu2canfd.a(usb_class.cpp.o): Relocations in generic ELF (EM: 62)
[5.074s] /usr/bin/ld: /home/orangepi/dm_joint_control/src/DM_USB_to_canfd/lib/libu2canfd.a(usb_class.cpp.o): Relocations in generic ELF (EM: 62)
[5.074s] /usr/bin/ld: /home/orangepi/dm_joint_control/src/DM_USB_to_canfd/lib/libu2canfd.a(usb_class.cpp.o): Relocations in generic ELF (EM: 62)
[5.074s] /usr/bin/ld: /home/orangepi/dm_joint_control/src/DM_USB_to_canfd/lib/libu2canfd.a(usb_class.cpp.o): Relocations in generic ELF (EM: 62)
[5.074s] /usr/bin/ld: /home/orangepi/dm_joint_control/src/DM_USB_to_canfd/lib/libu2canfd.a(usb_class.cpp.o): Relocations in generic ELF (EM: 62)
[5.074s] /usr/bin/ld: /home/orangepi/dm_joint_control/src/DM_USB_to_canfd/lib/libu2canfd.a(usb_class.cpp.o): Relocations in generic ELF (EM: 62)
[5.074s] /usr/bin/ld: /home/orangepi/dm_joint_control/src/DM_USB_to_canfd/lib/libu2canfd.a(usb_class.cpp.o): Relocations in generic ELF (EM: 62)
[5.074s] /usr/bin/ld: /home/orangepi/dm_joint_control/src/DM_USB_to_canfd/lib/libu2canfd.a(usb_class.cpp.o): Relocations in generic ELF (EM: 62)
[5.074s] /usr/bin/ld: /home/orangepi/dm_joint_control/src/DM_USB_to_canfd/lib/libu2canfd.a(usb_class.cpp.o): Relocations in generic ELF (EM: 62)
[5.074s] /usr/bin/ld: /home/orangepi/dm_joint_control/src/DM_USB_to_canfd/lib/libu2canfd.a(usb_class.cpp.o): Relocations in generic ELF (EM: 62)
[5.075s] /usr/bin/ld: /home/orangepi/dm_joint_control/src/DM_USB_to_canfd/lib/libu2canfd.a(usb_class.cpp.o): Relocations in generic ELF (EM: 62)
[5.075s] /usr/bin/ld: /home/orangepi/dm_joint_control/src/DM_USB_to_canfd/lib/libu2canfd.a(usb_class.cpp.o): Relocations in generic ELF (EM: 62)
[5.075s] /usr/bin/ld: /home/orangepi/dm_joint_control/src/DM_USB_to_canfd/lib/libu2canfd.a(usb_class.cpp.o): Relocations in generic ELF (EM: 62)
[5.075s] /usr/bin/ld: /home/orangepi/dm_joint_control/src/DM_USB_to_canfd/lib/libu2canfd.a(usb_class.cpp.o): Relocations in generic ELF (EM: 62)
[5.075s] /usr/bin/ld: /home/orangepi/dm_joint_control/src/DM_USB_to_canfd/lib/libu2canfd.a(usb_class.cpp.o): Relocations in generic ELF (EM: 62)
[5.075s] /usr/bin/ld: /home/orangepi/dm_joint_control/src/DM_USB_to_canfd/lib/libu2canfd.a(usb_class.cpp.o): Relocations in generic ELF (EM: 62)
[5.075s] /usr/bin/ld: /home/orangepi/dm_joint_control/src/DM_USB_to_canfd/lib/libu2canfd.a(usb_class.cpp.o): Relocations in generic ELF (EM: 62)
[5.075s] /usr/bin/ld: /home/orangepi/dm_joint_control/src/DM_USB_to_canfd/lib/libu2canfd.a(usb_class.cpp.o): Relocations in generic ELF (EM: 62)
[5.075s] /usr/bin/ld: /home/orangepi/dm_joint_control/src/DM_USB_to_canfd/lib/libu2canfd.a(usb_class.cpp.o): Relocations in generic ELF (EM: 62)
[5.075s] /usr/bin/ld: /home/orangepi/dm_joint_control/src/DM_USB_to_canfd/lib/libu2canfd.a(usb_class.cpp.o): Relocations in generic ELF (EM: 62)
[5.075s] /usr/bin/ld: /home/orangepi/dm_joint_control/src/DM_USB_to_canfd/lib/libu2canfd.a(usb_class.cpp.o): Relocations in generic ELF (EM: 62)
[5.075s] /usr/bin/ld: /home/orangepi/dm_joint_control/src/DM_USB_to_canfd/lib/libu2canfd.a(usb_class.cpp.o): Relocations in generic ELF (EM: 62)
[5.075s] /usr/bin/ld: /home/orangepi/dm_joint_control/src/DM_USB_to_canfd/lib/libu2canfd.a(usb_class.cpp.o): Relocations in generic ELF (EM: 62)
[5.075s] /usr/bin/ld: /home/orangepi/dm_joint_control/src/DM_USB_to_canfd/lib/libu2canfd.a(usb_class.cpp.o): Relocations in generic ELF (EM: 62)
[5.075s] /usr/bin/ld: /home/orangepi/dm_joint_control/src/DM_USB_to_canfd/lib/libu2canfd.a(usb_class.cpp.o): Relocations in generic ELF (EM: 62)
[5.075s] /usr/bin/ld: /home/orangepi/dm_joint_control/src/DM_USB_to_canfd/lib/libu2canfd.a(usb_class.cpp.o): Relocations in generic ELF (EM: 62)
[5.076s] /usr/bin/ld: /home/orangepi/dm_joint_control/src/DM_USB_to_canfd/lib/libu2canfd.a(usb_class.cpp.o): Relocations in generic ELF (EM: 62)
[5.076s] /usr/bin/ld: /home/orangepi/dm_joint_control/src/DM_USB_to_canfd/lib/libu2canfd.a(usb_class.cpp.o): Relocations in generic ELF (EM: 62)
[5.076s] /usr/bin/ld: /home/orangepi/dm_joint_control/src/DM_USB_to_canfd/lib/libu2canfd.a(usb_class.cpp.o): Relocations in generic ELF (EM: 62)
[5.076s] /usr/bin/ld: /home/orangepi/dm_joint_control/src/DM_USB_to_canfd/lib/libu2canfd.a(usb_class.cpp.o): Relocations in generic ELF (EM: 62)
[5.076s] /usr/bin/ld: /home/orangepi/dm_joint_control/src/DM_USB_to_canfd/lib/libu2canfd.a(usb_class.cpp.o): Relocations in generic ELF (EM: 62)
[5.076s] /usr/bin/ld: /home/orangepi/dm_joint_control/src/DM_USB_to_canfd/lib/libu2canfd.a(usb_class.cpp.o): Relocations in generic ELF (EM: 62)
[5.076s] /usr/bin/ld: /home/orangepi/dm_joint_control/src/DM_USB_to_canfd/lib/libu2canfd.a(usb_class.cpp.o): Relocations in generic ELF (EM: 62)
[5.076s] /usr/bin/ld: /home/orangepi/dm_joint_control/src/DM_USB_to_canfd/lib/libu2canfd.a(usb_class.cpp.o): Relocations in generic ELF (EM: 62)
[5.076s] /usr/bin/ld: /home/orangepi/dm_joint_control/src/DM_USB_to_canfd/lib/libu2canfd.a(usb_class.cpp.o): Relocations in generic ELF (EM: 62)
[5.076s] /usr/bin/ld: /home/orangepi/dm_joint_control/src/DM_USB_to_canfd/lib/libu2canfd.a(usb_class.cpp.o): Relocations in generic ELF (EM: 62)
[5.076s] /usr/bin/ld: /home/orangepi/dm_joint_control/src/DM_USB_to_canfd/lib/libu2canfd.a(usb_class.cpp.o): Relocations in generic ELF (EM: 62)
[5.076s] /usr/bin/ld: /home/orangepi/dm_joint_control/src/DM_USB_to_canfd/lib/libu2canfd.a(usb_class.cpp.o): Relocations in generic ELF (EM: 62)
[5.076s] /usr/bin/ld: /home/orangepi/dm_joint_control/src/DM_USB_to_canfd/lib/libu2canfd.a(usb_class.cpp.o): Relocations in generic ELF (EM: 62)
[5.076s] /usr/bin/ld: /home/orangepi/dm_joint_control/src/DM_USB_to_canfd/lib/libu2canfd.a(usb_class.cpp.o): Relocations in generic ELF (EM: 62)
[5.076s] /usr/bin/ld: /home/orangepi/dm_joint_control/src/DM_USB_to_canfd/lib/libu2canfd.a(usb_class.cpp.o): Relocations in generic ELF (EM: 62)
[5.076s] /usr/bin/ld: /home/orangepi/dm_joint_control/src/DM_USB_to_canfd/lib/libu2canfd.a(usb_class.cpp.o): Relocations in generic ELF (EM: 62)
[5.077s] /usr/bin/ld: /home/orangepi/dm_joint_control/src/DM_USB_to_canfd/lib/libu2canfd.a(usb_class.cpp.o): Relocations in generic ELF (EM: 62)
[5.077s] /usr/bin/ld: /home/orangepi/dm_joint_control/src/DM_USB_to_canfd/lib/libu2canfd.a(usb_class.cpp.o): Relocations in generic ELF (EM: 62)
[5.077s] /usr/bin/ld: /home/orangepi/dm_joint_control/src/DM_USB_to_canfd/lib/libu2canfd.a(usb_class.cpp.o): Relocations in generic ELF (EM: 62)
[5.077s] /usr/bin/ld: /home/orangepi/dm_joint_control/src/DM_USB_to_canfd/lib/libu2canfd.a(usb_class.cpp.o): Relocations in generic ELF (EM: 62)
[5.077s] /usr/bin/ld: /home/orangepi/dm_joint_control/src/DM_USB_to_canfd/lib/libu2canfd.a(usb_class.cpp.o): Relocations in generic ELF (EM: 62)
[5.077s] /usr/bin/ld: /home/orangepi/dm_joint_control/src/DM_USB_to_canfd/lib/libu2canfd.a(usb_class.cpp.o): Relocations in generic ELF (EM: 62)
[5.077s] /usr/bin/ld: /home/orangepi/dm_joint_control/src/DM_USB_to_canfd/lib/libu2canfd.a(usb_class.cpp.o): Relocations in generic ELF (EM: 62)
[5.077s] /usr/bin/ld: /home/orangepi/dm_joint_control/src/DM_USB_to_canfd/lib/libu2canfd.a(usb_class.cpp.o): Relocations in generic ELF (EM: 62)
[5.077s] /usr/bin/ld: /home/orangepi/dm_joint_control/src/DM_USB_to_canfd/lib/libu2canfd.a(usb_class.cpp.o): Relocations in generic ELF (EM: 62)
[5.077s] /usr/bin/ld: /home/orangepi/dm_joint_control/src/DM_USB_to_canfd/lib/libu2canfd.a(usb_class.cpp.o): Relocations in generic ELF (EM: 62)
[5.077s] /usr/bin/ld: /home/orangepi/dm_joint_control/src/DM_USB_to_canfd/lib/libu2canfd.a(usb_class.cpp.o): Relocations in generic ELF (EM: 62)
[5.077s] /usr/bin/ld: /home/orangepi/dm_joint_control/src/DM_USB_to_canfd/lib/libu2canfd.a(usb_class.cpp.o): Relocations in generic ELF (EM: 62)
[5.077s] /usr/bin/ld: /home/orangepi/dm_joint_control/src/DM_USB_to_canfd/lib/libu2canfd.a(usb_class.cpp.o): Relocations in generic ELF (EM: 62)
[5.077s] /usr/bin/ld: /home/orangepi/dm_joint_control/src/DM_USB_to_canfd/lib/libu2canfd.a(usb_class.cpp.o): Relocations in generic ELF (EM: 62)
[5.077s] /usr/bin/ld: /home/orangepi/dm_joint_control/src/DM_USB_to_canfd/lib/libu2canfd.a(usb_class.cpp.o): Relocations in generic ELF (EM: 62)
[5.077s] /usr/bin/ld: /home/orangepi/dm_joint_control/src/DM_USB_to_canfd/lib/libu2canfd.a(usb_class.cpp.o): Relocations in generic ELF (EM: 62)
[5.078s] /usr/bin/ld: /home/orangepi/dm_joint_control/src/DM_USB_to_canfd/lib/libu2canfd.a(usb_class.cpp.o): Relocations in generic ELF (EM: 62)
[5.078s] /usr/bin/ld: /home/orangepi/dm_joint_control/src/DM_USB_to_canfd/lib/libu2canfd.a(usb_class.cpp.o): Relocations in generic ELF (EM: 62)
[5.078s] /usr/bin/ld: /home/orangepi/dm_joint_control/src/DM_USB_to_canfd/lib/libu2canfd.a(usb_class.cpp.o): Relocations in generic ELF (EM: 62)
[5.078s] /usr/bin/ld: /home/orangepi/dm_joint_control/src/DM_USB_to_canfd/lib/libu2canfd.a(usb_class.cpp.o): Relocations in generic ELF (EM: 62)
[5.078s] /usr/bin/ld: /home/orangepi/dm_joint_control/src/DM_USB_to_canfd/lib/libu2canfd.a(usb_class.cpp.o): Relocations in generic ELF (EM: 62)
[5.078s] /usr/bin/ld: /home/orangepi/dm_joint_control/src/DM_USB_to_canfd/lib/libu2canfd.a(usb_class.cpp.o): Relocations in generic ELF (EM: 62)
[5.078s] /usr/bin/ld: /home/orangepi/dm_joint_control/src/DM_USB_to_canfd/lib/libu2canfd.a(usb_class.cpp.o): Relocations in generic ELF (EM: 62)
[5.078s] /usr/bin/ld: /home/orangepi/dm_joint_control/src/DM_USB_to_canfd/lib/libu2canfd.a(usb_class.cpp.o): Relocations in generic ELF (EM: 62)
[5.078s] /usr/bin/ld: /home/orangepi/dm_joint_control/src/DM_USB_to_canfd/lib/libu2canfd.a(usb_class.cpp.o): Relocations in generic ELF (EM: 62)
[5.078s] /usr/bin/ld: /home/orangepi/dm_joint_control/src/DM_USB_to_canfd/lib/libu2canfd.a(usb_class.cpp.o): Relocations in generic ELF (EM: 62)
[5.078s] /usr/bin/ld: /home/orangepi/dm_joint_control/src/DM_USB_to_canfd/lib/libu2canfd.a(usb_class.cpp.o): Relocations in generic ELF (EM: 62)
[5.078s] /usr/bin/ld: /home/orangepi/dm_joint_control/src/DM_USB_to_canfd/lib/libu2canfd.a(usb_class.cpp.o): Relocations in generic ELF (EM: 62)
[5.078s] /usr/bin/ld: /home/orangepi/dm_joint_control/src/DM_USB_to_canfd/lib/libu2canfd.a(usb_class.cpp.o): Relocations in generic ELF (EM: 62)
[5.078s] /usr/bin/ld: /home/orangepi/dm_joint_control/src/DM_USB_to_canfd/lib/libu2canfd.a(usb_class.cpp.o): Relocations in generic ELF (EM: 62)
[5.078s] /usr/bin/ld: /home/orangepi/dm_joint_control/src/DM_USB_to_canfd/lib/libu2canfd.a(usb_class.cpp.o): Relocations in generic ELF (EM: 62)
[5.078s] /usr/bin/ld: /home/orangepi/dm_joint_control/src/DM_USB_to_canfd/lib/libu2canfd.a(usb_class.cpp.o): Relocations in generic ELF (EM: 62)
[5.079s] /usr/bin/ld: /home/orangepi/dm_joint_control/src/DM_USB_to_canfd/lib/libu2canfd.a(usb_class.cpp.o): Relocations in generic ELF (EM: 62)
[5.079s] /usr/bin/ld: /home/orangepi/dm_joint_control/src/DM_USB_to_canfd/lib/libu2canfd.a(usb_class.cpp.o): Relocations in generic ELF (EM: 62)
[5.079s] /usr/bin/ld: /home/orangepi/dm_joint_control/src/DM_USB_to_canfd/lib/libu2canfd.a(usb_class.cpp.o): Relocations in generic ELF (EM: 62)
[5.079s] /usr/bin/ld: /home/orangepi/dm_joint_control/src/DM_USB_to_canfd/lib/libu2canfd.a(usb_class.cpp.o): Relocations in generic ELF (EM: 62)
[5.079s] /usr/bin/ld: /home/orangepi/dm_joint_control/src/DM_USB_to_canfd/lib/libu2canfd.a(usb_class.cpp.o): Relocations in generic ELF (EM: 62)
[5.079s] /usr/bin/ld: /home/orangepi/dm_joint_control/src/DM_USB_to_canfd/lib/libu2canfd.a(usb_class.cpp.o): Relocations in generic ELF (EM: 62)
[5.079s] /usr/bin/ld: /home/orangepi/dm_joint_control/src/DM_USB_to_canfd/lib/libu2canfd.a(usb_class.cpp.o): Relocations in generic ELF (EM: 62)
[5.079s] /usr/bin/ld: /home/orangepi/dm_joint_control/src/DM_USB_to_canfd/lib/libu2canfd.a(usb_class.cpp.o): Relocations in generic ELF (EM: 62)
[5.079s] /usr/bin/ld: /home/orangepi/dm_joint_control/src/DM_USB_to_canfd/lib/libu2canfd.a(usb_class.cpp.o): Relocations in generic ELF (EM: 62)
[5.079s] /usr/bin/ld: /home/orangepi/dm_joint_control/src/DM_USB_to_canfd/lib/libu2canfd.a(usb_class.cpp.o): Relocations in generic ELF (EM: 62)
[5.079s] /usr/bin/ld: /home/orangepi/dm_joint_control/src/DM_USB_to_canfd/lib/libu2canfd.a(usb_class.cpp.o): Relocations in generic ELF (EM: 62)
[5.079s] /usr/bin/ld: /home/orangepi/dm_joint_control/src/DM_USB_to_canfd/lib/libu2canfd.a(usb_class.cpp.o): Relocations in generic ELF (EM: 62)
[5.079s] /usr/bin/ld: /home/orangepi/dm_joint_control/src/DM_USB_to_canfd/lib/libu2canfd.a(usb_class.cpp.o): Relocations in generic ELF (EM: 62)
[5.079s] /usr/bin/ld: /home/orangepi/dm_joint_control/src/DM_USB_to_canfd/lib/libu2canfd.a(usb_class.cpp.o): Relocations in generic ELF (EM: 62)
[5.079s] /usr/bin/ld: /home/orangepi/dm_joint_control/src/DM_USB_to_canfd/lib/libu2canfd.a(usb_class.cpp.o): Relocations in generic ELF (EM: 62)
[5.079s] /usr/bin/ld: /home/orangepi/dm_joint_control/src/DM_USB_to_canfd/lib/libu2canfd.a: error adding symbols: file in wrong format
[5.080s] collect2: error: ld returned 1 exit status
[5.080s] gmake[2]: *** [CMakeFiles/dm_main.dir/build.make:99: dm_main] Error 1
[5.080s] gmake[1]: *** [CMakeFiles/Makefile2:113: CMakeFiles/dm_main.dir/all] Error 2
[5.080s] gmake: *** [Makefile:91: all] Error 2
[5.080s] Invoked command in '/home/orangepi/dm_joint_control/build/dm_main' returned '2': /usr/bin/cmake --build /home/orangepi/dm_joint_control/build/dm_main -- -j8 -l8
