-- The C compiler identification is GNU 11.4.0
-- The CXX compiler identification is GNU 11.4.0
-- Detecting C compiler ABI info
-- Detecting C compiler ABI info - done
-- Check for working C compiler: /usr/bin/cc - skipped
-- Detecting C compile features
-- Detecting C compile features - done
-- Detecting CXX compiler ABI info
-- Detecting CXX compiler ABI info - done
-- Check for working CXX compiler: /usr/bin/c++ - skipped
-- Detecting CXX compile features
-- Detecting CXX compile features - done
-- Found OpenCV: /usr/local (found version "4.12.0") 
-- OpenCV version: 4.12.0
-- OpenCV libraries: opencv_calib3d;opencv_core;opencv_dnn;opencv_features2d;opencv_flann;opencv_gapi;opencv_highgui;opencv_imgcodecs;opencv_imgproc;opencv_ml;opencv_objdetect;opencv_photo;opencv_stitching;opencv_video;opencv_videoio
-- OpenCV include dir: /usr/local/include/opencv4
-- Configuring done
-- Generating done
-- Build files have been written to: /home/stick/dm_joint_control/build/VideoStreamExample
[ 50%] [32mBuilding CXX object CMakeFiles/video_stream.dir/src/image.cpp.o[0m
[100%] [32m[1mLinking CXX executable video_stream[0m
[100%] Built target video_stream
