[0.006s] Invoking command in '/home/stick/dm_joint_control/build/VideoStreamExample': CONDA_PROMPT_MODIFIER=(base) /usr/bin/cmake /home/stick/dm_joint_control/src/camera_usb -DCMAKE_INSTALL_PREFIX=/home/stick/dm_joint_control/install/VideoStreamExample
[0.039s] -- The C compiler identification is GNU 11.4.0
[0.069s] -- The CXX compiler identification is GNU 11.4.0
[0.073s] -- Detecting C compiler ABI info
[0.112s] -- Detecting C compiler ABI info - done
[0.115s] -- Check for working C compiler: /usr/bin/cc - skipped
[0.115s] -- Detecting C compile features
[0.115s] -- Detecting C compile features - done
[0.117s] -- Detecting CXX compiler ABI info
[0.160s] -- Detecting CXX compiler ABI info - done
[0.164s] -- Check for working CXX compiler: /usr/bin/c++ - skipped
[0.164s] -- Detecting CXX compile features
[0.164s] -- Detecting CXX compile features - done
[0.167s] -- Found OpenCV: /usr/local (found version "4.12.0") 
[0.167s] -- OpenCV version: 4.12.0
[0.167s] -- OpenCV libraries: opencv_calib3d;opencv_core;opencv_dnn;opencv_features2d;opencv_flann;opencv_gapi;opencv_highgui;opencv_imgcodecs;opencv_imgproc;opencv_ml;opencv_objdetect;opencv_photo;opencv_stitching;opencv_video;opencv_videoio
[0.168s] -- OpenCV include dir: /usr/local/include/opencv4
[0.168s] -- Configuring done
[0.169s] -- Generating done
[0.169s] -- Build files have been written to: /home/stick/dm_joint_control/build/VideoStreamExample
[0.172s] Invoked command in '/home/stick/dm_joint_control/build/VideoStreamExample' returned '0': CONDA_PROMPT_MODIFIER=(base) /usr/bin/cmake /home/stick/dm_joint_control/src/camera_usb -DCMAKE_INSTALL_PREFIX=/home/stick/dm_joint_control/install/VideoStreamExample
[0.173s] Invoking command in '/home/stick/dm_joint_control/build/VideoStreamExample': CONDA_PROMPT_MODIFIER=(base) /usr/bin/cmake --build /home/stick/dm_joint_control/build/VideoStreamExample -- -j20 -l20
[0.199s] [ 50%] [32mBuilding CXX object CMakeFiles/video_stream.dir/src/image.cpp.o[0m
[0.896s] [100%] [32m[1mLinking CXX executable video_stream[0m
[1.013s] [100%] Built target video_stream
