-- The C compiler identification is GNU 11.4.0
-- The CXX compiler identification is GNU 11.4.0
-- Detecting C compiler ABI info
-- Detecting C compiler ABI info - done
-- Check for working C compiler: /usr/bin/cc - skipped
-- Detecting C compile features
-- Detecting C compile features - done
-- Detecting CXX compiler ABI info
-- Detecting CXX compiler ABI info - done
-- Check for working CXX compiler: /usr/bin/c++ - skipped
-- Detecting CXX compile features
-- Detecting CXX compile features - done
-- Configuring done
-- Generating done
-- Build files have been written to: /home/orangepi/dm_joint_control/build/dm_Linux_Drive
[ 16%] [32mBuilding CXX object CMakeFiles/dm_motor_rerun.dir/src/dm_motor_rerun.cpp.o[0m
[ 50%] [32mBuilding CXX object CMakeFiles/test_damiao.dir/src/test_damiao.cpp.o[0m
[ 50%] [32mBuilding CXX object CMakeFiles/dm_set_zero_position.dir/src/dm_set_zero_position.cpp.o[0m
[ 66%] [32m[1mLinking CXX executable dm_motor_rerun[0m
[ 83%] [32m[1mLinking CXX executable dm_set_zero_position[0m
[100%] [32m[1mLinking CXX executable test_damiao[0m
[100%] Built target dm_motor_rerun
[100%] Built target dm_set_zero_position
[100%] Built target test_damiao
