[0.046s] DEBUG:colcon:Command line arguments: ['/usr/bin/colcon', 'build']
[0.046s] DEBUG:colcon:Parsed command line arguments: Namespace(log_base=None, log_level=None, verb_name='build', build_base='build', install_base='install', merge_install=False, symlink_install=False, test_result_base=None, continue_on_error=False, executor='parallel', parallel_workers=20, event_handlers=None, ignore_user_meta=False, metas=['./colcon.meta'], base_paths=['.'], packages_ignore=None, packages_ignore_regex=None, paths=None, packages_up_to=None, packages_up_to_regex=None, packages_above=None, packages_above_and_dependencies=None, packages_above_depth=None, packages_select_by_dep=None, packages_skip_by_dep=None, packages_skip_up_to=None, packages_select_build_failed=False, packages_skip_build_finished=False, packages_select_test_failures=False, packages_skip_test_passed=False, packages_select=None, packages_skip=None, packages_select_regex=None, packages_skip_regex=None, packages_start=None, packages_end=None, allow_overriding=[], cmake_args=None, cmake_target=None, cmake_target_skip_unavailable=False, cmake_clean_cache=False, cmake_clean_first=False, cmake_force_configure=False, ament_cmake_args=None, catkin_cmake_args=None, catkin_skip_building_tests=False, verb_parser=<colcon_defaults.argument_parser.defaults.DefaultArgumentsDecorator object at 0x7dfed77cfc10>, verb_extension=<colcon_core.verb.build.BuildVerb object at 0x7dfed77cf730>, main=<bound method BuildVerb.main of <colcon_core.verb.build.BuildVerb object at 0x7dfed77cf730>>)
[0.110s] Level 1:colcon.colcon_core.package_discovery:discover_packages(colcon_meta) check parameters
[0.111s] Level 1:colcon.colcon_core.package_discovery:discover_packages(recursive) check parameters
[0.111s] Level 1:colcon.colcon_core.package_discovery:discover_packages(ignore) check parameters
[0.111s] Level 1:colcon.colcon_core.package_discovery:discover_packages(path) check parameters
[0.111s] Level 1:colcon.colcon_core.package_discovery:discover_packages(colcon_meta) discover
[0.111s] Level 1:colcon.colcon_core.package_discovery:discover_packages(recursive) discover
[0.111s] INFO:colcon.colcon_core.package_discovery:Crawling recursively for packages in '/home/stick/dm_joint_control'
[0.111s] Level 1:colcon.colcon_core.package_identification:_identify(.) by extensions ['ignore', 'ignore_ament_install']
[0.111s] Level 1:colcon.colcon_core.package_identification:_identify(.) by extension 'ignore'
[0.111s] Level 1:colcon.colcon_core.package_identification:_identify(.) by extension 'ignore_ament_install'
[0.111s] Level 1:colcon.colcon_core.package_identification:_identify(.) by extensions ['colcon_pkg']
[0.111s] Level 1:colcon.colcon_core.package_identification:_identify(.) by extension 'colcon_pkg'
[0.111s] Level 1:colcon.colcon_core.package_identification:_identify(.) by extensions ['colcon_meta']
[0.111s] Level 1:colcon.colcon_core.package_identification:_identify(.) by extension 'colcon_meta'
[0.111s] Level 1:colcon.colcon_core.package_identification:_identify(.) by extensions ['ros']
[0.111s] Level 1:colcon.colcon_core.package_identification:_identify(.) by extension 'ros'
[0.116s] Level 1:colcon.colcon_core.package_identification:_identify(.) by extensions ['cmake', 'python']
[0.116s] Level 1:colcon.colcon_core.package_identification:_identify(.) by extension 'cmake'
[0.116s] Level 1:colcon.colcon_core.package_identification:_identify(.) by extension 'python'
[0.116s] Level 1:colcon.colcon_core.package_identification:_identify(.) by extensions ['python_setup_py']
[0.116s] Level 1:colcon.colcon_core.package_identification:_identify(.) by extension 'python_setup_py'
[0.117s] Level 1:colcon.colcon_core.package_identification:_identify(build) by extensions ['ignore', 'ignore_ament_install']
[0.117s] Level 1:colcon.colcon_core.package_identification:_identify(build) by extension 'ignore'
[0.117s] Level 1:colcon.colcon_core.package_identification:_identify(build) ignored
[0.117s] Level 1:colcon.colcon_core.package_identification:_identify(install) by extensions ['ignore', 'ignore_ament_install']
[0.117s] Level 1:colcon.colcon_core.package_identification:_identify(install) by extension 'ignore'
[0.117s] Level 1:colcon.colcon_core.package_identification:_identify(install) ignored
[0.117s] Level 1:colcon.colcon_core.package_identification:_identify(log) by extensions ['ignore', 'ignore_ament_install']
[0.117s] Level 1:colcon.colcon_core.package_identification:_identify(log) by extension 'ignore'
[0.117s] Level 1:colcon.colcon_core.package_identification:_identify(log) ignored
[0.117s] Level 1:colcon.colcon_core.package_identification:_identify(src) by extensions ['ignore', 'ignore_ament_install']
[0.117s] Level 1:colcon.colcon_core.package_identification:_identify(src) by extension 'ignore'
[0.117s] Level 1:colcon.colcon_core.package_identification:_identify(src) by extension 'ignore_ament_install'
[0.117s] Level 1:colcon.colcon_core.package_identification:_identify(src) by extensions ['colcon_pkg']
[0.117s] Level 1:colcon.colcon_core.package_identification:_identify(src) by extension 'colcon_pkg'
[0.117s] Level 1:colcon.colcon_core.package_identification:_identify(src) by extensions ['colcon_meta']
[0.117s] Level 1:colcon.colcon_core.package_identification:_identify(src) by extension 'colcon_meta'
[0.117s] Level 1:colcon.colcon_core.package_identification:_identify(src) by extensions ['ros']
[0.117s] Level 1:colcon.colcon_core.package_identification:_identify(src) by extension 'ros'
[0.117s] Level 1:colcon.colcon_core.package_identification:_identify(src) by extensions ['cmake', 'python']
[0.117s] Level 1:colcon.colcon_core.package_identification:_identify(src) by extension 'cmake'
[0.117s] Level 1:colcon.colcon_core.package_identification:_identify(src) by extension 'python'
[0.117s] Level 1:colcon.colcon_core.package_identification:_identify(src) by extensions ['python_setup_py']
[0.117s] Level 1:colcon.colcon_core.package_identification:_identify(src) by extension 'python_setup_py'
[0.117s] Level 1:colcon.colcon_core.package_identification:_identify(src/DM_USB_to_canfd) by extensions ['ignore', 'ignore_ament_install']
[0.117s] Level 1:colcon.colcon_core.package_identification:_identify(src/DM_USB_to_canfd) by extension 'ignore'
[0.117s] Level 1:colcon.colcon_core.package_identification:_identify(src/DM_USB_to_canfd) by extension 'ignore_ament_install'
[0.117s] Level 1:colcon.colcon_core.package_identification:_identify(src/DM_USB_to_canfd) by extensions ['colcon_pkg']
[0.117s] Level 1:colcon.colcon_core.package_identification:_identify(src/DM_USB_to_canfd) by extension 'colcon_pkg'
[0.117s] Level 1:colcon.colcon_core.package_identification:_identify(src/DM_USB_to_canfd) by extensions ['colcon_meta']
[0.117s] Level 1:colcon.colcon_core.package_identification:_identify(src/DM_USB_to_canfd) by extension 'colcon_meta'
[0.117s] Level 1:colcon.colcon_core.package_identification:_identify(src/DM_USB_to_canfd) by extensions ['ros']
[0.117s] Level 1:colcon.colcon_core.package_identification:_identify(src/DM_USB_to_canfd) by extension 'ros'
[0.117s] Level 1:colcon.colcon_core.package_identification:_identify(src/DM_USB_to_canfd) by extensions ['cmake', 'python']
[0.117s] Level 1:colcon.colcon_core.package_identification:_identify(src/DM_USB_to_canfd) by extension 'cmake'
[0.117s] Level 1:colcon.colcon_core.package_identification:_identify(src/DM_USB_to_canfd) by extension 'python'
[0.117s] Level 1:colcon.colcon_core.package_identification:_identify(src/DM_USB_to_canfd) by extensions ['python_setup_py']
[0.117s] Level 1:colcon.colcon_core.package_identification:_identify(src/DM_USB_to_canfd) by extension 'python_setup_py'
[0.117s] Level 1:colcon.colcon_core.package_identification:_identify(src/DM_USB_to_canfd/docs) by extensions ['ignore', 'ignore_ament_install']
[0.117s] Level 1:colcon.colcon_core.package_identification:_identify(src/DM_USB_to_canfd/docs) by extension 'ignore'
[0.117s] Level 1:colcon.colcon_core.package_identification:_identify(src/DM_USB_to_canfd/docs) by extension 'ignore_ament_install'
[0.117s] Level 1:colcon.colcon_core.package_identification:_identify(src/DM_USB_to_canfd/docs) by extensions ['colcon_pkg']
[0.117s] Level 1:colcon.colcon_core.package_identification:_identify(src/DM_USB_to_canfd/docs) by extension 'colcon_pkg'
[0.117s] Level 1:colcon.colcon_core.package_identification:_identify(src/DM_USB_to_canfd/docs) by extensions ['colcon_meta']
[0.117s] Level 1:colcon.colcon_core.package_identification:_identify(src/DM_USB_to_canfd/docs) by extension 'colcon_meta'
[0.117s] Level 1:colcon.colcon_core.package_identification:_identify(src/DM_USB_to_canfd/docs) by extensions ['ros']
[0.117s] Level 1:colcon.colcon_core.package_identification:_identify(src/DM_USB_to_canfd/docs) by extension 'ros'
[0.117s] Level 1:colcon.colcon_core.package_identification:_identify(src/DM_USB_to_canfd/docs) by extensions ['cmake', 'python']
[0.118s] Level 1:colcon.colcon_core.package_identification:_identify(src/DM_USB_to_canfd/docs) by extension 'cmake'
[0.118s] Level 1:colcon.colcon_core.package_identification:_identify(src/DM_USB_to_canfd/docs) by extension 'python'
[0.118s] Level 1:colcon.colcon_core.package_identification:_identify(src/DM_USB_to_canfd/docs) by extensions ['python_setup_py']
[0.118s] Level 1:colcon.colcon_core.package_identification:_identify(src/DM_USB_to_canfd/docs) by extension 'python_setup_py'
[0.118s] Level 1:colcon.colcon_core.package_identification:_identify(src/DM_USB_to_canfd/include) by extensions ['ignore', 'ignore_ament_install']
[0.118s] Level 1:colcon.colcon_core.package_identification:_identify(src/DM_USB_to_canfd/include) by extension 'ignore'
[0.118s] Level 1:colcon.colcon_core.package_identification:_identify(src/DM_USB_to_canfd/include) by extension 'ignore_ament_install'
[0.118s] Level 1:colcon.colcon_core.package_identification:_identify(src/DM_USB_to_canfd/include) by extensions ['colcon_pkg']
[0.118s] Level 1:colcon.colcon_core.package_identification:_identify(src/DM_USB_to_canfd/include) by extension 'colcon_pkg'
[0.118s] Level 1:colcon.colcon_core.package_identification:_identify(src/DM_USB_to_canfd/include) by extensions ['colcon_meta']
[0.118s] Level 1:colcon.colcon_core.package_identification:_identify(src/DM_USB_to_canfd/include) by extension 'colcon_meta'
[0.118s] Level 1:colcon.colcon_core.package_identification:_identify(src/DM_USB_to_canfd/include) by extensions ['ros']
[0.118s] Level 1:colcon.colcon_core.package_identification:_identify(src/DM_USB_to_canfd/include) by extension 'ros'
[0.118s] Level 1:colcon.colcon_core.package_identification:_identify(src/DM_USB_to_canfd/include) by extensions ['cmake', 'python']
[0.118s] Level 1:colcon.colcon_core.package_identification:_identify(src/DM_USB_to_canfd/include) by extension 'cmake'
[0.118s] Level 1:colcon.colcon_core.package_identification:_identify(src/DM_USB_to_canfd/include) by extension 'python'
[0.118s] Level 1:colcon.colcon_core.package_identification:_identify(src/DM_USB_to_canfd/include) by extensions ['python_setup_py']
[0.118s] Level 1:colcon.colcon_core.package_identification:_identify(src/DM_USB_to_canfd/include) by extension 'python_setup_py'
[0.118s] Level 1:colcon.colcon_core.package_identification:_identify(src/DM_USB_to_canfd/include/protocol) by extensions ['ignore', 'ignore_ament_install']
[0.118s] Level 1:colcon.colcon_core.package_identification:_identify(src/DM_USB_to_canfd/include/protocol) by extension 'ignore'
[0.118s] Level 1:colcon.colcon_core.package_identification:_identify(src/DM_USB_to_canfd/include/protocol) by extension 'ignore_ament_install'
[0.118s] Level 1:colcon.colcon_core.package_identification:_identify(src/DM_USB_to_canfd/include/protocol) by extensions ['colcon_pkg']
[0.118s] Level 1:colcon.colcon_core.package_identification:_identify(src/DM_USB_to_canfd/include/protocol) by extension 'colcon_pkg'
[0.118s] Level 1:colcon.colcon_core.package_identification:_identify(src/DM_USB_to_canfd/include/protocol) by extensions ['colcon_meta']
[0.118s] Level 1:colcon.colcon_core.package_identification:_identify(src/DM_USB_to_canfd/include/protocol) by extension 'colcon_meta'
[0.118s] Level 1:colcon.colcon_core.package_identification:_identify(src/DM_USB_to_canfd/include/protocol) by extensions ['ros']
[0.118s] Level 1:colcon.colcon_core.package_identification:_identify(src/DM_USB_to_canfd/include/protocol) by extension 'ros'
[0.118s] Level 1:colcon.colcon_core.package_identification:_identify(src/DM_USB_to_canfd/include/protocol) by extensions ['cmake', 'python']
[0.118s] Level 1:colcon.colcon_core.package_identification:_identify(src/DM_USB_to_canfd/include/protocol) by extension 'cmake'
[0.118s] Level 1:colcon.colcon_core.package_identification:_identify(src/DM_USB_to_canfd/include/protocol) by extension 'python'
[0.118s] Level 1:colcon.colcon_core.package_identification:_identify(src/DM_USB_to_canfd/include/protocol) by extensions ['python_setup_py']
[0.118s] Level 1:colcon.colcon_core.package_identification:_identify(src/DM_USB_to_canfd/include/protocol) by extension 'python_setup_py'
[0.118s] Level 1:colcon.colcon_core.package_identification:_identify(src/DM_USB_to_canfd/include/unit) by extensions ['ignore', 'ignore_ament_install']
[0.118s] Level 1:colcon.colcon_core.package_identification:_identify(src/DM_USB_to_canfd/include/unit) by extension 'ignore'
[0.118s] Level 1:colcon.colcon_core.package_identification:_identify(src/DM_USB_to_canfd/include/unit) by extension 'ignore_ament_install'
[0.118s] Level 1:colcon.colcon_core.package_identification:_identify(src/DM_USB_to_canfd/include/unit) by extensions ['colcon_pkg']
[0.118s] Level 1:colcon.colcon_core.package_identification:_identify(src/DM_USB_to_canfd/include/unit) by extension 'colcon_pkg'
[0.118s] Level 1:colcon.colcon_core.package_identification:_identify(src/DM_USB_to_canfd/include/unit) by extensions ['colcon_meta']
[0.118s] Level 1:colcon.colcon_core.package_identification:_identify(src/DM_USB_to_canfd/include/unit) by extension 'colcon_meta'
[0.118s] Level 1:colcon.colcon_core.package_identification:_identify(src/DM_USB_to_canfd/include/unit) by extensions ['ros']
[0.118s] Level 1:colcon.colcon_core.package_identification:_identify(src/DM_USB_to_canfd/include/unit) by extension 'ros'
[0.118s] Level 1:colcon.colcon_core.package_identification:_identify(src/DM_USB_to_canfd/include/unit) by extensions ['cmake', 'python']
[0.118s] Level 1:colcon.colcon_core.package_identification:_identify(src/DM_USB_to_canfd/include/unit) by extension 'cmake'
[0.118s] Level 1:colcon.colcon_core.package_identification:_identify(src/DM_USB_to_canfd/include/unit) by extension 'python'
[0.118s] Level 1:colcon.colcon_core.package_identification:_identify(src/DM_USB_to_canfd/include/unit) by extensions ['python_setup_py']
[0.118s] Level 1:colcon.colcon_core.package_identification:_identify(src/DM_USB_to_canfd/include/unit) by extension 'python_setup_py'
[0.118s] Level 1:colcon.colcon_core.package_identification:_identify(src/DM_USB_to_canfd/lib) by extensions ['ignore', 'ignore_ament_install']
[0.118s] Level 1:colcon.colcon_core.package_identification:_identify(src/DM_USB_to_canfd/lib) by extension 'ignore'
[0.118s] Level 1:colcon.colcon_core.package_identification:_identify(src/DM_USB_to_canfd/lib) by extension 'ignore_ament_install'
[0.118s] Level 1:colcon.colcon_core.package_identification:_identify(src/DM_USB_to_canfd/lib) by extensions ['colcon_pkg']
[0.118s] Level 1:colcon.colcon_core.package_identification:_identify(src/DM_USB_to_canfd/lib) by extension 'colcon_pkg'
[0.118s] Level 1:colcon.colcon_core.package_identification:_identify(src/DM_USB_to_canfd/lib) by extensions ['colcon_meta']
[0.118s] Level 1:colcon.colcon_core.package_identification:_identify(src/DM_USB_to_canfd/lib) by extension 'colcon_meta'
[0.118s] Level 1:colcon.colcon_core.package_identification:_identify(src/DM_USB_to_canfd/lib) by extensions ['ros']
[0.118s] Level 1:colcon.colcon_core.package_identification:_identify(src/DM_USB_to_canfd/lib) by extension 'ros'
[0.118s] Level 1:colcon.colcon_core.package_identification:_identify(src/DM_USB_to_canfd/lib) by extensions ['cmake', 'python']
[0.119s] Level 1:colcon.colcon_core.package_identification:_identify(src/DM_USB_to_canfd/lib) by extension 'cmake'
[0.119s] Level 1:colcon.colcon_core.package_identification:_identify(src/DM_USB_to_canfd/lib) by extension 'python'
[0.119s] Level 1:colcon.colcon_core.package_identification:_identify(src/DM_USB_to_canfd/lib) by extensions ['python_setup_py']
[0.119s] Level 1:colcon.colcon_core.package_identification:_identify(src/DM_USB_to_canfd/lib) by extension 'python_setup_py'
[0.119s] Level 1:colcon.colcon_core.package_identification:_identify(src/DM_USB_to_canfd/src) by extensions ['ignore', 'ignore_ament_install']
[0.119s] Level 1:colcon.colcon_core.package_identification:_identify(src/DM_USB_to_canfd/src) by extension 'ignore'
[0.119s] Level 1:colcon.colcon_core.package_identification:_identify(src/DM_USB_to_canfd/src) by extension 'ignore_ament_install'
[0.119s] Level 1:colcon.colcon_core.package_identification:_identify(src/DM_USB_to_canfd/src) by extensions ['colcon_pkg']
[0.119s] Level 1:colcon.colcon_core.package_identification:_identify(src/DM_USB_to_canfd/src) by extension 'colcon_pkg'
[0.119s] Level 1:colcon.colcon_core.package_identification:_identify(src/DM_USB_to_canfd/src) by extensions ['colcon_meta']
[0.119s] Level 1:colcon.colcon_core.package_identification:_identify(src/DM_USB_to_canfd/src) by extension 'colcon_meta'
[0.119s] Level 1:colcon.colcon_core.package_identification:_identify(src/DM_USB_to_canfd/src) by extensions ['ros']
[0.119s] Level 1:colcon.colcon_core.package_identification:_identify(src/DM_USB_to_canfd/src) by extension 'ros'
[0.119s] Level 1:colcon.colcon_core.package_identification:_identify(src/DM_USB_to_canfd/src) by extensions ['cmake', 'python']
[0.119s] Level 1:colcon.colcon_core.package_identification:_identify(src/DM_USB_to_canfd/src) by extension 'cmake'
[0.119s] Level 1:colcon.colcon_core.package_identification:_identify(src/DM_USB_to_canfd/src) by extension 'python'
[0.119s] Level 1:colcon.colcon_core.package_identification:_identify(src/DM_USB_to_canfd/src) by extensions ['python_setup_py']
[0.119s] Level 1:colcon.colcon_core.package_identification:_identify(src/DM_USB_to_canfd/src) by extension 'python_setup_py'
[0.119s] Level 1:colcon.colcon_core.package_identification:_identify(src/DM_USB_to_canfd/src/protocol) by extensions ['ignore', 'ignore_ament_install']
[0.119s] Level 1:colcon.colcon_core.package_identification:_identify(src/DM_USB_to_canfd/src/protocol) by extension 'ignore'
[0.119s] Level 1:colcon.colcon_core.package_identification:_identify(src/DM_USB_to_canfd/src/protocol) by extension 'ignore_ament_install'
[0.119s] Level 1:colcon.colcon_core.package_identification:_identify(src/DM_USB_to_canfd/src/protocol) by extensions ['colcon_pkg']
[0.119s] Level 1:colcon.colcon_core.package_identification:_identify(src/DM_USB_to_canfd/src/protocol) by extension 'colcon_pkg'
[0.119s] Level 1:colcon.colcon_core.package_identification:_identify(src/DM_USB_to_canfd/src/protocol) by extensions ['colcon_meta']
[0.119s] Level 1:colcon.colcon_core.package_identification:_identify(src/DM_USB_to_canfd/src/protocol) by extension 'colcon_meta'
[0.119s] Level 1:colcon.colcon_core.package_identification:_identify(src/DM_USB_to_canfd/src/protocol) by extensions ['ros']
[0.119s] Level 1:colcon.colcon_core.package_identification:_identify(src/DM_USB_to_canfd/src/protocol) by extension 'ros'
[0.119s] Level 1:colcon.colcon_core.package_identification:_identify(src/DM_USB_to_canfd/src/protocol) by extensions ['cmake', 'python']
[0.119s] Level 1:colcon.colcon_core.package_identification:_identify(src/DM_USB_to_canfd/src/protocol) by extension 'cmake'
[0.119s] Level 1:colcon.colcon_core.package_identification:_identify(src/DM_USB_to_canfd/src/protocol) by extension 'python'
[0.119s] Level 1:colcon.colcon_core.package_identification:_identify(src/DM_USB_to_canfd/src/protocol) by extensions ['python_setup_py']
[0.119s] Level 1:colcon.colcon_core.package_identification:_identify(src/DM_USB_to_canfd/src/protocol) by extension 'python_setup_py'
[0.119s] Level 1:colcon.colcon_core.package_identification:_identify(src/camera_usb) by extensions ['ignore', 'ignore_ament_install']
[0.119s] Level 1:colcon.colcon_core.package_identification:_identify(src/camera_usb) by extension 'ignore'
[0.119s] Level 1:colcon.colcon_core.package_identification:_identify(src/camera_usb) by extension 'ignore_ament_install'
[0.119s] Level 1:colcon.colcon_core.package_identification:_identify(src/camera_usb) by extensions ['colcon_pkg']
[0.119s] Level 1:colcon.colcon_core.package_identification:_identify(src/camera_usb) by extension 'colcon_pkg'
[0.119s] Level 1:colcon.colcon_core.package_identification:_identify(src/camera_usb) by extensions ['colcon_meta']
[0.119s] Level 1:colcon.colcon_core.package_identification:_identify(src/camera_usb) by extension 'colcon_meta'
[0.119s] Level 1:colcon.colcon_core.package_identification:_identify(src/camera_usb) by extensions ['ros']
[0.119s] Level 1:colcon.colcon_core.package_identification:_identify(src/camera_usb) by extension 'ros'
[0.119s] Level 1:colcon.colcon_core.package_identification:_identify(src/camera_usb) by extensions ['cmake', 'python']
[0.119s] Level 1:colcon.colcon_core.package_identification:_identify(src/camera_usb) by extension 'cmake'
[0.120s] Level 1:colcon.colcon_core.package_identification:_identify(src/camera_usb) by extension 'python'
[0.120s] DEBUG:colcon.colcon_core.package_identification:Package 'src/camera_usb' with type 'cmake' and name 'VideoStreamExample'
[0.120s] Level 1:colcon.colcon_core.package_identification:_identify(src/turret) by extensions ['ignore', 'ignore_ament_install']
[0.120s] Level 1:colcon.colcon_core.package_identification:_identify(src/turret) by extension 'ignore'
[0.120s] Level 1:colcon.colcon_core.package_identification:_identify(src/turret) by extension 'ignore_ament_install'
[0.120s] Level 1:colcon.colcon_core.package_identification:_identify(src/turret) by extensions ['colcon_pkg']
[0.120s] Level 1:colcon.colcon_core.package_identification:_identify(src/turret) by extension 'colcon_pkg'
[0.120s] Level 1:colcon.colcon_core.package_identification:_identify(src/turret) by extensions ['colcon_meta']
[0.120s] Level 1:colcon.colcon_core.package_identification:_identify(src/turret) by extension 'colcon_meta'
[0.120s] Level 1:colcon.colcon_core.package_identification:_identify(src/turret) by extensions ['ros']
[0.120s] Level 1:colcon.colcon_core.package_identification:_identify(src/turret) by extension 'ros'
[0.121s] DEBUG:colcon.colcon_core.package_identification:Package 'src/turret' with type 'ros.ament_cmake' and name 'turret'
[0.121s] Level 1:colcon.colcon_core.package_identification:_identify(src/u2can) by extensions ['ignore', 'ignore_ament_install']
[0.121s] Level 1:colcon.colcon_core.package_identification:_identify(src/u2can) by extension 'ignore'
[0.121s] Level 1:colcon.colcon_core.package_identification:_identify(src/u2can) by extension 'ignore_ament_install'
[0.121s] Level 1:colcon.colcon_core.package_identification:_identify(src/u2can) by extensions ['colcon_pkg']
[0.121s] Level 1:colcon.colcon_core.package_identification:_identify(src/u2can) by extension 'colcon_pkg'
[0.121s] Level 1:colcon.colcon_core.package_identification:_identify(src/u2can) by extensions ['colcon_meta']
[0.121s] Level 1:colcon.colcon_core.package_identification:_identify(src/u2can) by extension 'colcon_meta'
[0.121s] Level 1:colcon.colcon_core.package_identification:_identify(src/u2can) by extensions ['ros']
[0.121s] Level 1:colcon.colcon_core.package_identification:_identify(src/u2can) by extension 'ros'
[0.121s] Level 1:colcon.colcon_core.package_identification:_identify(src/u2can) by extensions ['cmake', 'python']
[0.121s] Level 1:colcon.colcon_core.package_identification:_identify(src/u2can) by extension 'cmake'
[0.123s] Level 1:colcon.colcon_core.package_identification:_identify(src/u2can) by extension 'python'
[0.123s] DEBUG:colcon.colcon_core.package_identification:Package 'src/u2can' with type 'cmake' and name 'dm_Linux_Drive'
[0.123s] Level 1:colcon.colcon_core.package_discovery:discover_packages(recursive) using defaults
[0.123s] Level 1:colcon.colcon_core.package_discovery:discover_packages(ignore) discover
[0.123s] Level 1:colcon.colcon_core.package_discovery:discover_packages(ignore) using defaults
[0.123s] Level 1:colcon.colcon_core.package_discovery:discover_packages(path) discover
[0.123s] Level 1:colcon.colcon_core.package_discovery:discover_packages(path) using defaults
[0.132s] Level 1:colcon.colcon_core.package_discovery:discover_packages(prefix_path) check parameters
[0.132s] Level 1:colcon.colcon_core.package_discovery:discover_packages(prefix_path) discover
[0.133s] DEBUG:colcon.colcon_installed_package_information.package_discovery:Found 275 installed packages in /opt/ros/humble
[0.134s] Level 1:colcon.colcon_core.package_discovery:discover_packages(prefix_path) using defaults
[0.154s] Level 5:colcon.colcon_core.verb:set package 'VideoStreamExample' build argument 'cmake_args' from command line to 'None'
[0.154s] Level 5:colcon.colcon_core.verb:set package 'VideoStreamExample' build argument 'cmake_target' from command line to 'None'
[0.154s] Level 5:colcon.colcon_core.verb:set package 'VideoStreamExample' build argument 'cmake_target_skip_unavailable' from command line to 'False'
[0.154s] Level 5:colcon.colcon_core.verb:set package 'VideoStreamExample' build argument 'cmake_clean_cache' from command line to 'False'
[0.154s] Level 5:colcon.colcon_core.verb:set package 'VideoStreamExample' build argument 'cmake_clean_first' from command line to 'False'
[0.154s] Level 5:colcon.colcon_core.verb:set package 'VideoStreamExample' build argument 'cmake_force_configure' from command line to 'False'
[0.154s] Level 5:colcon.colcon_core.verb:set package 'VideoStreamExample' build argument 'ament_cmake_args' from command line to 'None'
[0.154s] Level 5:colcon.colcon_core.verb:set package 'VideoStreamExample' build argument 'catkin_cmake_args' from command line to 'None'
[0.154s] Level 5:colcon.colcon_core.verb:set package 'VideoStreamExample' build argument 'catkin_skip_building_tests' from command line to 'False'
[0.154s] DEBUG:colcon.colcon_core.verb:Building package 'VideoStreamExample' with the following arguments: {'ament_cmake_args': None, 'build_base': '/home/stick/dm_joint_control/build/VideoStreamExample', 'catkin_cmake_args': None, 'catkin_skip_building_tests': False, 'cmake_args': None, 'cmake_clean_cache': False, 'cmake_clean_first': False, 'cmake_force_configure': False, 'cmake_target': None, 'cmake_target_skip_unavailable': False, 'install_base': '/home/stick/dm_joint_control/install/VideoStreamExample', 'merge_install': False, 'path': '/home/stick/dm_joint_control/src/camera_usb', 'symlink_install': False, 'test_result_base': None}
[0.154s] Level 5:colcon.colcon_core.verb:set package 'dm_Linux_Drive' build argument 'cmake_args' from command line to 'None'
[0.154s] Level 5:colcon.colcon_core.verb:set package 'dm_Linux_Drive' build argument 'cmake_target' from command line to 'None'
[0.154s] Level 5:colcon.colcon_core.verb:set package 'dm_Linux_Drive' build argument 'cmake_target_skip_unavailable' from command line to 'False'
[0.154s] Level 5:colcon.colcon_core.verb:set package 'dm_Linux_Drive' build argument 'cmake_clean_cache' from command line to 'False'
[0.154s] Level 5:colcon.colcon_core.verb:set package 'dm_Linux_Drive' build argument 'cmake_clean_first' from command line to 'False'
[0.154s] Level 5:colcon.colcon_core.verb:set package 'dm_Linux_Drive' build argument 'cmake_force_configure' from command line to 'False'
[0.154s] Level 5:colcon.colcon_core.verb:set package 'dm_Linux_Drive' build argument 'ament_cmake_args' from command line to 'None'
[0.154s] Level 5:colcon.colcon_core.verb:set package 'dm_Linux_Drive' build argument 'catkin_cmake_args' from command line to 'None'
[0.154s] Level 5:colcon.colcon_core.verb:set package 'dm_Linux_Drive' build argument 'catkin_skip_building_tests' from command line to 'False'
[0.154s] DEBUG:colcon.colcon_core.verb:Building package 'dm_Linux_Drive' with the following arguments: {'ament_cmake_args': None, 'build_base': '/home/stick/dm_joint_control/build/dm_Linux_Drive', 'catkin_cmake_args': None, 'catkin_skip_building_tests': False, 'cmake_args': None, 'cmake_clean_cache': False, 'cmake_clean_first': False, 'cmake_force_configure': False, 'cmake_target': None, 'cmake_target_skip_unavailable': False, 'install_base': '/home/stick/dm_joint_control/install/dm_Linux_Drive', 'merge_install': False, 'path': '/home/stick/dm_joint_control/src/u2can', 'symlink_install': False, 'test_result_base': None}
[0.154s] Level 5:colcon.colcon_core.verb:set package 'turret' build argument 'cmake_args' from command line to 'None'
[0.154s] Level 5:colcon.colcon_core.verb:set package 'turret' build argument 'cmake_target' from command line to 'None'
[0.154s] Level 5:colcon.colcon_core.verb:set package 'turret' build argument 'cmake_target_skip_unavailable' from command line to 'False'
[0.154s] Level 5:colcon.colcon_core.verb:set package 'turret' build argument 'cmake_clean_cache' from command line to 'False'
[0.154s] Level 5:colcon.colcon_core.verb:set package 'turret' build argument 'cmake_clean_first' from command line to 'False'
[0.154s] Level 5:colcon.colcon_core.verb:set package 'turret' build argument 'cmake_force_configure' from command line to 'False'
[0.154s] Level 5:colcon.colcon_core.verb:set package 'turret' build argument 'ament_cmake_args' from command line to 'None'
[0.154s] Level 5:colcon.colcon_core.verb:set package 'turret' build argument 'catkin_cmake_args' from command line to 'None'
[0.154s] Level 5:colcon.colcon_core.verb:set package 'turret' build argument 'catkin_skip_building_tests' from command line to 'False'
[0.155s] DEBUG:colcon.colcon_core.verb:Building package 'turret' with the following arguments: {'ament_cmake_args': None, 'build_base': '/home/stick/dm_joint_control/build/turret', 'catkin_cmake_args': None, 'catkin_skip_building_tests': False, 'cmake_args': None, 'cmake_clean_cache': False, 'cmake_clean_first': False, 'cmake_force_configure': False, 'cmake_target': None, 'cmake_target_skip_unavailable': False, 'install_base': '/home/stick/dm_joint_control/install/turret', 'merge_install': False, 'path': '/home/stick/dm_joint_control/src/turret', 'symlink_install': False, 'test_result_base': None}
[0.155s] INFO:colcon.colcon_core.executor:Executing jobs using 'parallel' executor
[0.155s] DEBUG:colcon.colcon_parallel_executor.executor.parallel:run_until_complete
[0.155s] INFO:colcon.colcon_cmake.task.cmake.build:Building CMake package in '/home/stick/dm_joint_control/src/camera_usb'
[0.156s] INFO:colcon.colcon_core.plugin_system:Skipping extension 'colcon_core.shell.bat': Not used on non-Windows systems
[0.156s] INFO:colcon.colcon_core.shell:Skip shell extension 'powershell' for command environment: Not usable outside of PowerShell
[0.156s] DEBUG:colcon.colcon_core.shell:Skip shell extension 'dsv' for command environment
[0.158s] INFO:colcon.colcon_cmake.task.cmake.build:Building CMake package in '/home/stick/dm_joint_control/src/u2can'
[0.158s] INFO:colcon.colcon_core.shell:Skip shell extension 'powershell' for command environment: Not usable outside of PowerShell
[0.158s] DEBUG:colcon.colcon_core.shell:Skip shell extension 'dsv' for command environment
[0.159s] INFO:colcon.colcon_ros.task.ament_cmake.build:Building ROS package in '/home/stick/dm_joint_control/src/turret' with build type 'ament_cmake'
[0.159s] INFO:colcon.colcon_cmake.task.cmake.build:Building CMake package in '/home/stick/dm_joint_control/src/turret'
[0.159s] INFO:colcon.colcon_core.shell:Skip shell extension 'powershell' for command environment: Not usable outside of PowerShell
[0.159s] DEBUG:colcon.colcon_core.shell:Skip shell extension 'dsv' for command environment
[0.162s] DEBUG:colcon.colcon_core.event_handler.log_command:Invoking command in '/home/stick/dm_joint_control/build/VideoStreamExample': CONDA_PROMPT_MODIFIER=(base) /usr/bin/cmake --build /home/stick/dm_joint_control/build/VideoStreamExample -- -j20 -l20
[0.163s] DEBUG:colcon.colcon_core.event_handler.log_command:Invoking command in '/home/stick/dm_joint_control/build/dm_Linux_Drive': CONDA_PROMPT_MODIFIER=(base) /usr/bin/cmake --build /home/stick/dm_joint_control/build/dm_Linux_Drive -- -j20 -l20
[0.165s] DEBUG:colcon.colcon_core.event_handler.log_command:Invoking command in '/home/stick/dm_joint_control/build/turret': CMAKE_PREFIX_PATH=/opt/ros/humble CONDA_PROMPT_MODIFIER=(base) /usr/bin/cmake --build /home/stick/dm_joint_control/build/turret -- -j20 -l20
[0.197s] DEBUG:colcon.colcon_core.event_handler.log_command:Invoked command in '/home/stick/dm_joint_control/build/VideoStreamExample' returned '0': CONDA_PROMPT_MODIFIER=(base) /usr/bin/cmake --build /home/stick/dm_joint_control/build/VideoStreamExample -- -j20 -l20
[0.198s] WARNING:colcon.colcon_cmake.task.cmake.build:Could not run installation step for package 'VideoStreamExample' because it has no 'install' target
[0.198s] Level 1:colcon.colcon_core.environment:create_environment_scripts_only(VideoStreamExample)
[0.200s] Level 1:colcon.colcon_core.environment:checking '/home/stick/dm_joint_control/install/VideoStreamExample' for CMake module files
[0.200s] Level 1:colcon.colcon_core.environment:checking '/home/stick/dm_joint_control/install/VideoStreamExample' for CMake config files
[0.200s] Level 1:colcon.colcon_core.environment:checking '/home/stick/dm_joint_control/install/VideoStreamExample/bin'
[0.200s] Level 1:colcon.colcon_core.environment:checking '/home/stick/dm_joint_control/install/VideoStreamExample/lib/pkgconfig/VideoStreamExample.pc'
[0.200s] Level 1:colcon.colcon_core.environment:checking '/home/stick/dm_joint_control/install/VideoStreamExample/lib/python3.10/site-packages'
[0.200s] Level 1:colcon.colcon_core.environment:checking '/home/stick/dm_joint_control/install/VideoStreamExample/bin'
[0.200s] INFO:colcon.colcon_core.shell:Creating package script '/home/stick/dm_joint_control/install/VideoStreamExample/share/VideoStreamExample/package.ps1'
[0.201s] INFO:colcon.colcon_core.shell:Creating package descriptor '/home/stick/dm_joint_control/install/VideoStreamExample/share/VideoStreamExample/package.dsv'
[0.201s] INFO:colcon.colcon_core.shell:Creating package script '/home/stick/dm_joint_control/install/VideoStreamExample/share/VideoStreamExample/package.sh'
[0.201s] INFO:colcon.colcon_core.shell:Creating package script '/home/stick/dm_joint_control/install/VideoStreamExample/share/VideoStreamExample/package.bash'
[0.202s] INFO:colcon.colcon_core.shell:Creating package script '/home/stick/dm_joint_control/install/VideoStreamExample/share/VideoStreamExample/package.zsh'
[0.202s] Level 1:colcon.colcon_core.environment:create_file_with_runtime_dependencies(/home/stick/dm_joint_control/install/VideoStreamExample/share/colcon-core/packages/VideoStreamExample)
[0.204s] DEBUG:colcon.colcon_core.event_handler.log_command:Invoked command in '/home/stick/dm_joint_control/build/turret' returned '0': CMAKE_PREFIX_PATH=/opt/ros/humble CONDA_PROMPT_MODIFIER=(base) /usr/bin/cmake --build /home/stick/dm_joint_control/build/turret -- -j20 -l20
[0.209s] DEBUG:colcon.colcon_core.event_handler.log_command:Invoking command in '/home/stick/dm_joint_control/build/turret': CMAKE_PREFIX_PATH=/opt/ros/humble CONDA_PROMPT_MODIFIER=(base) /usr/bin/cmake --install /home/stick/dm_joint_control/build/turret
[0.215s] Level 1:colcon.colcon_core.environment:create_environment_scripts_only(turret)
[0.215s] Level 1:colcon.colcon_core.environment:checking '/home/stick/dm_joint_control/install/turret' for CMake module files
[0.215s] DEBUG:colcon.colcon_core.event_handler.log_command:Invoked command in '/home/stick/dm_joint_control/build/turret' returned '0': CMAKE_PREFIX_PATH=/opt/ros/humble CONDA_PROMPT_MODIFIER=(base) /usr/bin/cmake --install /home/stick/dm_joint_control/build/turret
[0.215s] Level 1:colcon.colcon_core.environment:checking '/home/stick/dm_joint_control/install/turret' for CMake config files
[0.216s] Level 1:colcon.colcon_core.shell:create_environment_hook('turret', 'cmake_prefix_path')
[0.216s] INFO:colcon.colcon_core.shell:Creating environment hook '/home/stick/dm_joint_control/install/turret/share/turret/hook/cmake_prefix_path.ps1'
[0.216s] INFO:colcon.colcon_core.shell:Creating environment descriptor '/home/stick/dm_joint_control/install/turret/share/turret/hook/cmake_prefix_path.dsv'
[0.217s] INFO:colcon.colcon_core.shell:Creating environment hook '/home/stick/dm_joint_control/install/turret/share/turret/hook/cmake_prefix_path.sh'
[0.217s] Level 1:colcon.colcon_core.environment:checking '/home/stick/dm_joint_control/install/turret/lib'
[0.217s] Level 1:colcon.colcon_core.environment:checking '/home/stick/dm_joint_control/install/turret/bin'
[0.217s] Level 1:colcon.colcon_core.environment:checking '/home/stick/dm_joint_control/install/turret/lib/pkgconfig/turret.pc'
[0.218s] Level 1:colcon.colcon_core.environment:checking '/home/stick/dm_joint_control/install/turret/lib/python3.10/site-packages'
[0.218s] Level 1:colcon.colcon_core.environment:checking '/home/stick/dm_joint_control/install/turret/bin'
[0.218s] INFO:colcon.colcon_core.shell:Creating package script '/home/stick/dm_joint_control/install/turret/share/turret/package.ps1'
[0.218s] INFO:colcon.colcon_core.shell:Creating package descriptor '/home/stick/dm_joint_control/install/turret/share/turret/package.dsv'
[0.218s] INFO:colcon.colcon_core.shell:Creating package script '/home/stick/dm_joint_control/install/turret/share/turret/package.sh'
[0.218s] INFO:colcon.colcon_core.shell:Creating package script '/home/stick/dm_joint_control/install/turret/share/turret/package.bash'
[0.218s] INFO:colcon.colcon_core.shell:Creating package script '/home/stick/dm_joint_control/install/turret/share/turret/package.zsh'
[0.219s] Level 1:colcon.colcon_core.environment:create_file_with_runtime_dependencies(/home/stick/dm_joint_control/install/turret/share/colcon-core/packages/turret)
[0.219s] Level 1:colcon.colcon_core.environment:create_environment_scripts_only(turret)
[0.219s] Level 1:colcon.colcon_core.environment:checking '/home/stick/dm_joint_control/install/turret' for CMake module files
[0.219s] Level 1:colcon.colcon_core.environment:checking '/home/stick/dm_joint_control/install/turret' for CMake config files
[0.219s] Level 1:colcon.colcon_core.shell:create_environment_hook('turret', 'cmake_prefix_path')
[0.219s] INFO:colcon.colcon_core.shell:Creating environment hook '/home/stick/dm_joint_control/install/turret/share/turret/hook/cmake_prefix_path.ps1'
[0.219s] INFO:colcon.colcon_core.shell:Creating environment descriptor '/home/stick/dm_joint_control/install/turret/share/turret/hook/cmake_prefix_path.dsv'
[0.219s] INFO:colcon.colcon_core.shell:Creating environment hook '/home/stick/dm_joint_control/install/turret/share/turret/hook/cmake_prefix_path.sh'
[0.220s] Level 1:colcon.colcon_core.environment:checking '/home/stick/dm_joint_control/install/turret/lib'
[0.220s] Level 1:colcon.colcon_core.environment:checking '/home/stick/dm_joint_control/install/turret/bin'
[0.220s] Level 1:colcon.colcon_core.environment:checking '/home/stick/dm_joint_control/install/turret/lib/pkgconfig/turret.pc'
[0.220s] Level 1:colcon.colcon_core.environment:checking '/home/stick/dm_joint_control/install/turret/lib/python3.10/site-packages'
[0.220s] Level 1:colcon.colcon_core.environment:checking '/home/stick/dm_joint_control/install/turret/bin'
[0.220s] INFO:colcon.colcon_core.shell:Creating package script '/home/stick/dm_joint_control/install/turret/share/turret/package.ps1'
[0.220s] INFO:colcon.colcon_core.shell:Creating package descriptor '/home/stick/dm_joint_control/install/turret/share/turret/package.dsv'
[0.221s] INFO:colcon.colcon_core.shell:Creating package script '/home/stick/dm_joint_control/install/turret/share/turret/package.sh'
[0.221s] INFO:colcon.colcon_core.shell:Creating package script '/home/stick/dm_joint_control/install/turret/share/turret/package.bash'
[0.221s] INFO:colcon.colcon_core.shell:Creating package script '/home/stick/dm_joint_control/install/turret/share/turret/package.zsh'
[0.221s] Level 1:colcon.colcon_core.environment:create_file_with_runtime_dependencies(/home/stick/dm_joint_control/install/turret/share/colcon-core/packages/turret)
[0.412s] DEBUG:colcon.colcon_core.event_handler.log_command:Invoked command in '/home/stick/dm_joint_control/build/dm_Linux_Drive' returned '2': CONDA_PROMPT_MODIFIER=(base) /usr/bin/cmake --build /home/stick/dm_joint_control/build/dm_Linux_Drive -- -j20 -l20
[0.422s] DEBUG:colcon.colcon_parallel_executor.executor.parallel:closing loop
[0.422s] DEBUG:colcon.colcon_parallel_executor.executor.parallel:loop closed
[0.422s] DEBUG:colcon.colcon_parallel_executor.executor.parallel:run_until_complete finished with '2'
[0.422s] DEBUG:colcon.colcon_core.event_reactor:joining thread
[0.425s] INFO:colcon.colcon_core.plugin_system:Skipping extension 'colcon_notification.desktop_notification.terminal_notifier': Not used on non-Darwin systems
[0.425s] INFO:colcon.colcon_core.plugin_system:Skipping extension 'colcon_notification.desktop_notification.win32': Not used on non-Windows systems
[0.425s] INFO:colcon.colcon_notification.desktop_notification:Sending desktop notification using 'notify2'
[0.438s] DEBUG:colcon.colcon_core.event_reactor:joined thread
[0.438s] INFO:colcon.colcon_core.shell:Creating prefix script '/home/stick/dm_joint_control/install/local_setup.ps1'
[0.439s] INFO:colcon.colcon_core.shell:Creating prefix util module '/home/stick/dm_joint_control/install/_local_setup_util_ps1.py'
[0.440s] INFO:colcon.colcon_core.shell:Creating prefix chain script '/home/stick/dm_joint_control/install/setup.ps1'
[0.440s] INFO:colcon.colcon_core.shell:Creating prefix script '/home/stick/dm_joint_control/install/local_setup.sh'
[0.441s] INFO:colcon.colcon_core.shell:Creating prefix util module '/home/stick/dm_joint_control/install/_local_setup_util_sh.py'
[0.441s] INFO:colcon.colcon_core.shell:Creating prefix chain script '/home/stick/dm_joint_control/install/setup.sh'
[0.441s] INFO:colcon.colcon_core.shell:Creating prefix script '/home/stick/dm_joint_control/install/local_setup.bash'
[0.441s] INFO:colcon.colcon_core.shell:Creating prefix chain script '/home/stick/dm_joint_control/install/setup.bash'
[0.442s] INFO:colcon.colcon_core.shell:Creating prefix script '/home/stick/dm_joint_control/install/local_setup.zsh'
[0.442s] INFO:colcon.colcon_core.shell:Creating prefix chain script '/home/stick/dm_joint_control/install/setup.zsh'
