[ 50%] [32mBuilding CXX object CMakeFiles/dm_motor_run.dir/src/dm_motor_run.cpp.o[0m
[100%] [32m[1mLinking CXX executable dm_motor_run[0m
[100%] Built target dm_motor_run
-- Install configuration: ""
-- Installing: /home/stick/dm_joint_control/install/turret/lib/turret/dm_motor_run
-- Set runtime path of "/home/stick/dm_joint_control/install/turret/lib/turret/dm_motor_run" to ""
-- Installing: /home/stick/dm_joint_control/install/turret/share/ament_index/resource_index/package_run_dependencies/turret
-- Installing: /home/stick/dm_joint_control/install/turret/share/ament_index/resource_index/parent_prefix_path/turret
-- Installing: /home/stick/dm_joint_control/install/turret/share/turret/environment/ament_prefix_path.sh
-- Installing: /home/stick/dm_joint_control/install/turret/share/turret/environment/ament_prefix_path.dsv
-- Installing: /home/stick/dm_joint_control/install/turret/share/turret/environment/path.sh
-- Installing: /home/stick/dm_joint_control/install/turret/share/turret/environment/path.dsv
-- Installing: /home/stick/dm_joint_control/install/turret/share/turret/local_setup.bash
-- Installing: /home/stick/dm_joint_control/install/turret/share/turret/local_setup.sh
-- Installing: /home/stick/dm_joint_control/install/turret/share/turret/local_setup.zsh
-- Installing: /home/stick/dm_joint_control/install/turret/share/turret/local_setup.dsv
-- Installing: /home/stick/dm_joint_control/install/turret/share/turret/package.dsv
-- Installing: /home/stick/dm_joint_control/install/turret/share/ament_index/resource_index/packages/turret
-- Installing: /home/stick/dm_joint_control/install/turret/share/turret/cmake/turretConfig.cmake
-- Installing: /home/stick/dm_joint_control/install/turret/share/turret/cmake/turretConfig-version.cmake
-- Installing: /home/stick/dm_joint_control/install/turret/share/turret/package.xml
