[0.029s] Invoking command in '/home/orangepi/dm_joint_control/build/turret': CMAKE_PREFIX_PATH=/opt/ros/humble /usr/bin/cmake --build /home/orangepi/dm_joint_control/build/turret -- -j8 -l8
[0.133s] [35m[1mConsolidate compiler generated dependencies of target dm_motor_run[0m
[0.181s] [100%] Built target dm_motor_run
[0.223s] Invoked command in '/home/orangepi/dm_joint_control/build/turret' returned '0': CMAKE_PREFIX_PATH=/opt/ros/humble /usr/bin/cmake --build /home/orangepi/dm_joint_control/build/turret -- -j8 -l8
[0.252s] Invoking command in '/home/orangepi/dm_joint_control/build/turret': CMAKE_PREFIX_PATH=/opt/ros/humble /usr/bin/cmake --install /home/orangepi/dm_joint_control/build/turret
[0.276s] -- Install configuration: ""
[0.277s] -- Installing: /home/orangepi/dm_joint_control/install/turret/lib/turret/dm_motor_run
[0.279s] -- Set runtime path of "/home/orangepi/dm_joint_control/install/turret/lib/turret/dm_motor_run" to ""
[0.280s] -- Installing: /home/orangepi/dm_joint_control/install/turret/share/ament_index/resource_index/package_run_dependencies/turret
[0.280s] -- Installing: /home/orangepi/dm_joint_control/install/turret/share/ament_index/resource_index/parent_prefix_path/turret
[0.281s] -- Installing: /home/orangepi/dm_joint_control/install/turret/share/turret/environment/ament_prefix_path.sh
[0.281s] -- Installing: /home/orangepi/dm_joint_control/install/turret/share/turret/environment/ament_prefix_path.dsv
[0.281s] -- Installing: /home/orangepi/dm_joint_control/install/turret/share/turret/environment/path.sh
[0.282s] -- Installing: /home/orangepi/dm_joint_control/install/turret/share/turret/environment/path.dsv
[0.283s] -- Installing: /home/orangepi/dm_joint_control/install/turret/share/turret/local_setup.bash
[0.284s] -- Installing: /home/orangepi/dm_joint_control/install/turret/share/turret/local_setup.sh
[0.284s] -- Installing: /home/orangepi/dm_joint_control/install/turret/share/turret/local_setup.zsh
[0.284s] -- Installing: /home/orangepi/dm_joint_control/install/turret/share/turret/local_setup.dsv
[0.285s] -- Installing: /home/orangepi/dm_joint_control/install/turret/share/turret/package.dsv
[0.285s] -- Installing: /home/orangepi/dm_joint_control/install/turret/share/ament_index/resource_index/packages/turret
[0.286s] -- Installing: /home/orangepi/dm_joint_control/install/turret/share/turret/cmake/turretConfig.cmake
[0.286s] -- Installing: /home/orangepi/dm_joint_control/install/turret/share/turret/cmake/turretConfig-version.cmake
[0.287s] -- Installing: /home/orangepi/dm_joint_control/install/turret/share/turret/package.xml
[0.289s] Invoked command in '/home/orangepi/dm_joint_control/build/turret' returned '0': CMAKE_PREFIX_PATH=/opt/ros/humble /usr/bin/cmake --install /home/orangepi/dm_joint_control/build/turret
