[0.006s] Invoking command in '/home/stick/dm_joint_control/build/dm_main': CONDA_PROMPT_MODIFIER=(base) /usr/bin/cmake /home/stick/dm_joint_control/src/DM_USB_to_canfd -DCMAKE_INSTALL_PREFIX=/home/stick/dm_joint_control/install/dm_main
[0.071s] -- The C compiler identification is GNU 11.4.0
[0.118s] -- The CXX compiler identification is GNU 11.4.0
[0.123s] -- Detecting C compiler ABI info
[0.163s] -- Detecting C compiler ABI info - done
[0.167s] -- Check for working C compiler: /usr/bin/cc - skipped
[0.167s] -- Detecting C compile features
[0.168s] -- Detecting C compile features - done
[0.169s] -- Detecting CXX compiler ABI info
[0.212s] -- Detecting CXX compiler ABI info - done
[0.215s] -- Check for working CXX compiler: /usr/bin/c++ - skipped
[0.215s] -- Detecting CXX compile features
[0.216s] -- Detecting CXX compile features - done
[0.217s] -- Looking for pthread.h
[0.264s] -- Looking for pthread.h - found
[0.264s] -- Performing Test CMAKE_HAVE_LIBC_PTHREAD
[0.306s] -- Performing Test CMAKE_HAVE_LIBC_PTHREAD - Success
[0.306s] -- Found Threads: TRUE  
[0.310s] -- Found PkgConfig: /usr/bin/pkg-config (found version "1.8.0") 
[0.310s] -- Checking for module 'libusb-1.0'
[0.317s] --   Found libusb-1.0, version 1.0.25
[0.335s] -- Configuring done
[0.337s] -- Generating done
[0.337s] -- Build files have been written to: /home/stick/dm_joint_control/build/dm_main
