[0.022s] Invoking command in '/home/orangepi/dm_joint_control/build/turret': CMAKE_PREFIX_PATH=/opt/ros/humble /usr/bin/cmake --build /home/orangepi/dm_joint_control/build/turret -- -j8 -l8
[0.204s] [100%] Built target dm_motor_run
[0.241s] Invoked command in '/home/orangepi/dm_joint_control/build/turret' returned '0': CMAKE_PREFIX_PATH=/opt/ros/humble /usr/bin/cmake --build /home/orangepi/dm_joint_control/build/turret -- -j8 -l8
[0.271s] Invoking command in '/home/orangepi/dm_joint_control/build/turret': CMAKE_PREFIX_PATH=/opt/ros/humble /usr/bin/cmake --install /home/orangepi/dm_joint_control/build/turret
[0.298s] -- Install configuration: ""
[0.299s] -- Up-to-date: /home/orangepi/dm_joint_control/install/turret/lib/turret/dm_motor_run
[0.300s] -- Up-to-date: /home/orangepi/dm_joint_control/install/turret/share/ament_index/resource_index/package_run_dependencies/turret
[0.300s] -- Up-to-date: /home/orangepi/dm_joint_control/install/turret/share/ament_index/resource_index/parent_prefix_path/turret
[0.301s] -- Up-to-date: /home/orangepi/dm_joint_control/install/turret/share/turret/environment/ament_prefix_path.sh
[0.301s] -- Up-to-date: /home/orangepi/dm_joint_control/install/turret/share/turret/environment/ament_prefix_path.dsv
[0.302s] -- Up-to-date: /home/orangepi/dm_joint_control/install/turret/share/turret/environment/path.sh
[0.302s] -- Up-to-date: /home/orangepi/dm_joint_control/install/turret/share/turret/environment/path.dsv
[0.302s] -- Up-to-date: /home/orangepi/dm_joint_control/install/turret/share/turret/local_setup.bash
[0.303s] -- Up-to-date: /home/orangepi/dm_joint_control/install/turret/share/turret/local_setup.sh
[0.303s] -- Up-to-date: /home/orangepi/dm_joint_control/install/turret/share/turret/local_setup.zsh
[0.303s] -- Up-to-date: /home/orangepi/dm_joint_control/install/turret/share/turret/local_setup.dsv
[0.304s] -- Installing: /home/orangepi/dm_joint_control/install/turret/share/turret/package.dsv
[0.304s] -- Up-to-date: /home/orangepi/dm_joint_control/install/turret/share/ament_index/resource_index/packages/turret
[0.304s] -- Up-to-date: /home/orangepi/dm_joint_control/install/turret/share/turret/cmake/turretConfig.cmake
[0.305s] -- Up-to-date: /home/orangepi/dm_joint_control/install/turret/share/turret/cmake/turretConfig-version.cmake
[0.305s] -- Up-to-date: /home/orangepi/dm_joint_control/install/turret/share/turret/package.xml
[0.308s] Invoked command in '/home/orangepi/dm_joint_control/build/turret' returned '0': CMAKE_PREFIX_PATH=/opt/ros/humble /usr/bin/cmake --install /home/orangepi/dm_joint_control/build/turret
