[35m[1mConsolidate compiler generated dependencies of target dev_sn[0m
[35m[1mConsolidate compiler generated dependencies of target motor[0m
[ 33%] Built target motor
[ 66%] Built target dev_sn
[35m[1mConsolidate compiler generated dependencies of target dm_main[0m
[ 83%] [32m[1mLinking CXX executable dm_main[0m
/usr/bin/ld: /home/orangepi/dm_joint_control/src/DM_USB_to_canfd/lib/libu2canfd.a(usb_class.cpp.o): Relocations in generic ELF (EM: 62)
/usr/bin/ld: /home/orangepi/dm_joint_control/src/DM_USB_to_canfd/lib/libu2canfd.a(usb_class.cpp.o): Relocations in generic ELF (EM: 62)
/usr/bin/ld: /home/orangepi/dm_joint_control/src/DM_USB_to_canfd/lib/libu2canfd.a(usb_class.cpp.o): Relocations in generic ELF (EM: 62)
/usr/bin/ld: /home/orangepi/dm_joint_control/src/DM_USB_to_canfd/lib/libu2canfd.a(usb_class.cpp.o): Relocations in generic ELF (EM: 62)
/usr/bin/ld: /home/orangepi/dm_joint_control/src/DM_USB_to_canfd/lib/libu2canfd.a(usb_class.cpp.o): Relocations in generic ELF (EM: 62)
/usr/bin/ld: /home/orangepi/dm_joint_control/src/DM_USB_to_canfd/lib/libu2canfd.a(usb_class.cpp.o): Relocations in generic ELF (EM: 62)
/usr/bin/ld: /home/orangepi/dm_joint_control/src/DM_USB_to_canfd/lib/libu2canfd.a(usb_class.cpp.o): Relocations in generic ELF (EM: 62)
/usr/bin/ld: /home/orangepi/dm_joint_control/src/DM_USB_to_canfd/lib/libu2canfd.a(usb_class.cpp.o): Relocations in generic ELF (EM: 62)
/usr/bin/ld: /home/orangepi/dm_joint_control/src/DM_USB_to_canfd/lib/libu2canfd.a(usb_class.cpp.o): Relocations in generic ELF (EM: 62)
/usr/bin/ld: /home/orangepi/dm_joint_control/src/DM_USB_to_canfd/lib/libu2canfd.a(usb_class.cpp.o): Relocations in generic ELF (EM: 62)
/usr/bin/ld: /home/orangepi/dm_joint_control/src/DM_USB_to_canfd/lib/libu2canfd.a(usb_class.cpp.o): Relocations in generic ELF (EM: 62)
/usr/bin/ld: /home/orangepi/dm_joint_control/src/DM_USB_to_canfd/lib/libu2canfd.a(usb_class.cpp.o): Relocations in generic ELF (EM: 62)
/usr/bin/ld: /home/orangepi/dm_joint_control/src/DM_USB_to_canfd/lib/libu2canfd.a(usb_class.cpp.o): Relocations in generic ELF (EM: 62)
/usr/bin/ld: /home/orangepi/dm_joint_control/src/DM_USB_to_canfd/lib/libu2canfd.a(usb_class.cpp.o): Relocations in generic ELF (EM: 62)
/usr/bin/ld: /home/orangepi/dm_joint_control/src/DM_USB_to_canfd/lib/libu2canfd.a(usb_class.cpp.o): Relocations in generic ELF (EM: 62)
/usr/bin/ld: /home/orangepi/dm_joint_control/src/DM_USB_to_canfd/lib/libu2canfd.a(usb_class.cpp.o): Relocations in generic ELF (EM: 62)
/usr/bin/ld: /home/orangepi/dm_joint_control/src/DM_USB_to_canfd/lib/libu2canfd.a(usb_class.cpp.o): Relocations in generic ELF (EM: 62)
/usr/bin/ld: /home/orangepi/dm_joint_control/src/DM_USB_to_canfd/lib/libu2canfd.a(usb_class.cpp.o): Relocations in generic ELF (EM: 62)
/usr/bin/ld: /home/orangepi/dm_joint_control/src/DM_USB_to_canfd/lib/libu2canfd.a(usb_class.cpp.o): Relocations in generic ELF (EM: 62)
/usr/bin/ld: /home/orangepi/dm_joint_control/src/DM_USB_to_canfd/lib/libu2canfd.a(usb_class.cpp.o): Relocations in generic ELF (EM: 62)
/usr/bin/ld: /home/orangepi/dm_joint_control/src/DM_USB_to_canfd/lib/libu2canfd.a(usb_class.cpp.o): Relocations in generic ELF (EM: 62)
/usr/bin/ld: /home/orangepi/dm_joint_control/src/DM_USB_to_canfd/lib/libu2canfd.a(usb_class.cpp.o): Relocations in generic ELF (EM: 62)
/usr/bin/ld: /home/orangepi/dm_joint_control/src/DM_USB_to_canfd/lib/libu2canfd.a(usb_class.cpp.o): Relocations in generic ELF (EM: 62)
/usr/bin/ld: /home/orangepi/dm_joint_control/src/DM_USB_to_canfd/lib/libu2canfd.a(usb_class.cpp.o): Relocations in generic ELF (EM: 62)
/usr/bin/ld: /home/orangepi/dm_joint_control/src/DM_USB_to_canfd/lib/libu2canfd.a(usb_class.cpp.o): Relocations in generic ELF (EM: 62)
/usr/bin/ld: /home/orangepi/dm_joint_control/src/DM_USB_to_canfd/lib/libu2canfd.a(usb_class.cpp.o): Relocations in generic ELF (EM: 62)
/usr/bin/ld: /home/orangepi/dm_joint_control/src/DM_USB_to_canfd/lib/libu2canfd.a(usb_class.cpp.o): Relocations in generic ELF (EM: 62)
/usr/bin/ld: /home/orangepi/dm_joint_control/src/DM_USB_to_canfd/lib/libu2canfd.a(usb_class.cpp.o): Relocations in generic ELF (EM: 62)
/usr/bin/ld: /home/orangepi/dm_joint_control/src/DM_USB_to_canfd/lib/libu2canfd.a(usb_class.cpp.o): Relocations in generic ELF (EM: 62)
/usr/bin/ld: /home/orangepi/dm_joint_control/src/DM_USB_to_canfd/lib/libu2canfd.a(usb_class.cpp.o): Relocations in generic ELF (EM: 62)
/usr/bin/ld: /home/orangepi/dm_joint_control/src/DM_USB_to_canfd/lib/libu2canfd.a(usb_class.cpp.o): Relocations in generic ELF (EM: 62)
/usr/bin/ld: /home/orangepi/dm_joint_control/src/DM_USB_to_canfd/lib/libu2canfd.a(usb_class.cpp.o): Relocations in generic ELF (EM: 62)
/usr/bin/ld: /home/orangepi/dm_joint_control/src/DM_USB_to_canfd/lib/libu2canfd.a(usb_class.cpp.o): Relocations in generic ELF (EM: 62)
/usr/bin/ld: /home/orangepi/dm_joint_control/src/DM_USB_to_canfd/lib/libu2canfd.a(usb_class.cpp.o): Relocations in generic ELF (EM: 62)
/usr/bin/ld: /home/orangepi/dm_joint_control/src/DM_USB_to_canfd/lib/libu2canfd.a(usb_class.cpp.o): Relocations in generic ELF (EM: 62)
/usr/bin/ld: /home/orangepi/dm_joint_control/src/DM_USB_to_canfd/lib/libu2canfd.a(usb_class.cpp.o): Relocations in generic ELF (EM: 62)
/usr/bin/ld: /home/orangepi/dm_joint_control/src/DM_USB_to_canfd/lib/libu2canfd.a(usb_class.cpp.o): Relocations in generic ELF (EM: 62)
/usr/bin/ld: /home/orangepi/dm_joint_control/src/DM_USB_to_canfd/lib/libu2canfd.a(usb_class.cpp.o): Relocations in generic ELF (EM: 62)
/usr/bin/ld: /home/orangepi/dm_joint_control/src/DM_USB_to_canfd/lib/libu2canfd.a(usb_class.cpp.o): Relocations in generic ELF (EM: 62)
/usr/bin/ld: /home/orangepi/dm_joint_control/src/DM_USB_to_canfd/lib/libu2canfd.a(usb_class.cpp.o): Relocations in generic ELF (EM: 62)
/usr/bin/ld: /home/orangepi/dm_joint_control/src/DM_USB_to_canfd/lib/libu2canfd.a(usb_class.cpp.o): Relocations in generic ELF (EM: 62)
/usr/bin/ld: /home/orangepi/dm_joint_control/src/DM_USB_to_canfd/lib/libu2canfd.a(usb_class.cpp.o): Relocations in generic ELF (EM: 62)
/usr/bin/ld: /home/orangepi/dm_joint_control/src/DM_USB_to_canfd/lib/libu2canfd.a(usb_class.cpp.o): Relocations in generic ELF (EM: 62)
/usr/bin/ld: /home/orangepi/dm_joint_control/src/DM_USB_to_canfd/lib/libu2canfd.a(usb_class.cpp.o): Relocations in generic ELF (EM: 62)
/usr/bin/ld: /home/orangepi/dm_joint_control/src/DM_USB_to_canfd/lib/libu2canfd.a(usb_class.cpp.o): Relocations in generic ELF (EM: 62)
/usr/bin/ld: /home/orangepi/dm_joint_control/src/DM_USB_to_canfd/lib/libu2canfd.a(usb_class.cpp.o): Relocations in generic ELF (EM: 62)
/usr/bin/ld: /home/orangepi/dm_joint_control/src/DM_USB_to_canfd/lib/libu2canfd.a(usb_class.cpp.o): Relocations in generic ELF (EM: 62)
/usr/bin/ld: /home/orangepi/dm_joint_control/src/DM_USB_to_canfd/lib/libu2canfd.a(usb_class.cpp.o): Relocations in generic ELF (EM: 62)
/usr/bin/ld: /home/orangepi/dm_joint_control/src/DM_USB_to_canfd/lib/libu2canfd.a(usb_class.cpp.o): Relocations in generic ELF (EM: 62)
/usr/bin/ld: /home/orangepi/dm_joint_control/src/DM_USB_to_canfd/lib/libu2canfd.a(usb_class.cpp.o): Relocations in generic ELF (EM: 62)
/usr/bin/ld: /home/orangepi/dm_joint_control/src/DM_USB_to_canfd/lib/libu2canfd.a(usb_class.cpp.o): Relocations in generic ELF (EM: 62)
/usr/bin/ld: /home/orangepi/dm_joint_control/src/DM_USB_to_canfd/lib/libu2canfd.a(usb_class.cpp.o): Relocations in generic ELF (EM: 62)
/usr/bin/ld: /home/orangepi/dm_joint_control/src/DM_USB_to_canfd/lib/libu2canfd.a(usb_class.cpp.o): Relocations in generic ELF (EM: 62)
/usr/bin/ld: /home/orangepi/dm_joint_control/src/DM_USB_to_canfd/lib/libu2canfd.a(usb_class.cpp.o): Relocations in generic ELF (EM: 62)
/usr/bin/ld: /home/orangepi/dm_joint_control/src/DM_USB_to_canfd/lib/libu2canfd.a(usb_class.cpp.o): Relocations in generic ELF (EM: 62)
/usr/bin/ld: /home/orangepi/dm_joint_control/src/DM_USB_to_canfd/lib/libu2canfd.a(usb_class.cpp.o): Relocations in generic ELF (EM: 62)
/usr/bin/ld: /home/orangepi/dm_joint_control/src/DM_USB_to_canfd/lib/libu2canfd.a(usb_class.cpp.o): Relocations in generic ELF (EM: 62)
/usr/bin/ld: /home/orangepi/dm_joint_control/src/DM_USB_to_canfd/lib/libu2canfd.a(usb_class.cpp.o): Relocations in generic ELF (EM: 62)
/usr/bin/ld: /home/orangepi/dm_joint_control/src/DM_USB_to_canfd/lib/libu2canfd.a(usb_class.cpp.o): Relocations in generic ELF (EM: 62)
/usr/bin/ld: /home/orangepi/dm_joint_control/src/DM_USB_to_canfd/lib/libu2canfd.a(usb_class.cpp.o): Relocations in generic ELF (EM: 62)
/usr/bin/ld: /home/orangepi/dm_joint_control/src/DM_USB_to_canfd/lib/libu2canfd.a(usb_class.cpp.o): Relocations in generic ELF (EM: 62)
/usr/bin/ld: /home/orangepi/dm_joint_control/src/DM_USB_to_canfd/lib/libu2canfd.a(usb_class.cpp.o): Relocations in generic ELF (EM: 62)
/usr/bin/ld: /home/orangepi/dm_joint_control/src/DM_USB_to_canfd/lib/libu2canfd.a(usb_class.cpp.o): Relocations in generic ELF (EM: 62)
/usr/bin/ld: /home/orangepi/dm_joint_control/src/DM_USB_to_canfd/lib/libu2canfd.a(usb_class.cpp.o): Relocations in generic ELF (EM: 62)
/usr/bin/ld: /home/orangepi/dm_joint_control/src/DM_USB_to_canfd/lib/libu2canfd.a(usb_class.cpp.o): Relocations in generic ELF (EM: 62)
/usr/bin/ld: /home/orangepi/dm_joint_control/src/DM_USB_to_canfd/lib/libu2canfd.a(usb_class.cpp.o): Relocations in generic ELF (EM: 62)
/usr/bin/ld: /home/orangepi/dm_joint_control/src/DM_USB_to_canfd/lib/libu2canfd.a(usb_class.cpp.o): Relocations in generic ELF (EM: 62)
/usr/bin/ld: /home/orangepi/dm_joint_control/src/DM_USB_to_canfd/lib/libu2canfd.a(usb_class.cpp.o): Relocations in generic ELF (EM: 62)
/usr/bin/ld: /home/orangepi/dm_joint_control/src/DM_USB_to_canfd/lib/libu2canfd.a(usb_class.cpp.o): Relocations in generic ELF (EM: 62)
/usr/bin/ld: /home/orangepi/dm_joint_control/src/DM_USB_to_canfd/lib/libu2canfd.a(usb_class.cpp.o): Relocations in generic ELF (EM: 62)
/usr/bin/ld: /home/orangepi/dm_joint_control/src/DM_USB_to_canfd/lib/libu2canfd.a(usb_class.cpp.o): Relocations in generic ELF (EM: 62)
/usr/bin/ld: /home/orangepi/dm_joint_control/src/DM_USB_to_canfd/lib/libu2canfd.a(usb_class.cpp.o): Relocations in generic ELF (EM: 62)
/usr/bin/ld: /home/orangepi/dm_joint_control/src/DM_USB_to_canfd/lib/libu2canfd.a(usb_class.cpp.o): Relocations in generic ELF (EM: 62)
/usr/bin/ld: /home/orangepi/dm_joint_control/src/DM_USB_to_canfd/lib/libu2canfd.a(usb_class.cpp.o): Relocations in generic ELF (EM: 62)
/usr/bin/ld: /home/orangepi/dm_joint_control/src/DM_USB_to_canfd/lib/libu2canfd.a(usb_class.cpp.o): Relocations in generic ELF (EM: 62)
/usr/bin/ld: /home/orangepi/dm_joint_control/src/DM_USB_to_canfd/lib/libu2canfd.a(usb_class.cpp.o): Relocations in generic ELF (EM: 62)
/usr/bin/ld: /home/orangepi/dm_joint_control/src/DM_USB_to_canfd/lib/libu2canfd.a(usb_class.cpp.o): Relocations in generic ELF (EM: 62)
/usr/bin/ld: /home/orangepi/dm_joint_control/src/DM_USB_to_canfd/lib/libu2canfd.a(usb_class.cpp.o): Relocations in generic ELF (EM: 62)
/usr/bin/ld: /home/orangepi/dm_joint_control/src/DM_USB_to_canfd/lib/libu2canfd.a(usb_class.cpp.o): Relocations in generic ELF (EM: 62)
/usr/bin/ld: /home/orangepi/dm_joint_control/src/DM_USB_to_canfd/lib/libu2canfd.a(usb_class.cpp.o): Relocations in generic ELF (EM: 62)
/usr/bin/ld: /home/orangepi/dm_joint_control/src/DM_USB_to_canfd/lib/libu2canfd.a(usb_class.cpp.o): Relocations in generic ELF (EM: 62)
/usr/bin/ld: /home/orangepi/dm_joint_control/src/DM_USB_to_canfd/lib/libu2canfd.a(usb_class.cpp.o): Relocations in generic ELF (EM: 62)
/usr/bin/ld: /home/orangepi/dm_joint_control/src/DM_USB_to_canfd/lib/libu2canfd.a(usb_class.cpp.o): Relocations in generic ELF (EM: 62)
/usr/bin/ld: /home/orangepi/dm_joint_control/src/DM_USB_to_canfd/lib/libu2canfd.a(usb_class.cpp.o): Relocations in generic ELF (EM: 62)
/usr/bin/ld: /home/orangepi/dm_joint_control/src/DM_USB_to_canfd/lib/libu2canfd.a(usb_class.cpp.o): Relocations in generic ELF (EM: 62)
/usr/bin/ld: /home/orangepi/dm_joint_control/src/DM_USB_to_canfd/lib/libu2canfd.a(usb_class.cpp.o): Relocations in generic ELF (EM: 62)
/usr/bin/ld: /home/orangepi/dm_joint_control/src/DM_USB_to_canfd/lib/libu2canfd.a(usb_class.cpp.o): Relocations in generic ELF (EM: 62)
/usr/bin/ld: /home/orangepi/dm_joint_control/src/DM_USB_to_canfd/lib/libu2canfd.a(usb_class.cpp.o): Relocations in generic ELF (EM: 62)
/usr/bin/ld: /home/orangepi/dm_joint_control/src/DM_USB_to_canfd/lib/libu2canfd.a(usb_class.cpp.o): Relocations in generic ELF (EM: 62)
/usr/bin/ld: /home/orangepi/dm_joint_control/src/DM_USB_to_canfd/lib/libu2canfd.a(usb_class.cpp.o): Relocations in generic ELF (EM: 62)
/usr/bin/ld: /home/orangepi/dm_joint_control/src/DM_USB_to_canfd/lib/libu2canfd.a(usb_class.cpp.o): Relocations in generic ELF (EM: 62)
/usr/bin/ld: /home/orangepi/dm_joint_control/src/DM_USB_to_canfd/lib/libu2canfd.a(usb_class.cpp.o): Relocations in generic ELF (EM: 62)
/usr/bin/ld: /home/orangepi/dm_joint_control/src/DM_USB_to_canfd/lib/libu2canfd.a(usb_class.cpp.o): Relocations in generic ELF (EM: 62)
/usr/bin/ld: /home/orangepi/dm_joint_control/src/DM_USB_to_canfd/lib/libu2canfd.a(usb_class.cpp.o): Relocations in generic ELF (EM: 62)
/usr/bin/ld: /home/orangepi/dm_joint_control/src/DM_USB_to_canfd/lib/libu2canfd.a(usb_class.cpp.o): Relocations in generic ELF (EM: 62)
/usr/bin/ld: /home/orangepi/dm_joint_control/src/DM_USB_to_canfd/lib/libu2canfd.a(usb_class.cpp.o): Relocations in generic ELF (EM: 62)
/usr/bin/ld: /home/orangepi/dm_joint_control/src/DM_USB_to_canfd/lib/libu2canfd.a(usb_class.cpp.o): Relocations in generic ELF (EM: 62)
/usr/bin/ld: /home/orangepi/dm_joint_control/src/DM_USB_to_canfd/lib/libu2canfd.a(usb_class.cpp.o): Relocations in generic ELF (EM: 62)
/usr/bin/ld: /home/orangepi/dm_joint_control/src/DM_USB_to_canfd/lib/libu2canfd.a(usb_class.cpp.o): Relocations in generic ELF (EM: 62)
/usr/bin/ld: /home/orangepi/dm_joint_control/src/DM_USB_to_canfd/lib/libu2canfd.a(usb_class.cpp.o): Relocations in generic ELF (EM: 62)
/usr/bin/ld: /home/orangepi/dm_joint_control/src/DM_USB_to_canfd/lib/libu2canfd.a(usb_class.cpp.o): Relocations in generic ELF (EM: 62)
/usr/bin/ld: /home/orangepi/dm_joint_control/src/DM_USB_to_canfd/lib/libu2canfd.a(usb_class.cpp.o): Relocations in generic ELF (EM: 62)
/usr/bin/ld: /home/orangepi/dm_joint_control/src/DM_USB_to_canfd/lib/libu2canfd.a(usb_class.cpp.o): Relocations in generic ELF (EM: 62)
/usr/bin/ld: /home/orangepi/dm_joint_control/src/DM_USB_to_canfd/lib/libu2canfd.a(usb_class.cpp.o): Relocations in generic ELF (EM: 62)
/usr/bin/ld: /home/orangepi/dm_joint_control/src/DM_USB_to_canfd/lib/libu2canfd.a(usb_class.cpp.o): Relocations in generic ELF (EM: 62)
/usr/bin/ld: /home/orangepi/dm_joint_control/src/DM_USB_to_canfd/lib/libu2canfd.a(usb_class.cpp.o): Relocations in generic ELF (EM: 62)
/usr/bin/ld: /home/orangepi/dm_joint_control/src/DM_USB_to_canfd/lib/libu2canfd.a(usb_class.cpp.o): Relocations in generic ELF (EM: 62)
/usr/bin/ld: /home/orangepi/dm_joint_control/src/DM_USB_to_canfd/lib/libu2canfd.a(usb_class.cpp.o): Relocations in generic ELF (EM: 62)
/usr/bin/ld: /home/orangepi/dm_joint_control/src/DM_USB_to_canfd/lib/libu2canfd.a(usb_class.cpp.o): Relocations in generic ELF (EM: 62)
/usr/bin/ld: /home/orangepi/dm_joint_control/src/DM_USB_to_canfd/lib/libu2canfd.a(usb_class.cpp.o): Relocations in generic ELF (EM: 62)
/usr/bin/ld: /home/orangepi/dm_joint_control/src/DM_USB_to_canfd/lib/libu2canfd.a(usb_class.cpp.o): Relocations in generic ELF (EM: 62)
/usr/bin/ld: /home/orangepi/dm_joint_control/src/DM_USB_to_canfd/lib/libu2canfd.a(usb_class.cpp.o): Relocations in generic ELF (EM: 62)
/usr/bin/ld: /home/orangepi/dm_joint_control/src/DM_USB_to_canfd/lib/libu2canfd.a(usb_class.cpp.o): Relocations in generic ELF (EM: 62)
/usr/bin/ld: /home/orangepi/dm_joint_control/src/DM_USB_to_canfd/lib/libu2canfd.a(usb_class.cpp.o): Relocations in generic ELF (EM: 62)
/usr/bin/ld: /home/orangepi/dm_joint_control/src/DM_USB_to_canfd/lib/libu2canfd.a(usb_class.cpp.o): Relocations in generic ELF (EM: 62)
/usr/bin/ld: /home/orangepi/dm_joint_control/src/DM_USB_to_canfd/lib/libu2canfd.a(usb_class.cpp.o): Relocations in generic ELF (EM: 62)
/usr/bin/ld: /home/orangepi/dm_joint_control/src/DM_USB_to_canfd/lib/libu2canfd.a(usb_class.cpp.o): Relocations in generic ELF (EM: 62)
/usr/bin/ld: /home/orangepi/dm_joint_control/src/DM_USB_to_canfd/lib/libu2canfd.a(usb_class.cpp.o): Relocations in generic ELF (EM: 62)
/usr/bin/ld: /home/orangepi/dm_joint_control/src/DM_USB_to_canfd/lib/libu2canfd.a(usb_class.cpp.o): Relocations in generic ELF (EM: 62)
/usr/bin/ld: /home/orangepi/dm_joint_control/src/DM_USB_to_canfd/lib/libu2canfd.a(usb_class.cpp.o): Relocations in generic ELF (EM: 62)
/usr/bin/ld: /home/orangepi/dm_joint_control/src/DM_USB_to_canfd/lib/libu2canfd.a(usb_class.cpp.o): Relocations in generic ELF (EM: 62)
/usr/bin/ld: /home/orangepi/dm_joint_control/src/DM_USB_to_canfd/lib/libu2canfd.a(usb_class.cpp.o): Relocations in generic ELF (EM: 62)
/usr/bin/ld: /home/orangepi/dm_joint_control/src/DM_USB_to_canfd/lib/libu2canfd.a(usb_class.cpp.o): Relocations in generic ELF (EM: 62)
/usr/bin/ld: /home/orangepi/dm_joint_control/src/DM_USB_to_canfd/lib/libu2canfd.a(usb_class.cpp.o): Relocations in generic ELF (EM: 62)
/usr/bin/ld: /home/orangepi/dm_joint_control/src/DM_USB_to_canfd/lib/libu2canfd.a(usb_class.cpp.o): Relocations in generic ELF (EM: 62)
/usr/bin/ld: /home/orangepi/dm_joint_control/src/DM_USB_to_canfd/lib/libu2canfd.a(usb_class.cpp.o): Relocations in generic ELF (EM: 62)
/usr/bin/ld: /home/orangepi/dm_joint_control/src/DM_USB_to_canfd/lib/libu2canfd.a(usb_class.cpp.o): Relocations in generic ELF (EM: 62)
/usr/bin/ld: /home/orangepi/dm_joint_control/src/DM_USB_to_canfd/lib/libu2canfd.a(usb_class.cpp.o): Relocations in generic ELF (EM: 62)
/usr/bin/ld: /home/orangepi/dm_joint_control/src/DM_USB_to_canfd/lib/libu2canfd.a(usb_class.cpp.o): Relocations in generic ELF (EM: 62)
/usr/bin/ld: /home/orangepi/dm_joint_control/src/DM_USB_to_canfd/lib/libu2canfd.a(usb_class.cpp.o): Relocations in generic ELF (EM: 62)
/usr/bin/ld: /home/orangepi/dm_joint_control/src/DM_USB_to_canfd/lib/libu2canfd.a(usb_class.cpp.o): Relocations in generic ELF (EM: 62)
/usr/bin/ld: /home/orangepi/dm_joint_control/src/DM_USB_to_canfd/lib/libu2canfd.a(usb_class.cpp.o): Relocations in generic ELF (EM: 62)
/usr/bin/ld: /home/orangepi/dm_joint_control/src/DM_USB_to_canfd/lib/libu2canfd.a(usb_class.cpp.o): Relocations in generic ELF (EM: 62)
/usr/bin/ld: /home/orangepi/dm_joint_control/src/DM_USB_to_canfd/lib/libu2canfd.a(usb_class.cpp.o): Relocations in generic ELF (EM: 62)
/usr/bin/ld: /home/orangepi/dm_joint_control/src/DM_USB_to_canfd/lib/libu2canfd.a(usb_class.cpp.o): Relocations in generic ELF (EM: 62)
/usr/bin/ld: /home/orangepi/dm_joint_control/src/DM_USB_to_canfd/lib/libu2canfd.a(usb_class.cpp.o): Relocations in generic ELF (EM: 62)
/usr/bin/ld: /home/orangepi/dm_joint_control/src/DM_USB_to_canfd/lib/libu2canfd.a(usb_class.cpp.o): Relocations in generic ELF (EM: 62)
/usr/bin/ld: /home/orangepi/dm_joint_control/src/DM_USB_to_canfd/lib/libu2canfd.a(usb_class.cpp.o): Relocations in generic ELF (EM: 62)
/usr/bin/ld: /home/orangepi/dm_joint_control/src/DM_USB_to_canfd/lib/libu2canfd.a(usb_class.cpp.o): Relocations in generic ELF (EM: 62)
/usr/bin/ld: /home/orangepi/dm_joint_control/src/DM_USB_to_canfd/lib/libu2canfd.a(usb_class.cpp.o): Relocations in generic ELF (EM: 62)
/usr/bin/ld: /home/orangepi/dm_joint_control/src/DM_USB_to_canfd/lib/libu2canfd.a(usb_class.cpp.o): Relocations in generic ELF (EM: 62)
/usr/bin/ld: /home/orangepi/dm_joint_control/src/DM_USB_to_canfd/lib/libu2canfd.a(usb_class.cpp.o): Relocations in generic ELF (EM: 62)
/usr/bin/ld: /home/orangepi/dm_joint_control/src/DM_USB_to_canfd/lib/libu2canfd.a(usb_class.cpp.o): Relocations in generic ELF (EM: 62)
/usr/bin/ld: /home/orangepi/dm_joint_control/src/DM_USB_to_canfd/lib/libu2canfd.a(usb_class.cpp.o): Relocations in generic ELF (EM: 62)
/usr/bin/ld: /home/orangepi/dm_joint_control/src/DM_USB_to_canfd/lib/libu2canfd.a(usb_class.cpp.o): Relocations in generic ELF (EM: 62)
/usr/bin/ld: /home/orangepi/dm_joint_control/src/DM_USB_to_canfd/lib/libu2canfd.a(usb_class.cpp.o): Relocations in generic ELF (EM: 62)
/usr/bin/ld: /home/orangepi/dm_joint_control/src/DM_USB_to_canfd/lib/libu2canfd.a(usb_class.cpp.o): Relocations in generic ELF (EM: 62)
/usr/bin/ld: /home/orangepi/dm_joint_control/src/DM_USB_to_canfd/lib/libu2canfd.a(usb_class.cpp.o): Relocations in generic ELF (EM: 62)
/usr/bin/ld: /home/orangepi/dm_joint_control/src/DM_USB_to_canfd/lib/libu2canfd.a(usb_class.cpp.o): Relocations in generic ELF (EM: 62)
/usr/bin/ld: /home/orangepi/dm_joint_control/src/DM_USB_to_canfd/lib/libu2canfd.a(usb_class.cpp.o): Relocations in generic ELF (EM: 62)
/usr/bin/ld: /home/orangepi/dm_joint_control/src/DM_USB_to_canfd/lib/libu2canfd.a(usb_class.cpp.o): Relocations in generic ELF (EM: 62)
/usr/bin/ld: /home/orangepi/dm_joint_control/src/DM_USB_to_canfd/lib/libu2canfd.a(usb_class.cpp.o): Relocations in generic ELF (EM: 62)
/usr/bin/ld: /home/orangepi/dm_joint_control/src/DM_USB_to_canfd/lib/libu2canfd.a(usb_class.cpp.o): Relocations in generic ELF (EM: 62)
/usr/bin/ld: /home/orangepi/dm_joint_control/src/DM_USB_to_canfd/lib/libu2canfd.a(usb_class.cpp.o): Relocations in generic ELF (EM: 62)
/usr/bin/ld: /home/orangepi/dm_joint_control/src/DM_USB_to_canfd/lib/libu2canfd.a(usb_class.cpp.o): Relocations in generic ELF (EM: 62)
/usr/bin/ld: /home/orangepi/dm_joint_control/src/DM_USB_to_canfd/lib/libu2canfd.a(usb_class.cpp.o): Relocations in generic ELF (EM: 62)
/usr/bin/ld: /home/orangepi/dm_joint_control/src/DM_USB_to_canfd/lib/libu2canfd.a(usb_class.cpp.o): Relocations in generic ELF (EM: 62)
/usr/bin/ld: /home/orangepi/dm_joint_control/src/DM_USB_to_canfd/lib/libu2canfd.a(usb_class.cpp.o): Relocations in generic ELF (EM: 62)
/usr/bin/ld: /home/orangepi/dm_joint_control/src/DM_USB_to_canfd/lib/libu2canfd.a(usb_class.cpp.o): Relocations in generic ELF (EM: 62)
/usr/bin/ld: /home/orangepi/dm_joint_control/src/DM_USB_to_canfd/lib/libu2canfd.a(usb_class.cpp.o): Relocations in generic ELF (EM: 62)
/usr/bin/ld: /home/orangepi/dm_joint_control/src/DM_USB_to_canfd/lib/libu2canfd.a(usb_class.cpp.o): Relocations in generic ELF (EM: 62)
/usr/bin/ld: /home/orangepi/dm_joint_control/src/DM_USB_to_canfd/lib/libu2canfd.a(usb_class.cpp.o): Relocations in generic ELF (EM: 62)
/usr/bin/ld: /home/orangepi/dm_joint_control/src/DM_USB_to_canfd/lib/libu2canfd.a(usb_class.cpp.o): Relocations in generic ELF (EM: 62)
/usr/bin/ld: /home/orangepi/dm_joint_control/src/DM_USB_to_canfd/lib/libu2canfd.a(usb_class.cpp.o): Relocations in generic ELF (EM: 62)
/usr/bin/ld: /home/orangepi/dm_joint_control/src/DM_USB_to_canfd/lib/libu2canfd.a(usb_class.cpp.o): Relocations in generic ELF (EM: 62)
/usr/bin/ld: /home/orangepi/dm_joint_control/src/DM_USB_to_canfd/lib/libu2canfd.a(usb_class.cpp.o): Relocations in generic ELF (EM: 62)
/usr/bin/ld: /home/orangepi/dm_joint_control/src/DM_USB_to_canfd/lib/libu2canfd.a(usb_class.cpp.o): Relocations in generic ELF (EM: 62)
/usr/bin/ld: /home/orangepi/dm_joint_control/src/DM_USB_to_canfd/lib/libu2canfd.a(usb_class.cpp.o): Relocations in generic ELF (EM: 62)
/usr/bin/ld: /home/orangepi/dm_joint_control/src/DM_USB_to_canfd/lib/libu2canfd.a(usb_class.cpp.o): Relocations in generic ELF (EM: 62)
/usr/bin/ld: /home/orangepi/dm_joint_control/src/DM_USB_to_canfd/lib/libu2canfd.a(usb_class.cpp.o): Relocations in generic ELF (EM: 62)
/usr/bin/ld: /home/orangepi/dm_joint_control/src/DM_USB_to_canfd/lib/libu2canfd.a(usb_class.cpp.o): Relocations in generic ELF (EM: 62)
/usr/bin/ld: /home/orangepi/dm_joint_control/src/DM_USB_to_canfd/lib/libu2canfd.a(usb_class.cpp.o): Relocations in generic ELF (EM: 62)
/usr/bin/ld: /home/orangepi/dm_joint_control/src/DM_USB_to_canfd/lib/libu2canfd.a(usb_class.cpp.o): Relocations in generic ELF (EM: 62)
/usr/bin/ld: /home/orangepi/dm_joint_control/src/DM_USB_to_canfd/lib/libu2canfd.a(usb_class.cpp.o): Relocations in generic ELF (EM: 62)
/usr/bin/ld: /home/orangepi/dm_joint_control/src/DM_USB_to_canfd/lib/libu2canfd.a(usb_class.cpp.o): Relocations in generic ELF (EM: 62)
/usr/bin/ld: /home/orangepi/dm_joint_control/src/DM_USB_to_canfd/lib/libu2canfd.a(usb_class.cpp.o): Relocations in generic ELF (EM: 62)
/usr/bin/ld: /home/orangepi/dm_joint_control/src/DM_USB_to_canfd/lib/libu2canfd.a(usb_class.cpp.o): Relocations in generic ELF (EM: 62)
/usr/bin/ld: /home/orangepi/dm_joint_control/src/DM_USB_to_canfd/lib/libu2canfd.a(usb_class.cpp.o): Relocations in generic ELF (EM: 62)
/usr/bin/ld: /home/orangepi/dm_joint_control/src/DM_USB_to_canfd/lib/libu2canfd.a(usb_class.cpp.o): Relocations in generic ELF (EM: 62)
/usr/bin/ld: /home/orangepi/dm_joint_control/src/DM_USB_to_canfd/lib/libu2canfd.a(usb_class.cpp.o): Relocations in generic ELF (EM: 62)
/usr/bin/ld: /home/orangepi/dm_joint_control/src/DM_USB_to_canfd/lib/libu2canfd.a(usb_class.cpp.o): Relocations in generic ELF (EM: 62)
/usr/bin/ld: /home/orangepi/dm_joint_control/src/DM_USB_to_canfd/lib/libu2canfd.a(usb_class.cpp.o): Relocations in generic ELF (EM: 62)
/usr/bin/ld: /home/orangepi/dm_joint_control/src/DM_USB_to_canfd/lib/libu2canfd.a(usb_class.cpp.o): Relocations in generic ELF (EM: 62)
/usr/bin/ld: /home/orangepi/dm_joint_control/src/DM_USB_to_canfd/lib/libu2canfd.a(usb_class.cpp.o): Relocations in generic ELF (EM: 62)
/usr/bin/ld: /home/orangepi/dm_joint_control/src/DM_USB_to_canfd/lib/libu2canfd.a(usb_class.cpp.o): Relocations in generic ELF (EM: 62)
/usr/bin/ld: /home/orangepi/dm_joint_control/src/DM_USB_to_canfd/lib/libu2canfd.a(usb_class.cpp.o): Relocations in generic ELF (EM: 62)
/usr/bin/ld: /home/orangepi/dm_joint_control/src/DM_USB_to_canfd/lib/libu2canfd.a(usb_class.cpp.o): Relocations in generic ELF (EM: 62)
/usr/bin/ld: /home/orangepi/dm_joint_control/src/DM_USB_to_canfd/lib/libu2canfd.a(usb_class.cpp.o): Relocations in generic ELF (EM: 62)
/usr/bin/ld: /home/orangepi/dm_joint_control/src/DM_USB_to_canfd/lib/libu2canfd.a(usb_class.cpp.o): Relocations in generic ELF (EM: 62)
/usr/bin/ld: /home/orangepi/dm_joint_control/src/DM_USB_to_canfd/lib/libu2canfd.a(usb_class.cpp.o): Relocations in generic ELF (EM: 62)
/usr/bin/ld: /home/orangepi/dm_joint_control/src/DM_USB_to_canfd/lib/libu2canfd.a(usb_class.cpp.o): Relocations in generic ELF (EM: 62)
/usr/bin/ld: /home/orangepi/dm_joint_control/src/DM_USB_to_canfd/lib/libu2canfd.a(usb_class.cpp.o): Relocations in generic ELF (EM: 62)
/usr/bin/ld: /home/orangepi/dm_joint_control/src/DM_USB_to_canfd/lib/libu2canfd.a(usb_class.cpp.o): Relocations in generic ELF (EM: 62)
/usr/bin/ld: /home/orangepi/dm_joint_control/src/DM_USB_to_canfd/lib/libu2canfd.a(usb_class.cpp.o): Relocations in generic ELF (EM: 62)
/usr/bin/ld: /home/orangepi/dm_joint_control/src/DM_USB_to_canfd/lib/libu2canfd.a(usb_class.cpp.o): Relocations in generic ELF (EM: 62)
/usr/bin/ld: /home/orangepi/dm_joint_control/src/DM_USB_to_canfd/lib/libu2canfd.a(usb_class.cpp.o): Relocations in generic ELF (EM: 62)
/usr/bin/ld: /home/orangepi/dm_joint_control/src/DM_USB_to_canfd/lib/libu2canfd.a: error adding symbols: file in wrong format
collect2: error: ld returned 1 exit status
gmake[2]: *** [CMakeFiles/dm_main.dir/build.make:99: dm_main] Error 1
gmake[1]: *** [CMakeFiles/Makefile2:113: CMakeFiles/dm_main.dir/all] Error 2
gmake: *** [Makefile:91: all] Error 2
