[0.026s] Invoking command in '/home/orangepi/dm_joint_control/build/dm_main': /usr/bin/cmake --build /home/orangepi/dm_joint_control/build/dm_main -- -j8 -l8
[0.139s] [35m[1mConsolidate compiler generated dependencies of target dev_sn[0m
[0.140s] [35m[1mConsolidate compiler generated dependencies of target motor[0m
[0.179s] [ 33%] Built target motor
[0.181s] [ 66%] Built target dev_sn
[0.212s] [35m[1mConsolidate compiler generated dependencies of target dm_main[0m
[0.251s] [ 83%] [32m[1mLinking CXX executable dm_main[0m
[0.316s] /usr/bin/ld: /home/orangepi/dm_joint_control/src/DM_USB_to_canfd/lib/libu2canfd.a(usb_class.cpp.o): Relocations in generic ELF (EM: 62)
[0.318s] /usr/bin/ld: /home/orangepi/dm_joint_control/src/DM_USB_to_canfd/lib/libu2canfd.a(usb_class.cpp.o): Relocations in generic ELF (EM: 62)
[0.324s] /usr/bin/ld: /home/orangepi/dm_joint_control/src/DM_USB_to_canfd/lib/libu2canfd.a(usb_class.cpp.o): Relocations in generic ELF (EM: 62)
[0.325s] /usr/bin/ld: /home/orangepi/dm_joint_control/src/DM_USB_to_canfd/lib/libu2canfd.a(usb_class.cpp.o): Relocations in generic ELF (EM: 62)
[0.325s] /usr/bin/ld: /home/orangepi/dm_joint_control/src/DM_USB_to_canfd/lib/libu2canfd.a(usb_class.cpp.o): Relocations in generic ELF (EM: 62)
[0.326s] /usr/bin/ld: /home/orangepi/dm_joint_control/src/DM_USB_to_canfd/lib/libu2canfd.a(usb_class.cpp.o): Relocations in generic ELF (EM: 62)
[0.326s] /usr/bin/ld: /home/orangepi/dm_joint_control/src/DM_USB_to_canfd/lib/libu2canfd.a(usb_class.cpp.o): Relocations in generic ELF (EM: 62)
[0.326s] /usr/bin/ld: /home/orangepi/dm_joint_control/src/DM_USB_to_canfd/lib/libu2canfd.a(usb_class.cpp.o): Relocations in generic ELF (EM: 62)
[0.326s] /usr/bin/ld: /home/orangepi/dm_joint_control/src/DM_USB_to_canfd/lib/libu2canfd.a(usb_class.cpp.o): Relocations in generic ELF (EM: 62)
[0.326s] /usr/bin/ld: /home/orangepi/dm_joint_control/src/DM_USB_to_canfd/lib/libu2canfd.a(usb_class.cpp.o): Relocations in generic ELF (EM: 62)
[0.327s] /usr/bin/ld: /home/orangepi/dm_joint_control/src/DM_USB_to_canfd/lib/libu2canfd.a(usb_class.cpp.o): Relocations in generic ELF (EM: 62)
[0.327s] /usr/bin/ld: /home/orangepi/dm_joint_control/src/DM_USB_to_canfd/lib/libu2canfd.a(usb_class.cpp.o): Relocations in generic ELF (EM: 62)
[0.328s] /usr/bin/ld: /home/orangepi/dm_joint_control/src/DM_USB_to_canfd/lib/libu2canfd.a(usb_class.cpp.o): Relocations in generic ELF (EM: 62)
[0.328s] /usr/bin/ld: /home/orangepi/dm_joint_control/src/DM_USB_to_canfd/lib/libu2canfd.a(usb_class.cpp.o): Relocations in generic ELF (EM: 62)
[0.328s] /usr/bin/ld: /home/orangepi/dm_joint_control/src/DM_USB_to_canfd/lib/libu2canfd.a(usb_class.cpp.o): Relocations in generic ELF (EM: 62)
[0.329s] /usr/bin/ld: /home/orangepi/dm_joint_control/src/DM_USB_to_canfd/lib/libu2canfd.a(usb_class.cpp.o): Relocations in generic ELF (EM: 62)
[0.329s] /usr/bin/ld: /home/orangepi/dm_joint_control/src/DM_USB_to_canfd/lib/libu2canfd.a(usb_class.cpp.o): Relocations in generic ELF (EM: 62)
[0.329s] /usr/bin/ld: /home/orangepi/dm_joint_control/src/DM_USB_to_canfd/lib/libu2canfd.a(usb_class.cpp.o): Relocations in generic ELF (EM: 62)
[0.330s] /usr/bin/ld: /home/orangepi/dm_joint_control/src/DM_USB_to_canfd/lib/libu2canfd.a(usb_class.cpp.o): Relocations in generic ELF (EM: 62)
[0.330s] /usr/bin/ld: /home/orangepi/dm_joint_control/src/DM_USB_to_canfd/lib/libu2canfd.a(usb_class.cpp.o): Relocations in generic ELF (EM: 62)
[0.331s] /usr/bin/ld: /home/orangepi/dm_joint_control/src/DM_USB_to_canfd/lib/libu2canfd.a(usb_class.cpp.o): Relocations in generic ELF (EM: 62)
[0.332s] /usr/bin/ld: /home/orangepi/dm_joint_control/src/DM_USB_to_canfd/lib/libu2canfd.a(usb_class.cpp.o): Relocations in generic ELF (EM: 62)
[0.332s] /usr/bin/ld: /home/orangepi/dm_joint_control/src/DM_USB_to_canfd/lib/libu2canfd.a(usb_class.cpp.o): Relocations in generic ELF (EM: 62)
[0.332s] /usr/bin/ld: /home/orangepi/dm_joint_control/src/DM_USB_to_canfd/lib/libu2canfd.a(usb_class.cpp.o): Relocations in generic ELF (EM: 62)
[0.333s] /usr/bin/ld: /home/orangepi/dm_joint_control/src/DM_USB_to_canfd/lib/libu2canfd.a(usb_class.cpp.o): Relocations in generic ELF (EM: 62)
[0.333s] /usr/bin/ld: /home/orangepi/dm_joint_control/src/DM_USB_to_canfd/lib/libu2canfd.a(usb_class.cpp.o): Relocations in generic ELF (EM: 62)
[0.333s] /usr/bin/ld: /home/orangepi/dm_joint_control/src/DM_USB_to_canfd/lib/libu2canfd.a(usb_class.cpp.o): Relocations in generic ELF (EM: 62)
[0.334s] /usr/bin/ld: /home/orangepi/dm_joint_control/src/DM_USB_to_canfd/lib/libu2canfd.a(usb_class.cpp.o): Relocations in generic ELF (EM: 62)
[0.334s] /usr/bin/ld: /home/orangepi/dm_joint_control/src/DM_USB_to_canfd/lib/libu2canfd.a(usb_class.cpp.o): Relocations in generic ELF (EM: 62)
[0.334s] /usr/bin/ld: /home/orangepi/dm_joint_control/src/DM_USB_to_canfd/lib/libu2canfd.a(usb_class.cpp.o): Relocations in generic ELF (EM: 62)
[0.335s] /usr/bin/ld: /home/orangepi/dm_joint_control/src/DM_USB_to_canfd/lib/libu2canfd.a(usb_class.cpp.o): Relocations in generic ELF (EM: 62)
[0.335s] /usr/bin/ld: /home/orangepi/dm_joint_control/src/DM_USB_to_canfd/lib/libu2canfd.a(usb_class.cpp.o): Relocations in generic ELF (EM: 62)
[0.335s] /usr/bin/ld: /home/orangepi/dm_joint_control/src/DM_USB_to_canfd/lib/libu2canfd.a(usb_class.cpp.o): Relocations in generic ELF (EM: 62)
[0.336s] /usr/bin/ld: /home/orangepi/dm_joint_control/src/DM_USB_to_canfd/lib/libu2canfd.a(usb_class.cpp.o): Relocations in generic ELF (EM: 62)
[0.336s] /usr/bin/ld: /home/orangepi/dm_joint_control/src/DM_USB_to_canfd/lib/libu2canfd.a(usb_class.cpp.o): Relocations in generic ELF (EM: 62)
[0.336s] /usr/bin/ld: /home/orangepi/dm_joint_control/src/DM_USB_to_canfd/lib/libu2canfd.a(usb_class.cpp.o): Relocations in generic ELF (EM: 62)
[0.337s] /usr/bin/ld: /home/orangepi/dm_joint_control/src/DM_USB_to_canfd/lib/libu2canfd.a(usb_class.cpp.o): Relocations in generic ELF (EM: 62)
[0.337s] /usr/bin/ld: /home/orangepi/dm_joint_control/src/DM_USB_to_canfd/lib/libu2canfd.a(usb_class.cpp.o): Relocations in generic ELF (EM: 62)
[0.337s] /usr/bin/ld: /home/orangepi/dm_joint_control/src/DM_USB_to_canfd/lib/libu2canfd.a(usb_class.cpp.o): Relocations in generic ELF (EM: 62)
[0.338s] /usr/bin/ld: /home/orangepi/dm_joint_control/src/DM_USB_to_canfd/lib/libu2canfd.a(usb_class.cpp.o): Relocations in generic ELF (EM: 62)
[0.338s] /usr/bin/ld: /home/orangepi/dm_joint_control/src/DM_USB_to_canfd/lib/libu2canfd.a(usb_class.cpp.o): Relocations in generic ELF (EM: 62)
[0.338s] /usr/bin/ld: /home/orangepi/dm_joint_control/src/DM_USB_to_canfd/lib/libu2canfd.a(usb_class.cpp.o): Relocations in generic ELF (EM: 62)
[0.339s] /usr/bin/ld: /home/orangepi/dm_joint_control/src/DM_USB_to_canfd/lib/libu2canfd.a(usb_class.cpp.o): Relocations in generic ELF (EM: 62)
[0.339s] /usr/bin/ld: /home/orangepi/dm_joint_control/src/DM_USB_to_canfd/lib/libu2canfd.a(usb_class.cpp.o): Relocations in generic ELF (EM: 62)
[0.339s] /usr/bin/ld: /home/orangepi/dm_joint_control/src/DM_USB_to_canfd/lib/libu2canfd.a(usb_class.cpp.o): Relocations in generic ELF (EM: 62)
[0.340s] /usr/bin/ld: /home/orangepi/dm_joint_control/src/DM_USB_to_canfd/lib/libu2canfd.a(usb_class.cpp.o): Relocations in generic ELF (EM: 62)
[0.340s] /usr/bin/ld: /home/orangepi/dm_joint_control/src/DM_USB_to_canfd/lib/libu2canfd.a(usb_class.cpp.o): Relocations in generic ELF (EM: 62)
[0.340s] /usr/bin/ld: /home/orangepi/dm_joint_control/src/DM_USB_to_canfd/lib/libu2canfd.a(usb_class.cpp.o): Relocations in generic ELF (EM: 62)
[0.341s] /usr/bin/ld: /home/orangepi/dm_joint_control/src/DM_USB_to_canfd/lib/libu2canfd.a(usb_class.cpp.o): Relocations in generic ELF (EM: 62)
[0.341s] /usr/bin/ld: /home/orangepi/dm_joint_control/src/DM_USB_to_canfd/lib/libu2canfd.a(usb_class.cpp.o): Relocations in generic ELF (EM: 62)
[0.341s] /usr/bin/ld: /home/orangepi/dm_joint_control/src/DM_USB_to_canfd/lib/libu2canfd.a(usb_class.cpp.o): Relocations in generic ELF (EM: 62)
[0.342s] /usr/bin/ld: /home/orangepi/dm_joint_control/src/DM_USB_to_canfd/lib/libu2canfd.a(usb_class.cpp.o): Relocations in generic ELF (EM: 62)
[0.342s] /usr/bin/ld: /home/orangepi/dm_joint_control/src/DM_USB_to_canfd/lib/libu2canfd.a(usb_class.cpp.o): Relocations in generic ELF (EM: 62)
[0.343s] /usr/bin/ld: /home/orangepi/dm_joint_control/src/DM_USB_to_canfd/lib/libu2canfd.a(usb_class.cpp.o): Relocations in generic ELF (EM: 62)
[0.343s] /usr/bin/ld: /home/orangepi/dm_joint_control/src/DM_USB_to_canfd/lib/libu2canfd.a(usb_class.cpp.o): Relocations in generic ELF (EM: 62)
[0.343s] /usr/bin/ld: /home/orangepi/dm_joint_control/src/DM_USB_to_canfd/lib/libu2canfd.a(usb_class.cpp.o): Relocations in generic ELF (EM: 62)
[0.344s] /usr/bin/ld: /home/orangepi/dm_joint_control/src/DM_USB_to_canfd/lib/libu2canfd.a(usb_class.cpp.o): Relocations in generic ELF (EM: 62)
[0.344s] /usr/bin/ld: /home/orangepi/dm_joint_control/src/DM_USB_to_canfd/lib/libu2canfd.a(usb_class.cpp.o): Relocations in generic ELF (EM: 62)
[0.344s] /usr/bin/ld: /home/orangepi/dm_joint_control/src/DM_USB_to_canfd/lib/libu2canfd.a(usb_class.cpp.o): Relocations in generic ELF (EM: 62)
[0.345s] /usr/bin/ld: /home/orangepi/dm_joint_control/src/DM_USB_to_canfd/lib/libu2canfd.a(usb_class.cpp.o): Relocations in generic ELF (EM: 62)
[0.345s] /usr/bin/ld: /home/orangepi/dm_joint_control/src/DM_USB_to_canfd/lib/libu2canfd.a(usb_class.cpp.o): Relocations in generic ELF (EM: 62)
[0.345s] /usr/bin/ld: /home/orangepi/dm_joint_control/src/DM_USB_to_canfd/lib/libu2canfd.a(usb_class.cpp.o): Relocations in generic ELF (EM: 62)
[0.346s] /usr/bin/ld: /home/orangepi/dm_joint_control/src/DM_USB_to_canfd/lib/libu2canfd.a(usb_class.cpp.o): Relocations in generic ELF (EM: 62)
[0.346s] /usr/bin/ld: /home/orangepi/dm_joint_control/src/DM_USB_to_canfd/lib/libu2canfd.a(usb_class.cpp.o): Relocations in generic ELF (EM: 62)
[0.346s] /usr/bin/ld: /home/orangepi/dm_joint_control/src/DM_USB_to_canfd/lib/libu2canfd.a(usb_class.cpp.o): Relocations in generic ELF (EM: 62)
[0.347s] /usr/bin/ld: /home/orangepi/dm_joint_control/src/DM_USB_to_canfd/lib/libu2canfd.a(usb_class.cpp.o): Relocations in generic ELF (EM: 62)
[0.347s] /usr/bin/ld: /home/orangepi/dm_joint_control/src/DM_USB_to_canfd/lib/libu2canfd.a(usb_class.cpp.o): Relocations in generic ELF (EM: 62)
[0.347s] /usr/bin/ld: /home/orangepi/dm_joint_control/src/DM_USB_to_canfd/lib/libu2canfd.a(usb_class.cpp.o): Relocations in generic ELF (EM: 62)
[0.348s] /usr/bin/ld: /home/orangepi/dm_joint_control/src/DM_USB_to_canfd/lib/libu2canfd.a(usb_class.cpp.o): Relocations in generic ELF (EM: 62)
[0.348s] /usr/bin/ld: /home/orangepi/dm_joint_control/src/DM_USB_to_canfd/lib/libu2canfd.a(usb_class.cpp.o): Relocations in generic ELF (EM: 62)
[0.348s] /usr/bin/ld: /home/orangepi/dm_joint_control/src/DM_USB_to_canfd/lib/libu2canfd.a(usb_class.cpp.o): Relocations in generic ELF (EM: 62)
[0.349s] /usr/bin/ld: /home/orangepi/dm_joint_control/src/DM_USB_to_canfd/lib/libu2canfd.a(usb_class.cpp.o): Relocations in generic ELF (EM: 62)
[0.349s] /usr/bin/ld: /home/orangepi/dm_joint_control/src/DM_USB_to_canfd/lib/libu2canfd.a(usb_class.cpp.o): Relocations in generic ELF (EM: 62)
[0.349s] /usr/bin/ld: /home/orangepi/dm_joint_control/src/DM_USB_to_canfd/lib/libu2canfd.a(usb_class.cpp.o): Relocations in generic ELF (EM: 62)
[0.350s] /usr/bin/ld: /home/orangepi/dm_joint_control/src/DM_USB_to_canfd/lib/libu2canfd.a(usb_class.cpp.o): Relocations in generic ELF (EM: 62)
[0.350s] /usr/bin/ld: /home/orangepi/dm_joint_control/src/DM_USB_to_canfd/lib/libu2canfd.a(usb_class.cpp.o): Relocations in generic ELF (EM: 62)
[0.350s] /usr/bin/ld: /home/orangepi/dm_joint_control/src/DM_USB_to_canfd/lib/libu2canfd.a(usb_class.cpp.o): Relocations in generic ELF (EM: 62)
[0.351s] /usr/bin/ld: /home/orangepi/dm_joint_control/src/DM_USB_to_canfd/lib/libu2canfd.a(usb_class.cpp.o): Relocations in generic ELF (EM: 62)
[0.351s] /usr/bin/ld: /home/orangepi/dm_joint_control/src/DM_USB_to_canfd/lib/libu2canfd.a(usb_class.cpp.o): Relocations in generic ELF (EM: 62)
[0.351s] /usr/bin/ld: /home/orangepi/dm_joint_control/src/DM_USB_to_canfd/lib/libu2canfd.a(usb_class.cpp.o): Relocations in generic ELF (EM: 62)
[0.352s] /usr/bin/ld: /home/orangepi/dm_joint_control/src/DM_USB_to_canfd/lib/libu2canfd.a(usb_class.cpp.o): Relocations in generic ELF (EM: 62)
[0.352s] /usr/bin/ld: /home/orangepi/dm_joint_control/src/DM_USB_to_canfd/lib/libu2canfd.a(usb_class.cpp.o): Relocations in generic ELF (EM: 62)
[0.352s] /usr/bin/ld: /home/orangepi/dm_joint_control/src/DM_USB_to_canfd/lib/libu2canfd.a(usb_class.cpp.o): Relocations in generic ELF (EM: 62)
[0.353s] /usr/bin/ld: /home/orangepi/dm_joint_control/src/DM_USB_to_canfd/lib/libu2canfd.a(usb_class.cpp.o): Relocations in generic ELF (EM: 62)
[0.353s] /usr/bin/ld: /home/orangepi/dm_joint_control/src/DM_USB_to_canfd/lib/libu2canfd.a(usb_class.cpp.o): Relocations in generic ELF (EM: 62)
[0.353s] /usr/bin/ld: /home/orangepi/dm_joint_control/src/DM_USB_to_canfd/lib/libu2canfd.a(usb_class.cpp.o): Relocations in generic ELF (EM: 62)
[0.354s] /usr/bin/ld: /home/orangepi/dm_joint_control/src/DM_USB_to_canfd/lib/libu2canfd.a(usb_class.cpp.o): Relocations in generic ELF (EM: 62)
[0.354s] /usr/bin/ld: /home/orangepi/dm_joint_control/src/DM_USB_to_canfd/lib/libu2canfd.a(usb_class.cpp.o): Relocations in generic ELF (EM: 62)
[0.354s] /usr/bin/ld: /home/orangepi/dm_joint_control/src/DM_USB_to_canfd/lib/libu2canfd.a(usb_class.cpp.o): Relocations in generic ELF (EM: 62)
[0.355s] /usr/bin/ld: /home/orangepi/dm_joint_control/src/DM_USB_to_canfd/lib/libu2canfd.a(usb_class.cpp.o): Relocations in generic ELF (EM: 62)
[0.355s] /usr/bin/ld: /home/orangepi/dm_joint_control/src/DM_USB_to_canfd/lib/libu2canfd.a(usb_class.cpp.o): Relocations in generic ELF (EM: 62)
[0.355s] /usr/bin/ld: /home/orangepi/dm_joint_control/src/DM_USB_to_canfd/lib/libu2canfd.a(usb_class.cpp.o): Relocations in generic ELF (EM: 62)
[0.356s] /usr/bin/ld: /home/orangepi/dm_joint_control/src/DM_USB_to_canfd/lib/libu2canfd.a(usb_class.cpp.o): Relocations in generic ELF (EM: 62)
[0.356s] /usr/bin/ld: /home/orangepi/dm_joint_control/src/DM_USB_to_canfd/lib/libu2canfd.a(usb_class.cpp.o): Relocations in generic ELF (EM: 62)
[0.356s] /usr/bin/ld: /home/orangepi/dm_joint_control/src/DM_USB_to_canfd/lib/libu2canfd.a(usb_class.cpp.o): Relocations in generic ELF (EM: 62)
[0.357s] /usr/bin/ld: /home/orangepi/dm_joint_control/src/DM_USB_to_canfd/lib/libu2canfd.a(usb_class.cpp.o): Relocations in generic ELF (EM: 62)
[0.357s] /usr/bin/ld: /home/orangepi/dm_joint_control/src/DM_USB_to_canfd/lib/libu2canfd.a(usb_class.cpp.o): Relocations in generic ELF (EM: 62)
[0.357s] /usr/bin/ld: /home/orangepi/dm_joint_control/src/DM_USB_to_canfd/lib/libu2canfd.a(usb_class.cpp.o): Relocations in generic ELF (EM: 62)
[0.358s] /usr/bin/ld: /home/orangepi/dm_joint_control/src/DM_USB_to_canfd/lib/libu2canfd.a(usb_class.cpp.o): Relocations in generic ELF (EM: 62)
[0.358s] /usr/bin/ld: /home/orangepi/dm_joint_control/src/DM_USB_to_canfd/lib/libu2canfd.a(usb_class.cpp.o): Relocations in generic ELF (EM: 62)
[0.358s] /usr/bin/ld: /home/orangepi/dm_joint_control/src/DM_USB_to_canfd/lib/libu2canfd.a(usb_class.cpp.o): Relocations in generic ELF (EM: 62)
[0.359s] /usr/bin/ld: /home/orangepi/dm_joint_control/src/DM_USB_to_canfd/lib/libu2canfd.a(usb_class.cpp.o): Relocations in generic ELF (EM: 62)
[0.359s] /usr/bin/ld: /home/orangepi/dm_joint_control/src/DM_USB_to_canfd/lib/libu2canfd.a(usb_class.cpp.o): Relocations in generic ELF (EM: 62)
[0.359s] /usr/bin/ld: /home/orangepi/dm_joint_control/src/DM_USB_to_canfd/lib/libu2canfd.a(usb_class.cpp.o): Relocations in generic ELF (EM: 62)
[0.360s] /usr/bin/ld: /home/orangepi/dm_joint_control/src/DM_USB_to_canfd/lib/libu2canfd.a(usb_class.cpp.o): Relocations in generic ELF (EM: 62)
[0.360s] /usr/bin/ld: /home/orangepi/dm_joint_control/src/DM_USB_to_canfd/lib/libu2canfd.a(usb_class.cpp.o): Relocations in generic ELF (EM: 62)
[0.360s] /usr/bin/ld: /home/orangepi/dm_joint_control/src/DM_USB_to_canfd/lib/libu2canfd.a(usb_class.cpp.o): Relocations in generic ELF (EM: 62)
[0.361s] /usr/bin/ld: /home/orangepi/dm_joint_control/src/DM_USB_to_canfd/lib/libu2canfd.a(usb_class.cpp.o): Relocations in generic ELF (EM: 62)
[0.362s] /usr/bin/ld: /home/orangepi/dm_joint_control/src/DM_USB_to_canfd/lib/libu2canfd.a(usb_class.cpp.o): Relocations in generic ELF (EM: 62)
[0.362s] /usr/bin/ld: /home/orangepi/dm_joint_control/src/DM_USB_to_canfd/lib/libu2canfd.a(usb_class.cpp.o): Relocations in generic ELF (EM: 62)
[0.362s] /usr/bin/ld: /home/orangepi/dm_joint_control/src/DM_USB_to_canfd/lib/libu2canfd.a(usb_class.cpp.o): Relocations in generic ELF (EM: 62)
[0.363s] /usr/bin/ld: /home/orangepi/dm_joint_control/src/DM_USB_to_canfd/lib/libu2canfd.a(usb_class.cpp.o): Relocations in generic ELF (EM: 62)
[0.363s] /usr/bin/ld: /home/orangepi/dm_joint_control/src/DM_USB_to_canfd/lib/libu2canfd.a(usb_class.cpp.o): Relocations in generic ELF (EM: 62)
[0.363s] /usr/bin/ld: /home/orangepi/dm_joint_control/src/DM_USB_to_canfd/lib/libu2canfd.a(usb_class.cpp.o): Relocations in generic ELF (EM: 62)
[0.364s] /usr/bin/ld: /home/orangepi/dm_joint_control/src/DM_USB_to_canfd/lib/libu2canfd.a(usb_class.cpp.o): Relocations in generic ELF (EM: 62)
[0.364s] /usr/bin/ld: /home/orangepi/dm_joint_control/src/DM_USB_to_canfd/lib/libu2canfd.a(usb_class.cpp.o): Relocations in generic ELF (EM: 62)
[0.365s] /usr/bin/ld: /home/orangepi/dm_joint_control/src/DM_USB_to_canfd/lib/libu2canfd.a(usb_class.cpp.o): Relocations in generic ELF (EM: 62)
[0.365s] /usr/bin/ld: /home/orangepi/dm_joint_control/src/DM_USB_to_canfd/lib/libu2canfd.a(usb_class.cpp.o): Relocations in generic ELF (EM: 62)
[0.365s] /usr/bin/ld: /home/orangepi/dm_joint_control/src/DM_USB_to_canfd/lib/libu2canfd.a(usb_class.cpp.o): Relocations in generic ELF (EM: 62)
[0.366s] /usr/bin/ld: /home/orangepi/dm_joint_control/src/DM_USB_to_canfd/lib/libu2canfd.a(usb_class.cpp.o): Relocations in generic ELF (EM: 62)
[0.366s] /usr/bin/ld: /home/orangepi/dm_joint_control/src/DM_USB_to_canfd/lib/libu2canfd.a(usb_class.cpp.o): Relocations in generic ELF (EM: 62)
[0.366s] /usr/bin/ld: /home/orangepi/dm_joint_control/src/DM_USB_to_canfd/lib/libu2canfd.a(usb_class.cpp.o): Relocations in generic ELF (EM: 62)
[0.367s] /usr/bin/ld: /home/orangepi/dm_joint_control/src/DM_USB_to_canfd/lib/libu2canfd.a(usb_class.cpp.o): Relocations in generic ELF (EM: 62)
[0.367s] /usr/bin/ld: /home/orangepi/dm_joint_control/src/DM_USB_to_canfd/lib/libu2canfd.a(usb_class.cpp.o): Relocations in generic ELF (EM: 62)
[0.368s] /usr/bin/ld: /home/orangepi/dm_joint_control/src/DM_USB_to_canfd/lib/libu2canfd.a(usb_class.cpp.o): Relocations in generic ELF (EM: 62)
[0.368s] /usr/bin/ld: /home/orangepi/dm_joint_control/src/DM_USB_to_canfd/lib/libu2canfd.a(usb_class.cpp.o): Relocations in generic ELF (EM: 62)
[0.368s] /usr/bin/ld: /home/orangepi/dm_joint_control/src/DM_USB_to_canfd/lib/libu2canfd.a(usb_class.cpp.o): Relocations in generic ELF (EM: 62)
[0.369s] /usr/bin/ld: /home/orangepi/dm_joint_control/src/DM_USB_to_canfd/lib/libu2canfd.a(usb_class.cpp.o): Relocations in generic ELF (EM: 62)
[0.369s] /usr/bin/ld: /home/orangepi/dm_joint_control/src/DM_USB_to_canfd/lib/libu2canfd.a(usb_class.cpp.o): Relocations in generic ELF (EM: 62)
[0.369s] /usr/bin/ld: /home/orangepi/dm_joint_control/src/DM_USB_to_canfd/lib/libu2canfd.a(usb_class.cpp.o): Relocations in generic ELF (EM: 62)
[0.370s] /usr/bin/ld: /home/orangepi/dm_joint_control/src/DM_USB_to_canfd/lib/libu2canfd.a(usb_class.cpp.o): Relocations in generic ELF (EM: 62)
[0.370s] /usr/bin/ld: /home/orangepi/dm_joint_control/src/DM_USB_to_canfd/lib/libu2canfd.a(usb_class.cpp.o): Relocations in generic ELF (EM: 62)
[0.370s] /usr/bin/ld: /home/orangepi/dm_joint_control/src/DM_USB_to_canfd/lib/libu2canfd.a(usb_class.cpp.o): Relocations in generic ELF (EM: 62)
[0.371s] /usr/bin/ld: /home/orangepi/dm_joint_control/src/DM_USB_to_canfd/lib/libu2canfd.a(usb_class.cpp.o): Relocations in generic ELF (EM: 62)
[0.371s] /usr/bin/ld: /home/orangepi/dm_joint_control/src/DM_USB_to_canfd/lib/libu2canfd.a(usb_class.cpp.o): Relocations in generic ELF (EM: 62)
[0.372s] /usr/bin/ld: /home/orangepi/dm_joint_control/src/DM_USB_to_canfd/lib/libu2canfd.a(usb_class.cpp.o): Relocations in generic ELF (EM: 62)
[0.372s] /usr/bin/ld: /home/orangepi/dm_joint_control/src/DM_USB_to_canfd/lib/libu2canfd.a(usb_class.cpp.o): Relocations in generic ELF (EM: 62)
[0.373s] /usr/bin/ld: /home/orangepi/dm_joint_control/src/DM_USB_to_canfd/lib/libu2canfd.a(usb_class.cpp.o): Relocations in generic ELF (EM: 62)
[0.373s] /usr/bin/ld: /home/orangepi/dm_joint_control/src/DM_USB_to_canfd/lib/libu2canfd.a(usb_class.cpp.o): Relocations in generic ELF (EM: 62)
[0.374s] /usr/bin/ld: /home/orangepi/dm_joint_control/src/DM_USB_to_canfd/lib/libu2canfd.a(usb_class.cpp.o): Relocations in generic ELF (EM: 62)
[0.374s] /usr/bin/ld: /home/orangepi/dm_joint_control/src/DM_USB_to_canfd/lib/libu2canfd.a(usb_class.cpp.o): Relocations in generic ELF (EM: 62)
[0.375s] /usr/bin/ld: /home/orangepi/dm_joint_control/src/DM_USB_to_canfd/lib/libu2canfd.a(usb_class.cpp.o): Relocations in generic ELF (EM: 62)
[0.375s] /usr/bin/ld: /home/orangepi/dm_joint_control/src/DM_USB_to_canfd/lib/libu2canfd.a(usb_class.cpp.o): Relocations in generic ELF (EM: 62)
[0.375s] /usr/bin/ld: /home/orangepi/dm_joint_control/src/DM_USB_to_canfd/lib/libu2canfd.a(usb_class.cpp.o): Relocations in generic ELF (EM: 62)
[0.376s] /usr/bin/ld: /home/orangepi/dm_joint_control/src/DM_USB_to_canfd/lib/libu2canfd.a(usb_class.cpp.o): Relocations in generic ELF (EM: 62)
[0.376s] /usr/bin/ld: /home/orangepi/dm_joint_control/src/DM_USB_to_canfd/lib/libu2canfd.a(usb_class.cpp.o): Relocations in generic ELF (EM: 62)
[0.377s] /usr/bin/ld: /home/orangepi/dm_joint_control/src/DM_USB_to_canfd/lib/libu2canfd.a(usb_class.cpp.o): Relocations in generic ELF (EM: 62)
[0.377s] /usr/bin/ld: /home/orangepi/dm_joint_control/src/DM_USB_to_canfd/lib/libu2canfd.a(usb_class.cpp.o): Relocations in generic ELF (EM: 62)
[0.377s] /usr/bin/ld: /home/orangepi/dm_joint_control/src/DM_USB_to_canfd/lib/libu2canfd.a(usb_class.cpp.o): Relocations in generic ELF (EM: 62)
[0.377s] /usr/bin/ld: /home/orangepi/dm_joint_control/src/DM_USB_to_canfd/lib/libu2canfd.a(usb_class.cpp.o): Relocations in generic ELF (EM: 62)
[0.377s] /usr/bin/ld: /home/orangepi/dm_joint_control/src/DM_USB_to_canfd/lib/libu2canfd.a(usb_class.cpp.o): Relocations in generic ELF (EM: 62)
[0.377s] /usr/bin/ld: /home/orangepi/dm_joint_control/src/DM_USB_to_canfd/lib/libu2canfd.a(usb_class.cpp.o): Relocations in generic ELF (EM: 62)
[0.377s] /usr/bin/ld: /home/orangepi/dm_joint_control/src/DM_USB_to_canfd/lib/libu2canfd.a(usb_class.cpp.o): Relocations in generic ELF (EM: 62)
[0.377s] /usr/bin/ld: /home/orangepi/dm_joint_control/src/DM_USB_to_canfd/lib/libu2canfd.a(usb_class.cpp.o): Relocations in generic ELF (EM: 62)
[0.378s] /usr/bin/ld: /home/orangepi/dm_joint_control/src/DM_USB_to_canfd/lib/libu2canfd.a(usb_class.cpp.o): Relocations in generic ELF (EM: 62)
[0.378s] /usr/bin/ld: /home/orangepi/dm_joint_control/src/DM_USB_to_canfd/lib/libu2canfd.a(usb_class.cpp.o): Relocations in generic ELF (EM: 62)
[0.378s] /usr/bin/ld: /home/orangepi/dm_joint_control/src/DM_USB_to_canfd/lib/libu2canfd.a(usb_class.cpp.o): Relocations in generic ELF (EM: 62)
[0.378s] /usr/bin/ld: /home/orangepi/dm_joint_control/src/DM_USB_to_canfd/lib/libu2canfd.a(usb_class.cpp.o): Relocations in generic ELF (EM: 62)
[0.378s] /usr/bin/ld: /home/orangepi/dm_joint_control/src/DM_USB_to_canfd/lib/libu2canfd.a(usb_class.cpp.o): Relocations in generic ELF (EM: 62)
[0.378s] /usr/bin/ld: /home/orangepi/dm_joint_control/src/DM_USB_to_canfd/lib/libu2canfd.a(usb_class.cpp.o): Relocations in generic ELF (EM: 62)
[0.378s] /usr/bin/ld: /home/orangepi/dm_joint_control/src/DM_USB_to_canfd/lib/libu2canfd.a(usb_class.cpp.o): Relocations in generic ELF (EM: 62)
[0.378s] /usr/bin/ld: /home/orangepi/dm_joint_control/src/DM_USB_to_canfd/lib/libu2canfd.a(usb_class.cpp.o): Relocations in generic ELF (EM: 62)
[0.378s] /usr/bin/ld: /home/orangepi/dm_joint_control/src/DM_USB_to_canfd/lib/libu2canfd.a(usb_class.cpp.o): Relocations in generic ELF (EM: 62)
[0.378s] /usr/bin/ld: /home/orangepi/dm_joint_control/src/DM_USB_to_canfd/lib/libu2canfd.a(usb_class.cpp.o): Relocations in generic ELF (EM: 62)
[0.378s] /usr/bin/ld: /home/orangepi/dm_joint_control/src/DM_USB_to_canfd/lib/libu2canfd.a(usb_class.cpp.o): Relocations in generic ELF (EM: 62)
[0.378s] /usr/bin/ld: /home/orangepi/dm_joint_control/src/DM_USB_to_canfd/lib/libu2canfd.a(usb_class.cpp.o): Relocations in generic ELF (EM: 62)
[0.379s] /usr/bin/ld: /home/orangepi/dm_joint_control/src/DM_USB_to_canfd/lib/libu2canfd.a(usb_class.cpp.o): Relocations in generic ELF (EM: 62)
[0.379s] /usr/bin/ld: /home/orangepi/dm_joint_control/src/DM_USB_to_canfd/lib/libu2canfd.a(usb_class.cpp.o): Relocations in generic ELF (EM: 62)
[0.379s] /usr/bin/ld: /home/orangepi/dm_joint_control/src/DM_USB_to_canfd/lib/libu2canfd.a(usb_class.cpp.o): Relocations in generic ELF (EM: 62)
[0.379s] /usr/bin/ld: /home/orangepi/dm_joint_control/src/DM_USB_to_canfd/lib/libu2canfd.a(usb_class.cpp.o): Relocations in generic ELF (EM: 62)
[0.379s] /usr/bin/ld: /home/orangepi/dm_joint_control/src/DM_USB_to_canfd/lib/libu2canfd.a(usb_class.cpp.o): Relocations in generic ELF (EM: 62)
[0.379s] /usr/bin/ld: /home/orangepi/dm_joint_control/src/DM_USB_to_canfd/lib/libu2canfd.a(usb_class.cpp.o): Relocations in generic ELF (EM: 62)
[0.379s] /usr/bin/ld: /home/orangepi/dm_joint_control/src/DM_USB_to_canfd/lib/libu2canfd.a(usb_class.cpp.o): Relocations in generic ELF (EM: 62)
[0.379s] /usr/bin/ld: /home/orangepi/dm_joint_control/src/DM_USB_to_canfd/lib/libu2canfd.a(usb_class.cpp.o): Relocations in generic ELF (EM: 62)
[0.379s] /usr/bin/ld: /home/orangepi/dm_joint_control/src/DM_USB_to_canfd/lib/libu2canfd.a(usb_class.cpp.o): Relocations in generic ELF (EM: 62)
[0.379s] /usr/bin/ld: /home/orangepi/dm_joint_control/src/DM_USB_to_canfd/lib/libu2canfd.a(usb_class.cpp.o): Relocations in generic ELF (EM: 62)
[0.379s] /usr/bin/ld: /home/orangepi/dm_joint_control/src/DM_USB_to_canfd/lib/libu2canfd.a(usb_class.cpp.o): Relocations in generic ELF (EM: 62)
[0.379s] /usr/bin/ld: /home/orangepi/dm_joint_control/src/DM_USB_to_canfd/lib/libu2canfd.a(usb_class.cpp.o): Relocations in generic ELF (EM: 62)
[0.379s] /usr/bin/ld: /home/orangepi/dm_joint_control/src/DM_USB_to_canfd/lib/libu2canfd.a(usb_class.cpp.o): Relocations in generic ELF (EM: 62)
[0.380s] /usr/bin/ld: /home/orangepi/dm_joint_control/src/DM_USB_to_canfd/lib/libu2canfd.a(usb_class.cpp.o): Relocations in generic ELF (EM: 62)
[0.380s] /usr/bin/ld: /home/orangepi/dm_joint_control/src/DM_USB_to_canfd/lib/libu2canfd.a(usb_class.cpp.o): Relocations in generic ELF (EM: 62)
[0.380s] /usr/bin/ld: /home/orangepi/dm_joint_control/src/DM_USB_to_canfd/lib/libu2canfd.a(usb_class.cpp.o): Relocations in generic ELF (EM: 62)
[0.380s] /usr/bin/ld: /home/orangepi/dm_joint_control/src/DM_USB_to_canfd/lib/libu2canfd.a(usb_class.cpp.o): Relocations in generic ELF (EM: 62)
[0.380s] /usr/bin/ld: /home/orangepi/dm_joint_control/src/DM_USB_to_canfd/lib/libu2canfd.a(usb_class.cpp.o): Relocations in generic ELF (EM: 62)
[0.380s] /usr/bin/ld: /home/orangepi/dm_joint_control/src/DM_USB_to_canfd/lib/libu2canfd.a(usb_class.cpp.o): Relocations in generic ELF (EM: 62)
[0.380s] /usr/bin/ld: /home/orangepi/dm_joint_control/src/DM_USB_to_canfd/lib/libu2canfd.a(usb_class.cpp.o): Relocations in generic ELF (EM: 62)
[0.380s] /usr/bin/ld: /home/orangepi/dm_joint_control/src/DM_USB_to_canfd/lib/libu2canfd.a(usb_class.cpp.o): Relocations in generic ELF (EM: 62)
[0.380s] /usr/bin/ld: /home/orangepi/dm_joint_control/src/DM_USB_to_canfd/lib/libu2canfd.a(usb_class.cpp.o): Relocations in generic ELF (EM: 62)
[0.380s] /usr/bin/ld: /home/orangepi/dm_joint_control/src/DM_USB_to_canfd/lib/libu2canfd.a(usb_class.cpp.o): Relocations in generic ELF (EM: 62)
[0.380s] /usr/bin/ld: /home/orangepi/dm_joint_control/src/DM_USB_to_canfd/lib/libu2canfd.a(usb_class.cpp.o): Relocations in generic ELF (EM: 62)
[0.380s] /usr/bin/ld: /home/orangepi/dm_joint_control/src/DM_USB_to_canfd/lib/libu2canfd.a(usb_class.cpp.o): Relocations in generic ELF (EM: 62)
[0.381s] /usr/bin/ld: /home/orangepi/dm_joint_control/src/DM_USB_to_canfd/lib/libu2canfd.a(usb_class.cpp.o): Relocations in generic ELF (EM: 62)
[0.381s] /usr/bin/ld: /home/orangepi/dm_joint_control/src/DM_USB_to_canfd/lib/libu2canfd.a(usb_class.cpp.o): Relocations in generic ELF (EM: 62)
[0.381s] /usr/bin/ld: /home/orangepi/dm_joint_control/src/DM_USB_to_canfd/lib/libu2canfd.a(usb_class.cpp.o): Relocations in generic ELF (EM: 62)
[0.381s] /usr/bin/ld: /home/orangepi/dm_joint_control/src/DM_USB_to_canfd/lib/libu2canfd.a(usb_class.cpp.o): Relocations in generic ELF (EM: 62)
[0.381s] /usr/bin/ld: /home/orangepi/dm_joint_control/src/DM_USB_to_canfd/lib/libu2canfd.a(usb_class.cpp.o): Relocations in generic ELF (EM: 62)
[0.381s] /usr/bin/ld: /home/orangepi/dm_joint_control/src/DM_USB_to_canfd/lib/libu2canfd.a: error adding symbols: file in wrong format
[0.381s] collect2: error: ld returned 1 exit status
[0.381s] gmake[2]: *** [CMakeFiles/dm_main.dir/build.make:99: dm_main] Error 1
[0.382s] gmake[1]: *** [CMakeFiles/Makefile2:113: CMakeFiles/dm_main.dir/all] Error 2
[0.382s] gmake: *** [Makefile:91: all] Error 2
[0.382s] Invoked command in '/home/orangepi/dm_joint_control/build/dm_main' returned '2': /usr/bin/cmake --build /home/orangepi/dm_joint_control/build/dm_main -- -j8 -l8
